<?xml version="1.0"?>
<spawns>
<spawn centerx="64" centery="68" centerz="7" radius="12">
<monster name="Dragon" direction="2" spawntime="60" x="4" y="-11"/>
<monster name="Dragon" direction="2" spawntime="60" x="9" y="7"/>
<monster name="Dragon" direction="2" spawntime="60" x="-7" y="9"/>
<monster name="Dragon" direction="2" spawntime="60" x="-12" y="0"/>
<monster name="Dragon" direction="2" spawntime="60" x="-8" y="-8"/>
<monster name="Dragon" direction="2" spawntime="60" x="2" y="0"/>
</spawn>
<spawn centerx="122" centery="85" centerz="6" radius="5">
<monster name="Cyclops" direction="2" spawntime="15" x="-2" y="3"/>
</spawn>
<spawn centerx="116" centery="100" centerz="6" radius="5">
<monster name="Cyclops" direction="2" spawntime="10" x="0" y="0"/>
</spawn>
<spawn centerx="140" centery="162" centerz="5" radius="15">
<monster name="Orc Berserker" direction="2" spawntime="10" x="1" y="0"/>
<monster name="Orc Berserker" direction="2" spawntime="10" x="1" y="1"/>
<monster name="Orc Warrior" direction="2" spawntime="10" x="2" y="1"/>
</spawn>
<spawn centerx="124" centery="144" centerz="4" radius="15">
<monster name="Orc Berserker" direction="2" spawntime="10" x="1" y="0"/>
<monster name="Orc Leader" direction="2" spawntime="10" x="2" y="0"/>
<monster name="Orc Leader" direction="2" spawntime="10" x="3" y="1"/>
</spawn>
<spawn centerx="140" centery="143" centerz="4" radius="15">
<monster name="Orc Leader" direction="2" spawntime="30" x="2" y="0"/>
<monster name="Orc Leader" direction="2" spawntime="30" x="3" y="1"/>
<monster name="Orc Leader" direction="2" spawntime="60" x="0" y="1"/>
</spawn>
<spawn centerx="176" centery="85" centerz="8" radius="5">
<monster name="Demon" direction="2" spawntime="300" x="0" y="0"/>
<monster name="Fire Elemental" direction="2" spawntime="60" x="0" y="1"/>
<monster name="Fire Elemental" direction="2" spawntime="60" x="0" y="-2"/>
</spawn>
<spawn centerx="108" centery="94" centerz="6" radius="5">
<monster name="Cyclops" direction="2" spawntime="60" x="1" y="3"/>
<monster name="Cyclops" direction="2" spawntime="60" x="3" y="-3"/>
</spawn>
<spawn centerx="113" centery="87" centerz="6" radius="5">
<monster name="Cyclops" direction="2" spawntime="60" x="-3" y="-1"/>
<monster name="Cyclops" direction="2" spawntime="60" x="1" y="-1"/>
</spawn>
<spawn centerx="116" centery="80" centerz="7" radius="5">
<monster name="Valkyrie" direction="2" spawntime="60" x="0" y="5"/>
<monster name="Troll" direction="2" spawntime="60" x="-1" y="2"/>
<monster name="Troll" direction="2" spawntime="60" x="-2" y="0"/>
<monster name="Minotaur Guard" direction="2" spawntime="60" x="4" y="2"/>
</spawn>
<spawn centerx="207" centery="160" centerz="9" radius="10">
<monster name="Efreet" direction="2" spawntime="60" x="2" y="-6"/>
<monster name="Marid" direction="2" spawntime="60" x="-5" y="-3"/>
<monster name="Green Djinn" direction="2" spawntime="60" x="-5" y="1"/>
<monster name="Green Djinn" direction="2" spawntime="60" x="5" y="-2"/>
<monster name="Lich" direction="2" spawntime="60" x="6" y="3"/>
<monster name="Lich" direction="2" spawntime="60" x="-6" y="4"/>
<monster name="Bone Beast" direction="2" spawntime="60" x="-6" y="-6"/>
<monster name="Rahemos" direction="2" spawntime="60" x="0" y="2"/>
<monster name="Mahrdis" direction="2" spawntime="60" x="1" y="2"/>
<monster name="Bone Beast" direction="2" spawntime="60" x="7" y="-6"/>
<monster name="Elf Arcanist" direction="2" spawntime="60" x="-7" y="7"/>
<monster name="Ancient Scarab" direction="2" spawntime="60" x="-7" y="0"/>
<monster name="Ancient Scarab" direction="2" spawntime="60" x="8" y="0"/>
<monster name="Ancient Scarab" direction="2" spawntime="60" x="-4" y="-7"/>
<monster name="Cobra" direction="2" spawntime="60" x="-1" y="3"/>
<monster name="Cobra" direction="2" spawntime="60" x="0" y="-2"/>
<monster name="Cobra" direction="2" spawntime="60" x="-4" y="-3"/>
<monster name="Cobra" direction="2" spawntime="60" x="6" y="-4"/>
<monster name="Lich" direction="2" spawntime="60" x="5" y="4"/>
<monster name="Bone Beast" direction="2" spawntime="60" x="-1" y="-6"/>
<monster name="Green Djinn" direction="2" spawntime="60" x="2" y="1"/>
<monster name="Lich" direction="2" spawntime="60" x="-3" y="4"/>
<monster name="Cobra" direction="2" spawntime="60" x="-4" y="2"/>
<monster name="Hydra" direction="2" spawntime="60" x="-3" y="2"/>
<monster name="Hydra" direction="2" spawntime="60" x="4" y="2"/>
<monster name="Hydra" direction="2" spawntime="60" x="0" y="-3"/>
</spawn>
<spawn centerx="134" centery="127" centerz="8" radius="5">
<monster name="Dwarf Soldier" direction="2" spawntime="60" x="-3" y="1"/>
<monster name="Dwarf Soldier" direction="2" spawntime="60" x="-4" y="-2"/>
<monster name="Dwarf" direction="2" spawntime="60" x="2" y="-1"/>
</spawn>
<spawn centerx="142" centery="125" centerz="8" radius="5">
<monster name="Dwarf" direction="2" spawntime="60" x="-2" y="3"/>
<monster name="Dwarf" direction="2" spawntime="60" x="-2" y="-1"/>
<monster name="Dwarf" direction="2" spawntime="60" x="3" y="-2"/>
</spawn>
<spawn centerx="151" centery="125" centerz="8" radius="5">
<monster name="Dwarf" direction="2" spawntime="60" x="2" y="-1"/>
<monster name="Dwarf" direction="2" spawntime="60" x="-3" y="1"/>
<monster name="Dwarf" direction="2" spawntime="60" x="3" y="4"/>
<monster name="Dwarf" direction="2" spawntime="60" x="4" y="-2"/>
</spawn>
<spawn centerx="158" centery="132" centerz="8" radius="5">
<monster name="Dwarf" direction="2" spawntime="60" x="-2" y="3"/>
<monster name="Dwarf" direction="2" spawntime="60" x="3" y="0"/>
</spawn>
<spawn centerx="103" centery="115" centerz="9" radius="5">
<monster name="Dwarf Guard" direction="2" spawntime="60" x="4" y="1"/>
<monster name="Dwarf Guard" direction="2" spawntime="60" x="-1" y="-1"/>
</spawn>
<spawn centerx="111" centery="120" centerz="9" radius="5">
<monster name="Dwarf Guard" direction="2" spawntime="60" x="-4" y="-1"/>
<monster name="Dwarf Guard" direction="2" spawntime="60" x="-2" y="4"/>
<monster name="Dwarf Guard" direction="2" spawntime="60" x="2" y="0"/>
</spawn>
<spawn centerx="114" centery="125" centerz="9" radius="5">
<monster name="Dwarf Guard" direction="2" spawntime="60" x="4" y="-1"/>
<monster name="Dwarf Guard" direction="2" spawntime="60" x="-2" y="3"/>
<monster name="Dwarf Soldier" direction="2" spawntime="60" x="2" y="4"/>
</spawn>
<spawn centerx="120" centery="127" centerz="9" radius="5">
<monster name="Dwarf Soldier" direction="2" spawntime="60" x="5" y="0"/>
<monster name="Dwarf Soldier" direction="2" spawntime="60" x="0" y="-5"/>
</spawn>
<spawn centerx="238" centery="126" centerz="8" radius="10">
<monster name="Demodras" direction="2" spawntime="60" x="5" y="-2"/>
<monster name="Demodras" direction="2" spawntime="60" x="-1" y="-1"/>
</spawn>
<spawn centerx="237" centery="125" centerz="9" radius="10">
<monster name="Ghost" direction="2" spawntime="60" x="4" y="1"/>
<monster name="Ghost" direction="2" spawntime="60" x="3" y="0"/>
<monster name="Ghost" direction="2" spawntime="60" x="2" y="0"/>
<monster name="Vampire" direction="2" spawntime="60" x="-1" y="-1"/>
<monster name="Vampire" direction="2" spawntime="60" x="-2" y="1"/>
<monster name="Ghost" direction="2" spawntime="60" x="0" y="-1"/>
<monster name="Vampire" direction="2" spawntime="60" x="-2" y="0"/>
<monster name="Lich" direction="2" spawntime="60" x="-5" y="1"/>
<monster name="Lich" direction="2" spawntime="60" x="-4" y="0"/>
</spawn>
<spawn centerx="237" centery="125" centerz="10" radius="5">
<monster name="Skeleton" direction="2" spawntime="60" x="0" y="0"/>
<monster name="Demon Skeleton" direction="2" spawntime="60" x="1" y="-1"/>
<monster name="Demon Skeleton" direction="2" spawntime="60" x="2" y="-1"/>
<monster name="Skeleton" direction="2" spawntime="60" x="0" y="-1"/>
<monster name="Thalas" direction="2" spawntime="60" x="-2" y="-2"/>
<monster name="Rahemos" direction="2" spawntime="60" x="-3" y="-1"/>
<monster name="Demon Skeleton" direction="2" spawntime="60" x="0" y="1"/>
<monster name="Demon Skeleton" direction="2" spawntime="60" x="1" y="1"/>
</spawn>
<spawn centerx="81" centery="94" centerz="10" radius="10">
<monster name="Banshee" direction="2" spawntime="60" x="-7" y="1"/>
<monster name="Banshee" direction="2" spawntime="60" x="-8" y="0"/>
<monster name="Dwarf Guard" direction="2" spawntime="60" x="-7" y="5"/>
<monster name="Dwarf Guard" direction="2" spawntime="60" x="7" y="0"/>
<monster name="Dwarf Geomancer" direction="2" spawntime="60" x="-2" y="1"/>
<monster name="Dwarf Geomancer" direction="2" spawntime="60" x="-4" y="-1"/>
</spawn>
<spawn centerx="77" centery="123" centerz="10" radius="15">
<monster name="Dwarf Guard" direction="2" spawntime="60" x="-2" y="1"/>
<monster name="Dwarf Guard" direction="2" spawntime="60" x="-4" y="-5"/>
<monster name="Dwarf Guard" direction="2" spawntime="60" x="3" y="0"/>
<monster name="Dwarf Guard" direction="2" spawntime="60" x="10" y="0"/>
<monster name="Dwarf Guard" direction="2" spawntime="60" x="-3" y="-12"/>
</spawn>
<spawn centerx="111" centery="126" centerz="10" radius="15">
<monster name="Dwarf Guard" direction="2" spawntime="60" x="0" y="-13"/>
<monster name="Dwarf Guard" direction="2" spawntime="60" x="3" y="-8"/>
<monster name="Dwarf Guard" direction="2" spawntime="60" x="0" y="-6"/>
<monster name="Dwarf Guard" direction="2" spawntime="60" x="2" y="3"/>
<monster name="Dwarf Guard" direction="2" spawntime="60" x="-4" y="2"/>
<monster name="Dwarf Guard" direction="2" spawntime="60" x="-13" y="1"/>
</spawn>
<spawn centerx="109" centery="96" centerz="10" radius="15">
<monster name="Dwarf Guard" direction="2" spawntime="60" x="-9" y="-3"/>
<monster name="Dwarf Guard" direction="2" spawntime="60" x="-3" y="-1"/>
<monster name="Dwarf Guard" direction="2" spawntime="60" x="2" y="0"/>
<monster name="Dwarf Guard" direction="2" spawntime="60" x="2" y="7"/>
<monster name="Dwarf Guard" direction="2" spawntime="60" x="6" y="11"/>
<monster name="Dwarf Guard" direction="2" spawntime="60" x="-14" y="5"/>
</spawn>
<spawn centerx="94" centery="105" centerz="10" radius="15">
<monster name="Dwarf Guard" direction="2" spawntime="60" x="-15" y="0"/>
<monster name="Dwarf Guard" direction="2" spawntime="60" x="-8" y="0"/>
<monster name="Dwarf Guard" direction="2" spawntime="60" x="0" y="-11"/>
<monster name="Dwarf Guard" direction="2" spawntime="60" x="1" y="12"/>
</spawn>
<spawn centerx="130" centery="70" centerz="9" radius="6">
<monster name="Behemoth" direction="2" spawntime="60" x="-6" y="0"/>
<monster name="Behemoth" direction="2" spawntime="480" x="-4" y="1"/>
</spawn>
<spawn centerx="159" centery="67" centerz="9" radius="10">
<monster name="Vampire" direction="2" spawntime="60" x="-6" y="0"/>
<monster name="Vampire" direction="2" spawntime="60" x="-1" y="5"/>
<monster name="Vampire" direction="2" spawntime="60" x="4" y="5"/>
<monster name="Behemoth" direction="2" spawntime="280" x="4" y="6"/>
<monster name="Behemoth" direction="2" spawntime="220" x="-9" y="1"/>
</spawn>
<spawn centerx="213" centery="147" centerz="9" radius="5">
<monster name="Gargoyle" direction="2" spawntime="60" x="2" y="2"/>
<monster name="Gargoyle" direction="2" spawntime="60" x="2" y="0"/>
<monster name="Gargoyle" direction="2" spawntime="60" x="1" y="1"/>
<monster name="Hydra" direction="2" spawntime="60" x="-4" y="-3"/>
</spawn>
<spawn centerx="201" centery="133" centerz="6" radius="9">
<monster name="Smuggler" direction="2" spawntime="60" x="9" y="0"/>
<monster name="Smuggler" direction="2" spawntime="60" x="3" y="0"/>
<monster name="Smuggler" direction="2" spawntime="60" x="3" y="-5"/>
<monster name="Smuggler" direction="2" spawntime="60" x="4" y="-1"/>
<monster name="Demon Skeleton" direction="2" spawntime="60" x="-9" y="0"/>
</spawn>
<spawn centerx="219" centery="174" centerz="8" radius="8">
<monster name="Vampire" direction="2" spawntime="60" x="4" y="6"/>
<monster name="Vampire" direction="2" spawntime="60" x="2" y="4"/>
<monster name="Vampire" direction="2" spawntime="60" x="0" y="2"/>
<monster name="Necromancer" direction="2" spawntime="60" x="2" y="-6"/>
</spawn>
<spawn centerx="221" centery="187" centerz="8" radius="5">
<monster name="Vampire" direction="2" spawntime="60" x="3" y="-2"/>
<monster name="Vampire" direction="2" spawntime="60" x="-1" y="-2"/>
</spawn>
<spawn centerx="225" centery="195" centerz="8" radius="5">
<monster name="Lich" direction="2" spawntime="60" x="2" y="2"/>
<monster name="Marid" direction="2" spawntime="60" x="1" y="-2"/>
<monster name="Efreet" direction="2" spawntime="60" x="-1" y="1"/>
</spawn>
<spawn centerx="85" centery="116" centerz="8" radius="5">
<monster name="Necromancer" direction="2" spawntime="60" x="1" y="-2"/>
<monster name="Hero" direction="2" spawntime="60" x="1" y="2"/>
</spawn>
<spawn centerx="127" centery="78" centerz="6" radius="5">
<monster name="Cyclops" direction="2" spawntime="60" x="-3" y="-1"/>
</spawn>
<spawn centerx="133" centery="63" centerz="8" radius="7">
<monster name="Wild Warrior" direction="2" spawntime="60" x="-6" y="0"/>
<monster name="Wild Warrior" direction="2" spawntime="60" x="-1" y="-1"/>
<monster name="Wild Warrior" direction="2" spawntime="60" x="5" y="2"/>
<monster name="Wild Warrior" direction="2" spawntime="60" x="3" y="6"/>
<monster name="Wild Warrior" direction="2" spawntime="60" x="-1" y="4"/>
</spawn>
<spawn centerx="144" centery="69" centerz="8" radius="7">
<monster name="Rotworm" direction="2" spawntime="60" x="1" y="-1"/>
<monster name="Wild Warrior" direction="2" spawntime="60" x="-2" y="1"/>
<monster name="Wild Warrior" direction="2" spawntime="60" x="0" y="-4"/>
</spawn>
<spawn centerx="116" centery="74" centerz="8" radius="5">
<monster name="Minotaur Guard" direction="2" spawntime="60" x="-1" y="1"/>
<monster name="Wild Warrior" direction="2" spawntime="60" x="-2" y="0"/>
</spawn>
<spawn centerx="107" centery="75" centerz="8" radius="5">
<monster name="Minotaur Guard" direction="2" spawntime="60" x="-3" y="0"/>
<monster name="Wild Warrior" direction="2" spawntime="60" x="4" y="0"/>
</spawn>
<spawn centerx="104" centery="69" centerz="8" radius="5">
<monster name="Wild Warrior" direction="2" spawntime="60" x="3" y="-1"/>
</spawn>
<spawn centerx="113" centery="67" centerz="8" radius="5">
<monster name="Wild Warrior" direction="2" spawntime="60" x="-3" y="1"/>
<monster name="Wild Warrior" direction="2" spawntime="60" x="-4" y="0"/>
</spawn>
<spawn centerx="97" centery="74" centerz="8" radius="5">
<monster name="Minotaur Guard" direction="2" spawntime="60" x="0" y="-5"/>
<monster name="Wild Warrior" direction="2" spawntime="60" x="0" y="-2"/>
</spawn>
<spawn centerx="96" centery="62" centerz="8" radius="5">
<monster name="Rotworm" direction="2" spawntime="60" x="0" y="0"/>
<monster name="Minotaur Guard" direction="2" spawntime="60" x="0" y="-5"/>
<monster name="Minotaur Guard" direction="2" spawntime="60" x="2" y="1"/>
<monster name="Wild Warrior" direction="2" spawntime="60" x="1" y="4"/>
</spawn>
<spawn centerx="108" centery="62" centerz="8" radius="5">
<monster name="Wild Warrior" direction="2" spawntime="60" x="3" y="0"/>
</spawn>
<spawn centerx="112" centery="53" centerz="8" radius="5">
<monster name="Rotworm" direction="2" spawntime="60" x="1" y="2"/>
<monster name="Rotworm" direction="2" spawntime="60" x="-2" y="0"/>
<monster name="Wild Warrior" direction="2" spawntime="60" x="0" y="3"/>
</spawn>
<spawn centerx="101" centery="52" centerz="8" radius="5">
<monster name="Rotworm" direction="2" spawntime="60" x="4" y="0"/>
<monster name="Rotworm" direction="2" spawntime="60" x="-4" y="-3"/>
<monster name="Wild Warrior" direction="2" spawntime="60" x="-2" y="2"/>
<monster name="Wild Warrior" direction="2" spawntime="60" x="2" y="0"/>
<monster name="Wild Warrior" direction="2" spawntime="60" x="1" y="0"/>
</spawn>
<spawn centerx="97" centery="45" centerz="8" radius="5">
<monster name="Rotworm" direction="2" spawntime="60" x="-1" y="-2"/>
<monster name="Rotworm" direction="2" spawntime="60" x="3" y="-2"/>
<monster name="Wild Warrior" direction="2" spawntime="60" x="-1" y="3"/>
<monster name="Wild Warrior" direction="2" spawntime="60" x="2" y="-1"/>
<monster name="Wild Warrior" direction="2" spawntime="60" x="-2" y="-4"/>
</spawn>
<spawn centerx="95" centery="38" centerz="8" radius="5">
<monster name="Rotworm" direction="2" spawntime="60" x="1" y="-1"/>
<monster name="Wild Warrior" direction="2" spawntime="60" x="4" y="-1"/>
<monster name="Wild Warrior" direction="2" spawntime="60" x="2" y="-1"/>
</spawn>
<spawn centerx="103" centery="37" centerz="8" radius="5">
<monster name="Rotworm" direction="2" spawntime="60" x="-1" y="1"/>
<monster name="Rotworm" direction="2" spawntime="60" x="4" y="1"/>
<monster name="Wild Warrior" direction="2" spawntime="60" x="0" y="2"/>
<monster name="Wild Warrior" direction="2" spawntime="60" x="-2" y="4"/>
</spawn>
<spawn centerx="108" centery="45" centerz="8" radius="5">
<monster name="Rotworm" direction="2" spawntime="60" x="-1" y="2"/>
<monster name="Rotworm" direction="2" spawntime="60" x="0" y="-2"/>
<monster name="Wild Warrior" direction="2" spawntime="60" x="-1" y="3"/>
<monster name="Wild Warrior" direction="2" spawntime="60" x="0" y="-4"/>
<monster name="Wild Warrior" direction="2" spawntime="60" x="0" y="4"/>
</spawn>
<spawn centerx="68" centery="194" centerz="7" radius="5">
<monster name="Skeleton" direction="2" spawntime="60" x="-1" y="-1"/>
</spawn>
<spawn centerx="67" centery="203" centerz="7" radius="5">
<monster name="Rat" direction="2" spawntime="60" x="3" y="-1"/>
<monster name="Rat" direction="2" spawntime="60" x="0" y="-1"/>
<monster name="Rat" direction="2" spawntime="60" x="-2" y="1"/>
</spawn>
<spawn centerx="75" centery="200" centerz="7" radius="5">
<monster name="Rat" direction="2" spawntime="60" x="4" y="3"/>
</spawn>
<spawn centerx="76" centery="191" centerz="7" radius="5">
<monster name="Skeleton" direction="2" spawntime="60" x="-3" y="-1"/>
</spawn>
<spawn centerx="89" centery="194" centerz="7" radius="5">
<monster name="Wolf" direction="2" spawntime="60" x="2" y="0"/>
<monster name="Wolf" direction="2" spawntime="60" x="0" y="-1"/>
</spawn>
<spawn centerx="90" centery="200" centerz="7" radius="5">
<monster name="Wolf" direction="2" spawntime="60" x="2" y="1"/>
<monster name="Wolf" direction="2" spawntime="60" x="-2" y="-1"/>
<monster name="Rat" direction="2" spawntime="60" x="0" y="5"/>
</spawn>
<spawn centerx="90" centery="194" centerz="6" radius="5">
<monster name="Wolf" direction="2" spawntime="60" x="3" y="2"/>
<monster name="Wolf" direction="2" spawntime="60" x="-1" y="-2"/>
</spawn>
<spawn centerx="91" centery="202" centerz="6" radius="5">
<monster name="Wolf" direction="2" spawntime="60" x="-2" y="-2"/>
</spawn>
<spawn centerx="37" centery="54" centerz="8" radius="5">
<monster name="Demon Skeleton" direction="2" spawntime="60" x="0" y="0"/>
</spawn>
<spawn centerx="70" centery="211" centerz="7" radius="5">
<monster name="Rat" direction="2" spawntime="60" x="5" y="0"/>
</spawn>
<spawn centerx="86" centery="219" centerz="7" radius="5">
<monster name="Rat" direction="2" spawntime="60" x="1" y="-4"/>
</spawn>
<spawn centerx="82" centery="193" centerz="7" radius="5">
<monster name="Rabbit" direction="2" spawntime="60" x="2" y="2"/>
</spawn>
<spawn centerx="181" centery="101" centerz="6" radius="7">
<monster name="Assasin" direction="2" spawntime="60" x="-3" y="-2"/>
<monster name="Assasin" direction="2" spawntime="60" x="3" y="-2"/>
<monster name="Assasin" direction="2" spawntime="60" x="3" y="3"/>
<monster name="Assasin" direction="2" spawntime="60" x="-3" y="3"/>
<monster name="Assasin" direction="2" spawntime="60" x="0" y="1"/>
<monster name="Assasin" direction="2" spawntime="60" x="-2" y="0"/>
<monster name="Assasin" direction="2" spawntime="60" x="2" y="0"/>
<monster name="Necromancer" direction="2" spawntime="60" x="2" y="-1"/>
<monster name="Necromancer" direction="2" spawntime="60" x="-2" y="-1"/>
</spawn>
<spawn centerx="182" centery="102" centerz="5" radius="4">
<monster name="Ancient Scarab" direction="2" spawntime="60" x="3" y="-2"/>
<monster name="Ancient Scarab" direction="2" spawntime="60" x="-3" y="-2"/>
<monster name="Ancient Scarab" direction="2" spawntime="60" x="-2" y="3"/>
<monster name="Ancient Scarab" direction="2" spawntime="60" x="2" y="3"/>
<monster name="Orc Leader" direction="2" spawntime="60" x="2" y="-1"/>
<monster name="Orc Leader" direction="2" spawntime="60" x="-2" y="-1"/>
<monster name="Orc Warlord" direction="2" spawntime="60" x="2" y="1"/>
<monster name="Orc Warlord" direction="2" spawntime="60" x="-2" y="1"/>
</spawn>
<spawn centerx="124" centery="64" centerz="7" radius="5">
<monster name="Ghoul" direction="2" spawntime="60" x="0" y="5"/>
<monster name="Ghoul" direction="2" spawntime="60" x="4" y="2"/>
<monster name="Ghoul" direction="2" spawntime="60" x="-1" y="-2"/>
<monster name="Ghoul" direction="2" spawntime="60" x="5" y="0"/>
<monster name="Ghoul" direction="2" spawntime="60" x="-1" y="2"/>
<monster name="Skeleton" direction="2" spawntime="60" x="1" y="3"/>
</spawn>
<spawn centerx="119" centery="70" centerz="7" radius="5">
<monster name="Demon Skeleton" direction="2" spawntime="240" x="-1" y="1"/>
<monster name="Demon Skeleton" direction="2" spawntime="180" x="-5" y="0"/>
<monster name="Demon Skeleton" direction="2" spawntime="60" x="-1" y="-3"/>
</spawn>
<spawn centerx="104" centery="61" centerz="7" radius="5">
<monster name="Demon Skeleton" direction="2" spawntime="140" x="-2" y="4"/>
<monster name="Demon Skeleton" direction="2" spawntime="60" x="0" y="-2"/>
<monster name="Demon Skeleton" direction="2" spawntime="200" x="4" y="3"/>
<monster name="Skeleton" direction="2" spawntime="60" x="2" y="4"/>
</spawn>
<spawn centerx="108" centery="99" centerz="7" radius="5">
<monster name="Beholder" direction="2" spawntime="60" x="0" y="-2"/>
<monster name="Skeleton" direction="2" spawntime="60" x="2" y="-2"/>
<monster name="Skeleton" direction="2" spawntime="60" x="3" y="-2"/>
<monster name="Necromancer" direction="2" spawntime="60" x="-1" y="0"/>
</spawn>
<spawn centerx="116" centery="89" centerz="7" radius="5">
<monster name="Demon Skeleton" direction="2" spawntime="60" x="3" y="-1"/>
<monster name="Demon Skeleton" direction="2" spawntime="60" x="-3" y="1"/>
<monster name="Demon Skeleton" direction="2" spawntime="60" x="0" y="4"/>
<monster name="Skeleton" direction="2" spawntime="60" x="-4" y="-2"/>
<monster name="Demon Skeleton" direction="2" spawntime="60" x="-2" y="-4"/>
</spawn>
<spawn centerx="122" centery="86" centerz="7" radius="5">
<monster name="Demon Skeleton" direction="2" spawntime="60" x="0" y="-5"/>
<monster name="Demon Skeleton" direction="2" spawntime="60" x="0" y="4"/>
</spawn>
<spawn centerx="104" centery="77" centerz="7" radius="5">
<monster name="Skeleton" direction="2" spawntime="60" x="1" y="3"/>
<monster name="Minotaur Guard" direction="2" spawntime="60" x="1" y="-1"/>
<monster name="Minotaur Guard" direction="2" spawntime="60" x="-2" y="2"/>
<monster name="Demon Skeleton" direction="2" spawntime="60" x="1" y="1"/>
<monster name="Demon Skeleton" direction="2" spawntime="60" x="-2" y="-1"/>
<monster name="Demon Skeleton" direction="2" spawntime="60" x="1" y="-3"/>
<monster name="Demon Skeleton" direction="2" spawntime="60" x="0" y="5"/>
</spawn>
<spawn centerx="87" centery="79" centerz="8" radius="5">
<monster name="Dragon Lord" direction="2" spawntime="60" x="1" y="1"/>
<monster name="Dragon Lord" direction="2" spawntime="60" x="2" y="-1"/>
<monster name="Dragon Lord" direction="2" spawntime="60" x="-1" y="-1"/>
<monster name="Dragon Lord" direction="2" spawntime="60" x="0" y="-5"/>
</spawn>
<spawn centerx="81" centery="80" centerz="8" radius="5">
<monster name="Dragon Lord" direction="2" spawntime="60" x="0" y="-5"/>
<monster name="Dragon" direction="2" spawntime="60" x="-5" y="0"/>
</spawn>
<spawn centerx="60" centery="78" centerz="8" radius="5">
<monster name="Dragon" direction="2" spawntime="60" x="4" y="3"/>
<monster name="Dragon" direction="2" spawntime="60" x="-4" y="-2"/>
</spawn>
<spawn centerx="60" centery="63" centerz="8" radius="5">
<monster name="Dragon" direction="2" spawntime="180" x="0" y="5"/>
<monster name="Dragon" direction="2" spawntime="120" x="3" y="-4"/>
</spawn>
<spawn centerx="83" centery="63" centerz="8" radius="5">
<monster name="Dragon" direction="2" spawntime="60" x="0" y="-4"/>
<monster name="Dragon" direction="2" spawntime="60" x="5" y="0"/>
<monster name="Dragon" direction="2" spawntime="240" x="-5" y="0"/>
</spawn>
<spawn centerx="65" centery="68" centerz="8" radius="5">
<monster name="Dragon" direction="2" spawntime="140" x="0" y="5"/>
<monster name="Dragon" direction="2" spawntime="60" x="1" y="-4"/>
<monster name="Dragon" direction="2" spawntime="120" x="5" y="0"/>
</spawn>
<spawn centerx="79" centery="71" centerz="8" radius="5">
<monster name="Dragon" direction="2" spawntime="60" x="1" y="-1"/>
<monster name="Dragon" direction="2" spawntime="60" x="5" y="0"/>
</spawn>
<spawn centerx="110" centery="97" centerz="5" radius="5">
<monster name="Hydra" direction="2" spawntime="40" x="-1" y="4"/>
<monster name="Hydra" direction="2" spawntime="280" x="1" y="0"/>
<monster name="Hydra" direction="2" spawntime="280" x="3" y="-3"/>
</spawn>
<spawn centerx="110" centery="87" centerz="5" radius="5">
<monster name="Hydra" direction="2" spawntime="340" x="0" y="-1"/>
</spawn>
<spawn centerx="207" centery="208" centerz="8" radius="5">
<monster name="Black Knight" direction="2" spawntime="220" x="0" y="2"/>
<monster name="Vampire" direction="2" spawntime="60" x="0" y="-5"/>
<monster name="Necropharus" direction="2" spawntime="60" x="-2" y="-2"/>
</spawn>
<spawn centerx="215" centery="195" centerz="8" radius="5">
<monster name="Vampire" direction="2" spawntime="60" x="2" y="0"/>
<monster name="Vampire" direction="2" spawntime="60" x="1" y="-3"/>
<monster name="Necropharus" direction="2" spawntime="60" x="-3" y="3"/>
</spawn>
<spawn centerx="221" centery="174" centerz="7" radius="5">
<monster name="Scarab" direction="2" spawntime="60" x="0" y="5"/>
<monster name="Scarab" direction="2" spawntime="60" x="5" y="0"/>
<monster name="Scarab" direction="2" spawntime="60" x="-1" y="-1"/>
<monster name="Scarab" direction="2" spawntime="60" x="0" y="-5"/>
<monster name="Scarab" direction="2" spawntime="60" x="-4" y="-3"/>
<monster name="Scarab" direction="2" spawntime="60" x="4" y="3"/>
</spawn>
<spawn centerx="198" centery="131" centerz="7" radius="5">
<monster name="Scarab" direction="2" spawntime="60" x="-3" y="3"/>
<monster name="Scarab" direction="2" spawntime="60" x="5" y="0"/>
<monster name="Scarab" direction="2" spawntime="60" x="2" y="-2"/>
<monster name="Scarab" direction="2" spawntime="60" x="-2" y="-3"/>
<monster name="Scarab" direction="2" spawntime="60" x="1" y="2"/>
</spawn>
<spawn centerx="208" centery="138" centerz="7" radius="5">
<monster name="Scarab" direction="2" spawntime="60" x="-1" y="4"/>
<monster name="Scarab" direction="2" spawntime="60" x="3" y="-1"/>
<monster name="Scarab" direction="2" spawntime="60" x="2" y="-3"/>
<monster name="Scarab" direction="2" spawntime="60" x="-2" y="-1"/>
</spawn>
<spawn centerx="191" centery="143" centerz="7" radius="5">
<monster name="Scarab" direction="2" spawntime="60" x="0" y="-1"/>
<monster name="Scarab" direction="2" spawntime="60" x="5" y="0"/>
<monster name="Scarab" direction="2" spawntime="60" x="2" y="-4"/>
</spawn>
<spawn centerx="191" centery="142" centerz="6" radius="5">
<monster name="Demon Skeleton" direction="2" spawntime="60" x="-3" y="4"/>
</spawn>
<spawn centerx="209" centery="139" centerz="5" radius="5">
<monster name="Dragon" direction="2" spawntime="180" x="0" y="5"/>
</spawn>
<spawn centerx="195" centery="141" centerz="5" radius="5">
<monster name="Dragon" direction="2" spawntime="180" x="0" y="5"/>
</spawn>
<spawn centerx="188" centery="126" centerz="8" radius="5">
<monster name="Ancient Scarab" direction="2" spawntime="400" x="-3" y="-3"/>
<monster name="Ancient Scarab" direction="2" spawntime="160" x="3" y="4"/>
<monster name="Ancient Scarab" direction="2" spawntime="200" x="1" y="2"/>
<monster name="Scarab" direction="2" spawntime="60" x="3" y="2"/>
</spawn>
<spawn centerx="205" centery="136" centerz="8" radius="5">
<monster name="Ancient Scarab" direction="2" spawntime="160" x="2" y="0"/>
<monster name="Scarab" direction="2" spawntime="60" x="-3" y="3"/>
</spawn>
<spawn centerx="172" centery="142" centerz="8" radius="5">
<monster name="Ancient Scarab" direction="2" spawntime="60" x="-2" y="-3"/>
<monster name="Scarab" direction="2" spawntime="60" x="2" y="2"/>
</spawn>
<spawn centerx="191" centery="149" centerz="8" radius="5">
<monster name="Ancient Scarab" direction="2" spawntime="60" x="0" y="5"/>
<monster name="Ancient Scarab" direction="2" spawntime="240" x="0" y="-2"/>
<monster name="Scarab" direction="2" spawntime="60" x="-2" y="2"/>
</spawn>
<spawn centerx="162" centery="158" centerz="8" radius="5">
<monster name="Ancient Scarab" direction="2" spawntime="60" x="-2" y="0"/>
</spawn>
<spawn centerx="150" centery="159" centerz="8" radius="5">
<monster name="Ancient Scarab" direction="2" spawntime="60" x="3" y="0"/>
</spawn>
<spawn centerx="179" centery="156" centerz="8" radius="5">
<monster name="Scarab" direction="2" spawntime="60" x="-1" y="3"/>
<monster name="Scarab" direction="2" spawntime="60" x="4" y="-2"/>
<monster name="Scarab" direction="2" spawntime="60" x="-3" y="-3"/>
</spawn>
<spawn centerx="161" centery="156" centerz="9" radius="5">
<monster name="Warlock" direction="2" spawntime="60" x="3" y="4"/>
<monster name="Warlock" direction="2" spawntime="60" x="3" y="-4"/>
<monster name="Elder Beholder" direction="2" spawntime="60" x="0" y="5"/>
<monster name="Elder Beholder" direction="2" spawntime="60" x="-5" y="0"/>
<monster name="Necropharus" direction="2" spawntime="60" x="-3" y="-4"/>
</spawn>
<spawn centerx="176" centery="66" centerz="7" radius="9">
<monster name="Bat" direction="2" spawntime="60" x="-4" y="-1"/>
<monster name="Bat" direction="2" spawntime="60" x="0" y="-2"/>
<monster name="Bat" direction="2" spawntime="60" x="-1" y="-2"/>
<monster name="Bat" direction="2" spawntime="60" x="-2" y="-2"/>
<monster name="Bat" direction="2" spawntime="60" x="-2" y="-1"/>
<monster name="Bat" direction="2" spawntime="60" x="-2" y="0"/>
<monster name="Bat" direction="2" spawntime="60" x="0" y="-1"/>
<monster name="Bat" direction="2" spawntime="60" x="4" y="-3"/>
<monster name="Bat" direction="2" spawntime="60" x="3" y="-3"/>
<monster name="Bat" direction="2" spawntime="60" x="2" y="-3"/>
<monster name="Bat" direction="2" spawntime="60" x="4" y="0"/>
<monster name="Bat" direction="2" spawntime="60" x="4" y="-1"/>
<monster name="Bat" direction="2" spawntime="60" x="2" y="-1"/>
<monster name="Bat" direction="2" spawntime="60" x="2" y="0"/>
<monster name="Bat" direction="2" spawntime="60" x="6" y="-3"/>
<monster name="Bat" direction="2" spawntime="60" x="6" y="-2"/>
<monster name="Bat" direction="2" spawntime="60" x="6" y="-1"/>
<monster name="Bat" direction="2" spawntime="60" x="6" y="0"/>
<monster name="Bat" direction="2" spawntime="60" x="4" y="4"/>
<monster name="Bat" direction="2" spawntime="60" x="3" y="4"/>
<monster name="Bat" direction="2" spawntime="60" x="3" y="6"/>
<monster name="Bat" direction="2" spawntime="60" x="4" y="6"/>
<monster name="Bat" direction="2" spawntime="60" x="6" y="6"/>
<monster name="Bat" direction="2" spawntime="60" x="6" y="5"/>
<monster name="Bat" direction="2" spawntime="60" x="6" y="4"/>
<monster name="Bat" direction="2" spawntime="60" x="1" y="6"/>
<monster name="Bat" direction="2" spawntime="60" x="1" y="5"/>
<monster name="Bat" direction="2" spawntime="60" x="1" y="4"/>
<monster name="Bat" direction="2" spawntime="60" x="0" y="4"/>
<monster name="Bat" direction="2" spawntime="60" x="-1" y="4"/>
<monster name="Bat" direction="2" spawntime="60" x="-1" y="5"/>
<monster name="Bat" direction="2" spawntime="60" x="-1" y="6"/>
<monster name="Bat" direction="2" spawntime="60" x="-3" y="5"/>
<monster name="Bat" direction="2" spawntime="60" x="0" y="0"/>
</spawn>
<spawn centerx="121" centery="70" centerz="6" radius="5">
<monster name="Dragon" direction="2" spawntime="60" x="5" y="0"/>
<monster name="Dragon" direction="2" spawntime="360" x="-5" y="0"/>
</spawn>
<spawn centerx="109" centery="64" centerz="6" radius="5">
<monster name="Demon Skeleton" direction="2" spawntime="60" x="-2" y="0"/>
</spawn>
<spawn centerx="129" centery="97" centerz="8" radius="5">
<monster name="Giant Spider" direction="2" spawntime="60" x="0" y="5"/>
<monster name="Giant Spider" direction="2" spawntime="60" x="-5" y="0"/>
</spawn>
<spawn centerx="152" centery="100" centerz="8" radius="5">
<monster name="Giant Spider" direction="2" spawntime="140" x="2" y="-1"/>
</spawn>
<spawn centerx="141" centery="102" centerz="8" radius="5">
<monster name="Giant Spider" direction="2" spawntime="60" x="0" y="-5"/>
<monster name="Giant Spider" direction="2" spawntime="60" x="0" y="0"/>
</spawn>
<spawn centerx="147" centery="135" centerz="9" radius="5">
<monster name="Giant Spider" direction="2" spawntime="60" x="1" y="2"/>
<monster name="Giant Spider" direction="2" spawntime="60" x="-5" y="0"/>
<monster name="Black Knight" direction="2" spawntime="300" x="0" y="-5"/>
</spawn>
<spawn centerx="150" centery="115" centerz="9" radius="7">
<monster name="Giant Spider" direction="2" spawntime="60" x="0" y="-4"/>
<monster name="Giant Spider" direction="2" spawntime="240" x="3" y="4"/>
<monster name="Giant Spider" direction="2" spawntime="300" x="-3" y="6"/>
</spawn>
<spawn centerx="144" centery="149" centerz="7" radius="5">
<monster name="Giant Spider" direction="2" spawntime="120" x="0" y="-1"/>
<monster name="Deer" direction="2" spawntime="60" x="-3" y="-3"/>
</spawn>
<spawn centerx="121" centery="141" centerz="7" radius="5">
<monster name="Giant Spider" direction="2" spawntime="60" x="-3" y="-4"/>
<monster name="Deer" direction="2" spawntime="60" x="1" y="3"/>
</spawn>
<spawn centerx="127" centery="158" centerz="7" radius="5">
<monster name="Giant Spider" direction="2" spawntime="160" x="0" y="5"/>
<monster name="Deer" direction="2" spawntime="60" x="2" y="-1"/>
<monster name="Deer" direction="2" spawntime="60" x="1" y="-1"/>
</spawn>
<spawn centerx="147" centery="167" centerz="7" radius="5">
<monster name="Giant Spider" direction="2" spawntime="60" x="1" y="-1"/>
<monster name="Deer" direction="2" spawntime="60" x="-3" y="-3"/>
</spawn>
<spawn centerx="129" centery="148" centerz="7" radius="5">
<monster name="Giant Spider" direction="2" spawntime="240" x="1" y="3"/>
<monster name="Deer" direction="2" spawntime="60" x="2" y="-3"/>
</spawn>
<spawn centerx="188" centery="106" centerz="7" radius="5">
<monster name="Skeleton" direction="2" spawntime="60" x="0" y="4"/>
<monster name="Skeleton" direction="2" spawntime="60" x="3" y="-1"/>
<monster name="Skeleton" direction="2" spawntime="60" x="-1" y="-2"/>
<monster name="Spider" direction="2" spawntime="60" x="-3" y="1"/>
</spawn>
<spawn centerx="192" centery="28" centerz="7" radius="5">
<monster name="Poison Spider" direction="2" spawntime="60" x="1" y="2"/>
<monster name="Poison Spider" direction="2" spawntime="60" x="3" y="-1"/>
<monster name="Poison Spider" direction="2" spawntime="60" x="-3" y="1"/>
</spawn>
<spawn centerx="111" centery="147" centerz="9" radius="9">
<monster name="Hero" direction="2" spawntime="320" x="0" y="5"/>
<monster name="Hero" direction="2" spawntime="320" x="5" y="0"/>
<monster name="Hero" direction="2" spawntime="300" x="-9" y="0"/>
</spawn>
<spawn centerx="94" centery="161" centerz="9" radius="12">
<monster name="Hero" direction="2" spawntime="60" x="-5" y="0"/>
<monster name="Hero" direction="2" spawntime="320" x="12" y="0"/>
</spawn>
<spawn centerx="127" centery="164" centerz="9" radius="5">
<monster name="Hero" direction="2" spawntime="340" x="2" y="1"/>
</spawn>
<spawn centerx="113" centery="128" centerz="8" radius="5">
<monster name="Hydra" direction="2" spawntime="240" x="-5" y="0"/>
<monster name="Hero" direction="2" spawntime="420" x="2" y="1"/>
<monster name="Warlock" direction="2" spawntime="60" x="0" y="5"/>
<monster name="Warlock" direction="2" spawntime="60" x="-1" y="4"/>
<monster name="Warlock" direction="2" spawntime="60" x="1" y="4"/>
</spawn>
<spawn centerx="114" centery="118" centerz="8" radius="5">
<monster name="Hero" direction="2" spawntime="180" x="4" y="0"/>
</spawn>
<spawn centerx="98" centery="127" centerz="8" radius="5">
<monster name="Hero" direction="2" spawntime="340" x="-1" y="1"/>
</spawn>
<spawn centerx="99" centery="130" centerz="7" radius="5">
<monster name="Dragon Lord" direction="2" spawntime="360" x="1" y="-1"/>
</spawn>
<spawn centerx="101" centery="130" centerz="6" radius="5">
<monster name="Dragon Lord" direction="2" spawntime="140" x="-1" y="-1"/>
<monster name="Dragon Lord" direction="2" spawntime="260" x="-2" y="1"/>
</spawn>
<spawn centerx="214" centery="72" centerz="9" radius="5">
<monster name="Demon" direction="2" spawntime="240" x="-1" y="2"/>
<monster name="Fire Elemental" direction="2" spawntime="60" x="-2" y="3"/>
<monster name="Fire Elemental" direction="2" spawntime="60" x="-4" y="1"/>
</spawn>
<spawn centerx="216" centery="74" centerz="8" radius="5">
<monster name="Fire Elemental" direction="2" spawntime="60" x="-2" y="3"/>
<monster name="Fire Elemental" direction="2" spawntime="60" x="-1" y="-3"/>
<monster name="Fire Elemental" direction="2" spawntime="60" x="2" y="2"/>
</spawn>
<spawn centerx="189" centery="73" centerz="8" radius="5">
<monster name="Hero" direction="2" spawntime="180" x="5" y="0"/>
</spawn>
<spawn centerx="162" centery="90" centerz="8" radius="5">
<monster name="Warlock" direction="2" spawntime="160" x="-2" y="-1"/>
</spawn>
<spawn centerx="145" centery="82" centerz="8" radius="5">
<monster name="Warlock" direction="2" spawntime="260" x="-2" y="-2"/>
</spawn>
<spawn centerx="160" centery="68" centerz="8" radius="5">
<monster name="Warlock" direction="2" spawntime="260" x="-2" y="0"/>
</spawn>
<spawn centerx="145" centery="96" centerz="9" radius="5">
<monster name="Behemoth" direction="2" spawntime="60" x="-2" y="2"/>
</spawn>
<spawn centerx="140" centery="80" centerz="9" radius="5">
<monster name="Behemoth" direction="2" spawntime="220" x="-2" y="1"/>
</spawn>
<spawn centerx="162" centery="80" centerz="9" radius="5">
<monster name="Dark Monk" direction="2" spawntime="60" x="-5" y="0"/>
<monster name="Fernfang" direction="2" spawntime="420" x="-2" y="4"/>
</spawn>
<spawn centerx="174" centery="69" centerz="9" radius="5">
<monster name="Hero" direction="2" spawntime="60" x="3" y="1"/>
</spawn>
<spawn centerx="175" centery="112" centerz="9" radius="5">
<monster name="Fire Elemental" direction="2" spawntime="60" x="1" y="4"/>
<monster name="Fire Elemental" direction="2" spawntime="60" x="0" y="-4"/>
</spawn>
<spawn centerx="176" centery="97" centerz="9" radius="5">
<monster name="Fire Elemental" direction="2" spawntime="60" x="0" y="5"/>
<monster name="Fire Elemental" direction="2" spawntime="60" x="-1" y="1"/>
<monster name="Fire Elemental" direction="2" spawntime="60" x="1" y="-3"/>
<monster name="Fire Elemental" direction="2" spawntime="60" x="0" y="-4"/>
</spawn>
<spawn centerx="178" centery="81" centerz="9" radius="5">
<monster name="Fire Elemental" direction="2" spawntime="60" x="-3" y="3"/>
<monster name="Fire Elemental" direction="2" spawntime="60" x="1" y="-1"/>
<monster name="Fire Elemental" direction="2" spawntime="60" x="0" y="-3"/>
</spawn>
<spawn centerx="179" centery="100" centerz="7" radius="5">
<monster name="Necromancer" direction="2" spawntime="60" x="3" y="-1"/>
<monster name="Necromancer" direction="2" spawntime="60" x="-1" y="1"/>
</spawn>
<spawn centerx="212" centery="96" centerz="8" radius="5">
<monster name="Orc Berserker" direction="2" spawntime="60" x="5" y="0"/>
<monster name="Orc Berserker" direction="2" spawntime="60" x="4" y="0"/>
<monster name="Orc Berserker" direction="2" spawntime="60" x="-5" y="0"/>
<monster name="Orc Berserker" direction="2" spawntime="60" x="0" y="-5"/>
<monster name="Orc Leader" direction="2" spawntime="60" x="0" y="5"/>
<monster name="Orc Rider" direction="2" spawntime="60" x="3" y="-4"/>
<monster name="Orc Rider" direction="2" spawntime="60" x="-3" y="-4"/>
</spawn>
<spawn centerx="218" centery="112" centerz="8" radius="5">
<monster name="Orc Warlord" direction="2" spawntime="60" x="0" y="-5"/>
<monster name="Orc Warlord" direction="2" spawntime="60" x="-5" y="0"/>
<monster name="Orc Warlord" direction="2" spawntime="60" x="-4" y="0"/>
<monster name="Orc Leader" direction="2" spawntime="60" x="5" y="0"/>
<monster name="Orc Leader" direction="2" spawntime="60" x="2" y="1"/>
<monster name="Orc Leader" direction="2" spawntime="60" x="-1" y="0"/>
</spawn>
<spawn centerx="235" centery="113" centerz="8" radius="5">
<monster name="Orc Leader" direction="2" spawntime="60" x="5" y="0"/>
<monster name="Orc Leader" direction="2" spawntime="60" x="1" y="-1"/>
<monster name="Orc Shaman" direction="2" spawntime="60" x="-3" y="-1"/>
<monster name="Orc Shaman" direction="2" spawntime="60" x="-1" y="1"/>
</spawn>
<spawn centerx="229" centery="106" centerz="8" radius="5">
<monster name="Orc Rider" direction="2" spawntime="60" x="1" y="0"/>
</spawn>
<spawn centerx="248" centery="108" centerz="8" radius="5">
<monster name="Orc Warlord" direction="2" spawntime="60" x="-3" y="4"/>
<monster name="Orc Warlord" direction="2" spawntime="60" x="-2" y="4"/>
<monster name="Orc Warlord" direction="2" spawntime="60" x="-1" y="4"/>
<monster name="Orc Warlord" direction="2" spawntime="60" x="0" y="4"/>
<monster name="Orc Warlord" direction="2" spawntime="60" x="1" y="4"/>
<monster name="Orc Leader" direction="2" spawntime="60" x="1" y="3"/>
<monster name="Orc Leader" direction="2" spawntime="60" x="0" y="3"/>
<monster name="Orc Leader" direction="2" spawntime="60" x="-1" y="3"/>
<monster name="Orc Berserker" direction="2" spawntime="60" x="1" y="2"/>
<monster name="Orc Berserker" direction="2" spawntime="60" x="0" y="2"/>
<monster name="Orc Berserker" direction="2" spawntime="60" x="-1" y="2"/>
<monster name="Orc" direction="2" spawntime="60" x="1" y="1"/>
<monster name="Orc" direction="2" spawntime="60" x="0" y="1"/>
<monster name="Orc" direction="2" spawntime="60" x="-1" y="1"/>
<monster name="Orc Spearman" direction="2" spawntime="60" x="1" y="0"/>
<monster name="Orc Spearman" direction="2" spawntime="60" x="-1" y="0"/>
<monster name="Orc Warrior" direction="2" spawntime="60" x="0" y="-1"/>
</spawn>
<spawn centerx="247" centery="103" centerz="9" radius="5">
<monster name="Banshee" direction="2" spawntime="340" x="5" y="0"/>
<monster name="Banshee" direction="2" spawntime="60" x="-5" y="0"/>
</spawn>
<spawn centerx="231" centery="96" centerz="9" radius="5">
<monster name="Banshee" direction="2" spawntime="340" x="0" y="5"/>
<monster name="Black Knight" direction="2" spawntime="440" x="0" y="-2"/>
</spawn>
<spawn centerx="235" centery="83" centerz="9" radius="5">
<monster name="Black Knight" direction="2" spawntime="60" x="2" y="1"/>
<monster name="Black Knight" direction="2" spawntime="440" x="-4" y="3"/>
</spawn>
<spawn centerx="253" centery="76" centerz="9" radius="5">
<monster name="Black Knight" direction="2" spawntime="60" x="-5" y="0"/>
<monster name="Banshee" direction="2" spawntime="999" x="4" y="0"/>
</spawn>
<spawn centerx="331" centery="51" centerz="9" radius="5">
<monster name="Demon" direction="2" spawntime="60" x="-5" y="0"/>
<monster name="Fire Elemental" direction="2" spawntime="60" x="2" y="4"/>
<monster name="Fire Elemental" direction="2" spawntime="60" x="3" y="-1"/>
<monster name="Fire Elemental" direction="2" spawntime="60" x="0" y="-3"/>
<monster name="Fire Elemental" direction="2" spawntime="60" x="-3" y="1"/>
<monster name="Fire Elemental" direction="2" spawntime="60" x="-3" y="-2"/>
<monster name="Demon" direction="2" spawntime="60" x="4" y="-3"/>
<monster name="Demon" direction="2" spawntime="60" x="-3" y="4"/>
<monster name="Demon" direction="2" spawntime="60" x="4" y="2"/>
</spawn>
<spawn centerx="316" centery="52" centerz="9" radius="5">
<monster name="Demon" direction="2" spawntime="60" x="0" y="1"/>
<monster name="Fire Elemental" direction="2" spawntime="60" x="1" y="-2"/>
<monster name="Fire Elemental" direction="2" spawntime="60" x="-3" y="0"/>
<monster name="Fire Elemental" direction="2" spawntime="60" x="3" y="0"/>
</spawn>
<spawn centerx="286" centery="57" centerz="10" radius="5">
<monster name="Fire Elemental" direction="2" spawntime="60" x="0" y="4"/>
<monster name="Fire Elemental" direction="2" spawntime="60" x="2" y="3"/>
<monster name="Demon" direction="2" spawntime="60" x="-5" y="0"/>
<monster name="Demon" direction="2" spawntime="60" x="0" y="2"/>
</spawn>
<spawn centerx="271" centery="56" centerz="9" radius="5">
<monster name="Demon" direction="2" spawntime="60" x="4" y="0"/>
<monster name="Fire Elemental" direction="2" spawntime="60" x="-4" y="0"/>
</spawn>
<spawn centerx="261" centery="69" centerz="9" radius="5">
<monster name="Fire Elemental" direction="2" spawntime="60" x="1" y="2"/>
<monster name="Fire Elemental" direction="2" spawntime="60" x="1" y="1"/>
<monster name="Fire Elemental" direction="2" spawntime="60" x="1" y="-1"/>
<monster name="Fire Elemental" direction="2" spawntime="60" x="0" y="2"/>
<monster name="Fire Elemental" direction="2" spawntime="60" x="1" y="3"/>
<monster name="Fire Elemental" direction="2" spawntime="60" x="0" y="1"/>
</spawn>
<spawn centerx="262" centery="59" centerz="9" radius="5">
<monster name="Fire Elemental" direction="2" spawntime="60" x="1" y="4"/>
<monster name="Fire Elemental" direction="2" spawntime="60" x="1" y="2"/>
<monster name="Fire Elemental" direction="2" spawntime="60" x="1" y="0"/>
<monster name="Fire Elemental" direction="2" spawntime="60" x="0" y="-2"/>
<monster name="Fire Elemental" direction="2" spawntime="60" x="-1" y="1"/>
<monster name="Fire Elemental" direction="2" spawntime="60" x="-1" y="3"/>
<monster name="Fire Elemental" direction="2" spawntime="60" x="0" y="5"/>
</spawn>
<spawn centerx="357" centery="45" centerz="9" radius="13">
<monster name="Banshee" direction="2" spawntime="60" x="4" y="-1"/>
<monster name="Banshee" direction="2" spawntime="60" x="4" y="4"/>
<monster name="Banshee" direction="2" spawntime="60" x="-3" y="4"/>
<monster name="Banshee" direction="2" spawntime="60" x="-3" y="-1"/>
<monster name="Demon" direction="2" spawntime="60" x="0" y="5"/>
<monster name="Demon" direction="2" spawntime="60" x="0" y="-1"/>
<monster name="Demon" direction="2" spawntime="60" x="4" y="2"/>
<monster name="Demon" direction="2" spawntime="60" x="-4" y="1"/>
</spawn>
<spawn centerx="74" centery="149" centerz="8" radius="5">
<monster name="Dragon Lord" direction="2" spawntime="180" x="0" y="5"/>
</spawn>
<spawn centerx="58" centery="162" centerz="8" radius="5">
<monster name="Dragon Lord" direction="2" spawntime="280" x="3" y="1"/>
<monster name="Dragon Lord" direction="2" spawntime="340" x="-2" y="4"/>
</spawn>
<spawn centerx="49" centery="138" centerz="11" radius="12">
<monster name="Dragon Lord" direction="2" spawntime="60" x="3" y="-4"/>
<monster name="Dragon Lord" direction="2" spawntime="60" x="2" y="5"/>
<monster name="Dragon Lord" direction="2" spawntime="60" x="7" y="1"/>
<monster name="Dragon Lord" direction="2" spawntime="60" x="-2" y="1"/>
<monster name="Dragon" direction="2" spawntime="60" x="5" y="-1"/>
<monster name="Dragon" direction="2" spawntime="60" x="-1" y="4"/>
</spawn>
<spawn centerx="59" centery="139" centerz="10" radius="5">
<monster name="Dragon" direction="2" spawntime="320" x="1" y="2"/>
<monster name="Dragon" direction="2" spawntime="200" x="-4" y="-3"/>
<monster name="Dragon" direction="2" spawntime="60" x="1" y="-3"/>
<monster name="Dragon" direction="2" spawntime="260" x="1" y="-2"/>
</spawn>
<spawn centerx="67" centery="141" centerz="8" radius="5">
<monster name="Dragon Lord" direction="2" spawntime="280" x="-3" y="-4"/>
</spawn>
<spawn centerx="57" centery="161" centerz="9" radius="5">
<monster name="Dragon Lord" direction="2" spawntime="220" x="-5" y="0"/>
<monster name="Dragon Lord" direction="2" spawntime="400" x="0" y="-5"/>
</spawn>
<spawn centerx="58" centery="136" centerz="9" radius="30">
<monster name="Dragon Lord" direction="2" spawntime="360" x="0" y="-6"/>
<monster name="Dragon Lord" direction="2" spawntime="200" x="1" y="5"/>
<monster name="Dragon Lord" direction="2" spawntime="260" x="-25" y="15"/>
<monster name="Dragon Lord" direction="2" spawntime="300" x="-21" y="18"/>
<monster name="Dragon Lord" direction="2" spawntime="200" x="-27" y="-5"/>
<monster name="Dragon Lord" direction="2" spawntime="340" x="-19" y="-1"/>
<monster name="Dragon Lord" direction="2" spawntime="380" x="-8" y="2"/>
<monster name="Demon" direction="2" spawntime="60" x="6" y="-24"/>
<monster name="Demon" direction="2" spawntime="60" x="-9" y="-24"/>
</spawn>
<spawn centerx="195" centery="131" centerz="5" radius="5">
<monster name="Hydra" direction="2" spawntime="200" x="-2" y="-1"/>
<monster name="Hydra" direction="2" spawntime="60" x="2" y="-1"/>
</spawn>
<spawn centerx="195" centery="131" centerz="4" radius="5">
<monster name="Hydra" direction="2" spawntime="160" x="-2" y="-2"/>
<monster name="Hydra" direction="2" spawntime="60" x="2" y="2"/>
</spawn>
<spawn centerx="154" centery="43" centerz="9" radius="5">
<monster name="Demon" direction="2" spawntime="320" x="0" y="-1"/>
</spawn>
<spawn centerx="165" centery="33" centerz="10" radius="30">
<monster name="Warlock" direction="2" spawntime="140" x="-3" y="-1"/>
<monster name="Warlock" direction="2" spawntime="60" x="12" y="16"/>
<monster name="Demon" direction="2" spawntime="60" x="12" y="4"/>
<monster name="Demon" direction="2" spawntime="60" x="24" y="15"/>
<monster name="Demon" direction="2" spawntime="60" x="26" y="13"/>
<monster name="Demon" direction="2" spawntime="60" x="28" y="6"/>
<monster name="Warlock" direction="2" spawntime="60" x="-8" y="11"/>
<monster name="Warlock" direction="2" spawntime="60" x="-13" y="7"/>
<monster name="Warlock" direction="2" spawntime="60" x="-14" y="7"/>
<monster name="Warlock" direction="2" spawntime="60" x="-22" y="5"/>
<monster name="Demon" direction="2" spawntime="60" x="-12" y="10"/>
<monster name="Demon" direction="2" spawntime="60" x="-11" y="10"/>
<monster name="Demon" direction="2" spawntime="60" x="-24" y="-6"/>
<monster name="Demon" direction="2" spawntime="60" x="-28" y="-4"/>
<monster name="Demon" direction="2" spawntime="60" x="-25" y="0"/>
</spawn>
<spawn centerx="179" centery="139" centerz="9" radius="5">
<monster name="Hydra" direction="2" spawntime="300" x="-1" y="0"/>
</spawn>
<spawn centerx="195" centery="139" centerz="9" radius="5">
<monster name="Hydra" direction="2" spawntime="60" x="-2" y="0"/>
</spawn>
<spawn centerx="206" centery="160" centerz="10" radius="5">
<monster name="Demon" direction="2" spawntime="60" x="-1" y="-1"/>
<monster name="Demon" direction="2" spawntime="480" x="2" y="-1"/>
</spawn>
<spawn centerx="207" centery="146" centerz="10" radius="5">
<monster name="Demon" direction="2" spawntime="60" x="-1" y="0"/>
</spawn>
<spawn centerx="197" centery="139" centerz="10" radius="5">
<monster name="Carniphila" direction="2" spawntime="240" x="1" y="-1"/>
</spawn>
<spawn centerx="214" centery="138" centerz="10" radius="5">
<monster name="Carniphila" direction="2" spawntime="200" x="1" y="1"/>
</spawn>
<spawn centerx="205" centery="182" centerz="10" radius="5">
<monster name="Orshabaal" direction="2" spawntime="100" x="-1" y="-1"/>
</spawn>
<spawn centerx="260" centery="62" centerz="6" radius="5">
<monster name="Hunter" direction="2" spawntime="60" x="-2" y="2"/>
<monster name="Hunter" direction="2" spawntime="60" x="2" y="-1"/>
<monster name="Hunter" direction="2" spawntime="60" x="-2" y="-1"/>
<monster name="Merlkin" direction="2" spawntime="60" x="-3" y="3"/>
</spawn>
<spawn centerx="258" centery="79" centerz="6" radius="5">
<monster name="Hunter" direction="2" spawntime="60" x="2" y="1"/>
<monster name="Hunter" direction="2" spawntime="60" x="-1" y="-2"/>
<monster name="Hunter" direction="2" spawntime="60" x="-3" y="1"/>
<monster name="Merlkin" direction="2" spawntime="60" x="1" y="-3"/>
</spawn>
<spawn centerx="265" centery="70" centerz="6" radius="20">
<monster name="Lizard Sentinel" direction="2" spawntime="60" x="-6" y="-2"/>
<monster name="Lizard Sentinel" direction="2" spawntime="60" x="-6" y="3"/>
<monster name="Lizard Sentinel" direction="2" spawntime="60" x="-2" y="6"/>
<monster name="Lizard Sentinel" direction="2" spawntime="60" x="-2" y="-3"/>
<monster name="Lizard Sentinel" direction="2" spawntime="60" x="-2" y="1"/>
<monster name="Lizard Snakecharmer" direction="2" spawntime="60" x="1" y="-6"/>
<monster name="Lizard Snakecharmer" direction="2" spawntime="60" x="1" y="1"/>
<monster name="Lizard Snakecharmer" direction="2" spawntime="60" x="1" y="10"/>
<monster name="Lizard Templar" direction="2" spawntime="60" x="5" y="-8"/>
<monster name="Lizard Templar" direction="2" spawntime="60" x="5" y="-3"/>
<monster name="Lizard Templar" direction="2" spawntime="60" x="5" y="5"/>
<monster name="Lizard Templar" direction="2" spawntime="60" x="12" y="10"/>
<monster name="Lizard Templar" direction="2" spawntime="60" x="12" y="3"/>
<monster name="Lizard Templar" direction="2" spawntime="60" x="11" y="-5"/>
<monster name="Lizard Templar" direction="2" spawntime="60" x="8" y="6"/>
<monster name="Merlkin" direction="2" spawntime="60" x="1" y="3"/>
<monster name="Merlkin" direction="2" spawntime="60" x="8" y="0"/>
<monster name="Merlkin" direction="2" spawntime="60" x="7" y="-7"/>
<monster name="Sibang" direction="2" spawntime="60" x="11" y="0"/>
<monster name="Sibang" direction="2" spawntime="60" x="2" y="-3"/>
</spawn>
<spawn centerx="262" centery="70" centerz="7" radius="20">
<monster name="Dragon" direction="2" spawntime="60" x="-6" y="3"/>
<monster name="Dragon" direction="2" spawntime="60" x="17" y="10"/>
<monster name="Dragon" direction="2" spawntime="60" x="8" y="4"/>
<monster name="Dragon" direction="2" spawntime="60" x="3" y="10"/>
<monster name="Dragon" direction="2" spawntime="280" x="12" y="-9"/>
<monster name="Dragon" direction="2" spawntime="60" x="18" y="-6"/>
<monster name="Dragon" direction="2" spawntime="60" x="1" y="-6"/>
<monster name="Dragon" direction="2" spawntime="180" x="-6" y="-9"/>
<monster name="Dragon" direction="2" spawntime="240" x="2" y="1"/>
</spawn>
<spawn centerx="257" centery="67" centerz="5" radius="5">
<monster name="Dragon Lord" direction="2" spawntime="60" x="-2" y="-3"/>
<monster name="Dragon Lord" direction="2" spawntime="200" x="3" y="3"/>
</spawn>
<spawn centerx="274" centery="65" centerz="5" radius="20">
<monster name="Dragon Lord" direction="2" spawntime="200" x="-7" y="-3"/>
<monster name="Dragon Lord" direction="2" spawntime="200" x="4" y="0"/>
<monster name="Dragon Lord" direction="2" spawntime="60" x="1" y="1"/>
<monster name="Dragon Lord" direction="2" spawntime="60" x="-13" y="15"/>
<monster name="Dragon Lord" direction="2" spawntime="200" x="-7" y="15"/>
<monster name="Dragon Lord" direction="2" spawntime="60" x="4" y="14"/>
<monster name="Dragon Lord" direction="2" spawntime="60" x="-3" y="7"/>
</spawn>
<spawn centerx="171" centery="64" centerz="6" radius="10">
<monster name="Bat" direction="2" spawntime="60" x="3" y="0"/>
<monster name="Bat" direction="2" spawntime="60" x="3" y="1"/>
<monster name="Bat" direction="2" spawntime="60" x="5" y="0"/>
<monster name="Bat" direction="2" spawntime="60" x="5" y="1"/>
<monster name="Bat" direction="2" spawntime="60" x="5" y="6"/>
<monster name="Bat" direction="2" spawntime="60" x="5" y="7"/>
<monster name="Bat" direction="2" spawntime="60" x="5" y="8"/>
<monster name="Bat" direction="2" spawntime="60" x="4" y="8"/>
<monster name="Bat" direction="2" spawntime="60" x="3" y="8"/>
<monster name="Bat" direction="2" spawntime="60" x="3" y="7"/>
<monster name="Bat" direction="2" spawntime="60" x="3" y="6"/>
<monster name="Bat" direction="2" spawntime="60" x="7" y="6"/>
<monster name="Bat" direction="2" spawntime="60" x="7" y="7"/>
<monster name="Bat" direction="2" spawntime="60" x="9" y="-1"/>
<monster name="Bat" direction="2" spawntime="60" x="9" y="0"/>
<monster name="Bat" direction="2" spawntime="60" x="9" y="1"/>
<monster name="Bat" direction="2" spawntime="60" x="8" y="-1"/>
<monster name="Bat" direction="2" spawntime="60" x="7" y="-1"/>
<monster name="Bat" direction="2" spawntime="60" x="7" y="0"/>
<monster name="Bat" direction="2" spawntime="60" x="7" y="1"/>
<monster name="Bat" direction="2" spawntime="60" x="1" y="6"/>
<monster name="Bat" direction="2" spawntime="60" x="1" y="7"/>
<monster name="Bat" direction="2" spawntime="60" x="-1" y="7"/>
<monster name="Bat" direction="2" spawntime="60" x="-1" y="6"/>
<monster name="Bat" direction="2" spawntime="60" x="-1" y="8"/>
<monster name="Bat" direction="2" spawntime="60" x="0" y="8"/>
<monster name="Bat" direction="2" spawntime="60" x="1" y="8"/>
<monster name="Bat" direction="2" spawntime="60" x="-3" y="6"/>
<monster name="Bat" direction="2" spawntime="60" x="-4" y="6"/>
<monster name="Bat" direction="2" spawntime="60" x="-4" y="7"/>
<monster name="Bat" direction="2" spawntime="60" x="-4" y="8"/>
<monster name="Bat" direction="2" spawntime="60" x="-3" y="8"/>
</spawn>
<spawn centerx="183" centery="72" centerz="6" radius="5">
<monster name="Bat" direction="2" spawntime="60" x="-5" y="0"/>
<monster name="Bat" direction="2" spawntime="60" x="-4" y="0"/>
<monster name="Bat" direction="2" spawntime="60" x="-3" y="0"/>
<monster name="Bat" direction="2" spawntime="60" x="-3" y="-2"/>
<monster name="Bat" direction="2" spawntime="60" x="-3" y="-1"/>
<monster name="Bat" direction="2" spawntime="60" x="-4" y="-1"/>
<monster name="Bat" direction="2" spawntime="60" x="-1" y="-2"/>
<monster name="Bat" direction="2" spawntime="60" x="-1" y="-1"/>
<monster name="Bat" direction="2" spawntime="60" x="-1" y="0"/>
<monster name="Bat" direction="2" spawntime="60" x="0" y="0"/>
<monster name="Bat" direction="2" spawntime="60" x="1" y="-2"/>
<monster name="Bat" direction="2" spawntime="60" x="1" y="-1"/>
<monster name="Bat" direction="2" spawntime="60" x="1" y="0"/>
<monster name="Bat" direction="2" spawntime="60" x="3" y="-4"/>
<monster name="Bat" direction="2" spawntime="60" x="2" y="-4"/>
</spawn>
<spawn centerx="183" centery="63" centerz="6" radius="5">
<monster name="Bat" direction="2" spawntime="60" x="3" y="2"/>
<monster name="Bat" direction="2" spawntime="60" x="3" y="3"/>
<monster name="Bat" direction="2" spawntime="60" x="2" y="4"/>
<monster name="Bat" direction="2" spawntime="60" x="3" y="4"/>
<monster name="Bat" direction="2" spawntime="60" x="1" y="0"/>
<monster name="Bat" direction="2" spawntime="60" x="0" y="0"/>
<monster name="Bat" direction="2" spawntime="60" x="-1" y="0"/>
<monster name="Bat" direction="2" spawntime="60" x="-1" y="1"/>
<monster name="Bat" direction="2" spawntime="60" x="-1" y="2"/>
<monster name="Bat" direction="2" spawntime="60" x="1" y="1"/>
<monster name="Bat" direction="2" spawntime="60" x="1" y="2"/>
</spawn>
<spawn centerx="264" centery="159" centerz="7" radius="10">
<monster name="Bat" direction="2" spawntime="60" x="1" y="5"/>
<monster name="Bat" direction="2" spawntime="60" x="-1" y="5"/>
<monster name="Bat" direction="2" spawntime="60" x="0" y="3"/>
<monster name="Bat" direction="2" spawntime="60" x="-1" y="3"/>
<monster name="Bat" direction="2" spawntime="60" x="1" y="3"/>
<monster name="Bat" direction="2" spawntime="60" x="0" y="5"/>
<monster name="Bat" direction="2" spawntime="60" x="2" y="1"/>
<monster name="Bat" direction="2" spawntime="60" x="1" y="1"/>
<monster name="Bat" direction="2" spawntime="60" x="2" y="0"/>
<monster name="Bat" direction="2" spawntime="60" x="-1" y="1"/>
<monster name="Bat" direction="2" spawntime="60" x="-2" y="1"/>
<monster name="Bat" direction="2" spawntime="60" x="-2" y="0"/>
<monster name="Bat" direction="2" spawntime="60" x="-1" y="-2"/>
<monster name="Bat" direction="2" spawntime="60" x="-2" y="-2"/>
<monster name="Bat" direction="2" spawntime="60" x="-2" y="-3"/>
<monster name="Bat" direction="2" spawntime="60" x="1" y="-2"/>
<monster name="Bat" direction="2" spawntime="60" x="2" y="-2"/>
<monster name="Bat" direction="2" spawntime="60" x="2" y="-3"/>
<monster name="Bat" direction="2" spawntime="60" x="1" y="-5"/>
<monster name="Bat" direction="2" spawntime="60" x="0" y="-5"/>
<monster name="Bat" direction="2" spawntime="60" x="-1" y="-5"/>
</spawn>
<spawn centerx="329" centery="79" centerz="8" radius="10">
<monster name="Dworc Voodoomaster" direction="2" spawntime="60" x="-4" y="5"/>
<monster name="Dworc Voodoomaster" direction="2" spawntime="60" x="2" y="5"/>
<monster name="Dworc Voodoomaster" direction="2" spawntime="60" x="-3" y="4"/>
<monster name="Dworc Voodoomaster" direction="2" spawntime="60" x="-6" y="3"/>
<monster name="Dworc Voodoomaster" direction="2" spawntime="60" x="-6" y="-1"/>
<monster name="Dworc Voodoomaster" direction="2" spawntime="60" x="-2" y="-5"/>
<monster name="Dworc Fleshhunter" direction="2" spawntime="60" x="-1" y="3"/>
<monster name="Dworc Fleshhunter" direction="2" spawntime="60" x="2" y="3"/>
<monster name="Dworc Fleshhunter" direction="2" spawntime="60" x="3" y="2"/>
<monster name="Dworc Fleshhunter" direction="2" spawntime="60" x="4" y="1"/>
<monster name="Dworc Fleshhunter" direction="2" spawntime="60" x="4" y="-1"/>
<monster name="Dworc Fleshhunter" direction="2" spawntime="60" x="4" y="-2"/>
<monster name="Dworc Fleshhunter" direction="2" spawntime="60" x="4" y="-3"/>
<monster name="Dworc Venomsniper" direction="2" spawntime="60" x="0" y="6"/>
<monster name="Dworc Venomsniper" direction="2" spawntime="60" x="2" y="6"/>
<monster name="Dworc Venomsniper" direction="2" spawntime="60" x="4" y="5"/>
<monster name="Dworc Venomsniper" direction="2" spawntime="60" x="3" y="4"/>
<monster name="Dworc Venomsniper" direction="2" spawntime="60" x="-1" y="-4"/>
<monster name="Dworc Venomsniper" direction="2" spawntime="60" x="0" y="-5"/>
<monster name="Dworc Venomsniper" direction="2" spawntime="60" x="2" y="-6"/>
<monster name="Dworc Venomsniper" direction="2" spawntime="60" x="-1" y="-5"/>
<monster name="Dworc Venomsniper" direction="2" spawntime="60" x="-4" y="-5"/>
<monster name="Dworc Venomsniper" direction="2" spawntime="60" x="-5" y="-3"/>
<monster name="Dworc Voodoomaster" direction="2" spawntime="60" x="-6" y="-3"/>
<monster name="Dworc Voodoomaster" direction="2" spawntime="60" x="-6" y="-2"/>
<monster name="Dworc Voodoomaster" direction="2" spawntime="60" x="-5" y="-1"/>
<monster name="Dworc Voodoomaster" direction="2" spawntime="60" x="-7" y="4"/>
<monster name="Dworc Voodoomaster" direction="2" spawntime="60" x="-6" y="5"/>
<monster name="Dworc Voodoomaster" direction="2" spawntime="60" x="7" y="-5"/>
</spawn>
<spawn centerx="372" centery="82" centerz="5" radius="20">
<monster name="Fire Elemental" direction="2" spawntime="60" x="8" y="6"/>
<monster name="Fire Elemental" direction="2" spawntime="60" x="7" y="6"/>
<monster name="Fire Elemental" direction="2" spawntime="60" x="6" y="6"/>
<monster name="Fire Elemental" direction="2" spawntime="60" x="5" y="6"/>
<monster name="Hero" direction="2" spawntime="60" x="-2" y="8"/>
<monster name="Hero" direction="2" spawntime="60" x="-2" y="6"/>
<monster name="Hero" direction="2" spawntime="60" x="-2" y="4"/>
<monster name="Hero" direction="2" spawntime="60" x="-2" y="2"/>
<monster name="Hero" direction="2" spawntime="60" x="-2" y="0"/>
<monster name="Hero" direction="2" spawntime="60" x="-2" y="-2"/>
<monster name="Hero" direction="2" spawntime="60" x="-2" y="-4"/>
<monster name="Marid" direction="2" spawntime="60" x="10" y="-6"/>
<monster name="Marid" direction="2" spawntime="60" x="7" y="-7"/>
<monster name="Warlock" direction="2" spawntime="60" x="5" y="4"/>
<monster name="Omruc" direction="2" spawntime="60" x="7" y="-5"/>
<monster name="Omruc" direction="2" spawntime="60" x="9" y="-4"/>
<monster name="Omruc" direction="2" spawntime="60" x="15" y="-6"/>
<monster name="Omruc" direction="2" spawntime="60" x="16" y="-8"/>
<monster name="Rahemos" direction="2" spawntime="60" x="12" y="-9"/>
<monster name="Rahemos" direction="2" spawntime="60" x="3" y="-4"/>
<monster name="Ashmunrah" direction="2" spawntime="60" x="4" y="-1"/>
<monster name="Ashmunrah" direction="2" spawntime="60" x="4" y="-2"/>
<monster name="Dipthrah" direction="2" spawntime="60" x="10" y="-1"/>
<monster name="Thalas" direction="2" spawntime="60" x="8" y="3"/>
<monster name="Thalas" direction="2" spawntime="60" x="6" y="1"/>
<monster name="Morguthis" direction="2" spawntime="60" x="2" y="4"/>
<monster name="Morguthis" direction="2" spawntime="60" x="1" y="6"/>
<monster name="Morguthis" direction="2" spawntime="60" x="1" y="4"/>
<monster name="Omruc" direction="2" spawntime="60" x="-1" y="-6"/>
<monster name="Omruc" direction="2" spawntime="60" x="-6" y="-5"/>
<monster name="Thalas" direction="2" spawntime="60" x="-7" y="-2"/>
<monster name="Ashmunrah" direction="2" spawntime="60" x="-5" y="3"/>
<monster name="Ashmunrah" direction="2" spawntime="60" x="-4" y="4"/>
<monster name="Dipthrah" direction="2" spawntime="60" x="-5" y="7"/>
<monster name="Dipthrah" direction="2" spawntime="60" x="-4" y="7"/>
<monster name="Rahemos" direction="2" spawntime="60" x="-7" y="7"/>
<monster name="Rahemos" direction="2" spawntime="60" x="-10" y="7"/>
<monster name="Mahrdis" direction="2" spawntime="60" x="-11" y="2"/>
<monster name="Mahrdis" direction="2" spawntime="60" x="-9" y="0"/>
<monster name="Vashresamun" direction="2" spawntime="60" x="-7" y="3"/>
<monster name="Vashresamun" direction="2" spawntime="60" x="-8" y="2"/>
<monster name="Vashresamun" direction="2" spawntime="60" x="12" y="-1"/>
<monster name="Vashresamun" direction="2" spawntime="60" x="14" y="0"/>
<monster name="Ashmunrah" direction="2" spawntime="60" x="0" y="-3"/>
<monster name="Ashmunrah" direction="2" spawntime="60" x="0" y="-2"/>
<monster name="Ashmunrah" direction="2" spawntime="60" x="0" y="0"/>
<monster name="Ashmunrah" direction="2" spawntime="60" x="3" y="2"/>
<monster name="Ashmunrah" direction="2" spawntime="60" x="14" y="-4"/>
<monster name="Ashmunrah" direction="2" spawntime="60" x="15" y="-10"/>
<monster name="Ashmunrah" direction="2" spawntime="60" x="9" y="-10"/>
<monster name="Ashmunrah" direction="2" spawntime="60" x="12" y="-3"/>
<monster name="Ashmunrah" direction="2" spawntime="60" x="12" y="-7"/>
<monster name="Ashmunrah" direction="2" spawntime="60" x="2" y="8"/>
<monster name="Ashmunrah" direction="2" spawntime="60" x="-5" y="-1"/>
<monster name="Ashmunrah" direction="2" spawntime="60" x="-5" y="-6"/>
<monster name="Ashmunrah" direction="2" spawntime="60" x="1" y="-5"/>
<monster name="Ashmunrah" direction="2" spawntime="60" x="1" y="2"/>
<monster name="Ashmunrah" direction="2" spawntime="60" x="9" y="1"/>
<monster name="Ashmunrah" direction="2" spawntime="60" x="7" y="-3"/>
<monster name="Ashmunrah" direction="2" spawntime="60" x="16" y="-4"/>
<monster name="Ashmunrah" direction="2" spawntime="60" x="3" y="-7"/>
<monster name="Ashmunrah" direction="2" spawntime="60" x="-11" y="3"/>
<monster name="Ashmunrah" direction="2" spawntime="60" x="-7" y="0"/>
<monster name="Ashmunrah" direction="2" spawntime="60" x="-8" y="4"/>
<monster name="Ashmunrah" direction="2" spawntime="60" x="-10" y="5"/>
<monster name="Ashmunrah" direction="2" spawntime="60" x="-3" y="-7"/>
</spawn>
<spawn centerx="381" centery="80" centerz="6" radius="5">
<monster name="Warlock" direction="2" spawntime="220" x="1" y="-3"/>
<monster name="Warlock" direction="2" spawntime="360" x="-2" y="3"/>
<monster name="Dragon" direction="2" spawntime="60" x="2" y="1"/>
<monster name="Dragon" direction="2" spawntime="60" x="-1" y="-1"/>
<monster name="Dragon" direction="2" spawntime="60" x="-2" y="-2"/>
<monster name="Warlock" direction="2" spawntime="60" x="-2" y="0"/>
<monster name="Warlock" direction="2" spawntime="60" x="0" y="2"/>
<monster name="Warlock" direction="2" spawntime="60" x="1" y="-1"/>
<monster name="Warlock" direction="2" spawntime="60" x="4" y="-1"/>
</spawn>
<spawn centerx="369" centery="79" centerz="6" radius="5">
<monster name="Hydra" direction="2" spawntime="60" x="-5" y="0"/>
<monster name="Hydra" direction="2" spawntime="60" x="3" y="4"/>
<monster name="Dragon Lord" direction="2" spawntime="60" x="2" y="-1"/>
<monster name="Warlock" direction="2" spawntime="60" x="3" y="-1"/>
<monster name="Warlock" direction="2" spawntime="60" x="-1" y="-2"/>
<monster name="Warlock" direction="2" spawntime="60" x="1" y="-4"/>
<monster name="Warlock" direction="2" spawntime="60" x="-2" y="-1"/>
</spawn>
<spawn centerx="368" centery="86" centerz="6" radius="5">
<monster name="Dragon" direction="2" spawntime="60" x="-4" y="3"/>
<monster name="Dragon" direction="2" spawntime="60" x="-3" y="4"/>
<monster name="Warlock" direction="2" spawntime="60" x="3" y="0"/>
</spawn>
<spawn centerx="330" centery="126" centerz="8" radius="5">
<monster name="Hero" direction="2" spawntime="60" x="5" y="0"/>
<monster name="Hero" direction="2" spawntime="60" x="1" y="-1"/>
<monster name="Hero" direction="2" spawntime="60" x="-4" y="0"/>
</spawn>
<spawn centerx="318" centery="124" centerz="8" radius="5">
<monster name="Hero" direction="2" spawntime="60" x="2" y="2"/>
<monster name="Hero" direction="2" spawntime="60" x="2" y="1"/>
<monster name="Hero" direction="2" spawntime="60" x="-1" y="-3"/>
</spawn>
<spawn centerx="381" centery="69" centerz="8" radius="5">
<monster name="Warlock" direction="2" spawntime="60" x="-3" y="-2"/>
<monster name="Warlock" direction="2" spawntime="220" x="1" y="2"/>
<monster name="Stone Golem" direction="2" spawntime="60" x="2" y="3"/>
<monster name="Stone Golem" direction="2" spawntime="60" x="-2" y="1"/>
</spawn>
<spawn centerx="396" centery="75" centerz="8" radius="5">
<monster name="Warlock" direction="2" spawntime="60" x="0" y="-5"/>
<monster name="Warlock" direction="2" spawntime="220" x="0" y="-4"/>
<monster name="Warlock" direction="2" spawntime="60" x="0" y="4"/>
<monster name="Stone Golem" direction="2" spawntime="60" x="-2" y="0"/>
<monster name="Stone Golem" direction="2" spawntime="60" x="2" y="2"/>
</spawn>
<spawn centerx="392" centery="128" centerz="8" radius="5">
<monster name="Warlock" direction="2" spawntime="60" x="0" y="-5"/>
<monster name="Warlock" direction="2" spawntime="60" x="1" y="0"/>
<monster name="Warlock" direction="2" spawntime="60" x="0" y="5"/>
</spawn>
<spawn centerx="428" centery="101" centerz="8" radius="5">
<monster name="Warlock" direction="2" spawntime="260" x="2" y="0"/>
<monster name="Warlock" direction="2" spawntime="220" x="-5" y="0"/>
<monster name="Stone Golem" direction="2" spawntime="60" x="-1" y="3"/>
<monster name="Stone Golem" direction="2" spawntime="60" x="-1" y="1"/>
</spawn>
<spawn centerx="405" centery="97" centerz="8" radius="5">
<monster name="Warlock" direction="2" spawntime="180" x="1" y="-2"/>
<monster name="Stone Golem" direction="2" spawntime="60" x="-4" y="3"/>
<monster name="Stone Golem" direction="2" spawntime="60" x="-2" y="1"/>
<monster name="Stone Golem" direction="2" spawntime="60" x="4" y="3"/>
<monster name="Stone Golem" direction="2" spawntime="60" x="3" y="2"/>
</spawn>
<spawn centerx="392" centery="100" centerz="8" radius="5">
<monster name="Stone Golem" direction="2" spawntime="60" x="2" y="1"/>
<monster name="Stone Golem" direction="2" spawntime="60" x="0" y="1"/>
<monster name="Stone Golem" direction="2" spawntime="60" x="-3" y="0"/>
<monster name="Stone Golem" direction="2" spawntime="60" x="0" y="-5"/>
</spawn>
<spawn centerx="369" centery="105" centerz="8" radius="5">
<monster name="Stone Golem" direction="2" spawntime="60" x="-4" y="0"/>
<monster name="Stone Golem" direction="2" spawntime="60" x="3" y="0"/>
<monster name="Stone Golem" direction="2" spawntime="60" x="5" y="0"/>
</spawn>
<spawn centerx="392" centery="115" centerz="8" radius="5">
<monster name="Stone Golem" direction="2" spawntime="60" x="1" y="3"/>
<monster name="Stone Golem" direction="2" spawntime="60" x="0" y="-2"/>
</spawn>
<spawn centerx="406" centery="112" centerz="8" radius="5">
<monster name="Stone Golem" direction="2" spawntime="60" x="2" y="4"/>
<monster name="Stone Golem" direction="2" spawntime="60" x="4" y="2"/>
<monster name="Stone Golem" direction="2" spawntime="60" x="1" y="1"/>
<monster name="Stone Golem" direction="2" spawntime="60" x="-1" y="0"/>
</spawn>
<spawn centerx="308" centery="141" centerz="8" radius="5">
<monster name="Demon" direction="2" spawntime="60" x="0" y="-1"/>
</spawn>
<spawn centerx="282" centery="158" centerz="8" radius="5">
<monster name="Demon" direction="2" spawntime="60" x="-1" y="1"/>
</spawn>
<spawn centerx="343" centery="159" centerz="8" radius="5">
<monster name="Demon" direction="2" spawntime="60" x="2" y="0"/>
</spawn>
<spawn centerx="307" centery="186" centerz="8" radius="5">
<monster name="Demon" direction="2" spawntime="60" x="0" y="1"/>
<monster name="Demon" direction="2" spawntime="200" x="0" y="-5"/>
</spawn>
<spawn centerx="122" centery="166" centerz="8" radius="5">
<monster name="The Old Widow" direction="2" spawntime="60" x="0" y="2"/>
</spawn>
<spawn centerx="167" centery="319" centerz="7" radius="20">
<monster name="Hero" direction="2" spawntime="60" x="0" y="19"/>
<monster name="Hero" direction="2" spawntime="60" x="-16" y="9"/>
<monster name="Hero" direction="2" spawntime="60" x="0" y="12"/>
<monster name="Hero" direction="2" spawntime="60" x="-13" y="3"/>
<monster name="Hero" direction="2" spawntime="60" x="-8" y="13"/>
<monster name="Hero" direction="2" spawntime="60" x="12" y="10"/>
<monster name="Hero" direction="2" spawntime="60" x="-5" y="3"/>
<monster name="Hero" direction="2" spawntime="60" x="12" y="-4"/>
<monster name="Hero" direction="2" spawntime="60" x="1" y="-6"/>
<monster name="Hero" direction="2" spawntime="60" x="2" y="-5"/>
</spawn>
<spawn centerx="183" centery="410" centerz="8" radius="5">
<monster name="Hero" direction="2" spawntime="60" x="0" y="1"/>
<monster name="Hero" direction="2" spawntime="60" x="-1" y="-2"/>
</spawn>
<spawn centerx="207" centery="410" centerz="8" radius="5">
<monster name="Hero" direction="2" spawntime="60" x="0" y="3"/>
<monster name="Hero" direction="2" spawntime="60" x="-1" y="-2"/>
</spawn>
<spawn centerx="195" centery="426" centerz="8" radius="5">
<monster name="Hero" direction="2" spawntime="60" x="1" y="2"/>
</spawn>
<spawn centerx="172" centery="433" centerz="8" radius="5">
<monster name="Hero" direction="2" spawntime="60" x="-4" y="3"/>
<monster name="Hero" direction="2" spawntime="60" x="0" y="1"/>
<monster name="Hero" direction="2" spawntime="60" x="4" y="-2"/>
</spawn>
<spawn centerx="209" centery="430" centerz="8" radius="5">
<monster name="Hero" direction="2" spawntime="60" x="-3" y="1"/>
<monster name="Hero" direction="2" spawntime="60" x="1" y="-1"/>
<monster name="Hero" direction="2" spawntime="60" x="5" y="0"/>
</spawn>
<spawn centerx="196" centery="444" centerz="8" radius="5">
<monster name="Hero" direction="2" spawntime="60" x="-1" y="4"/>
</spawn>
<spawn centerx="199" centery="458" centerz="8" radius="5">
<monster name="Hero" direction="2" spawntime="60" x="2" y="-4"/>
<monster name="Hero" direction="2" spawntime="60" x="-3" y="-1"/>
</spawn>
<spawn centerx="422" centery="41" centerz="9" radius="5">
<monster name="Demon" direction="2" spawntime="20" x="-1" y="1"/>
</spawn>
<spawn centerx="139" centery="313" centerz="7" radius="5">
<monster name="Dragon Lord" direction="2" spawntime="60" x="2" y="-4"/>
<monster name="Dragon" direction="2" spawntime="60" x="1" y="3"/>
<monster name="Dragon" direction="2" spawntime="60" x="-3" y="0"/>
</spawn>
<spawn centerx="179" centery="320" centerz="8" radius="5">
<monster name="Hero" direction="2" spawntime="60" x="1" y="-2"/>
<monster name="Hero" direction="2" spawntime="60" x="-2" y="3"/>
<monster name="Hero" direction="2" spawntime="60" x="2" y="1"/>
<monster name="Monk" direction="2" spawntime="60" x="1" y="-4"/>
<monster name="Monk" direction="2" spawntime="60" x="3" y="-4"/>
</spawn>
<spawn centerx="161" centery="316" centerz="8" radius="5">
<monster name="Monk" direction="2" spawntime="60" x="1" y="2"/>
<monster name="Monk" direction="2" spawntime="60" x="3" y="2"/>
<monster name="Hero" direction="2" spawntime="60" x="0" y="-5"/>
<monster name="Hero" direction="2" spawntime="60" x="0" y="-4"/>
</spawn>
<spawn centerx="142" centery="312" centerz="8" radius="5">
<monster name="Hero" direction="2" spawntime="60" x="5" y="0"/>
<monster name="Hero" direction="2" spawntime="60" x="-4" y="0"/>
</spawn>
<spawn centerx="124" centery="325" centerz="8" radius="9">
<monster name="Hero" direction="2" spawntime="60" x="4" y="-3"/>
<monster name="Hero" direction="2" spawntime="60" x="-1" y="-2"/>
<monster name="Hero" direction="2" spawntime="60" x="5" y="6"/>
<monster name="Hero" direction="2" spawntime="60" x="-4" y="5"/>
<monster name="Necromancer" direction="2" spawntime="60" x="2" y="-4"/>
<monster name="Necromancer" direction="2" spawntime="60" x="5" y="3"/>
<monster name="Necromancer" direction="2" spawntime="60" x="-3" y="3"/>
<monster name="Necromancer" direction="2" spawntime="60" x="-3" y="4"/>
<monster name="Necromancer" direction="2" spawntime="60" x="-1" y="7"/>
</spawn>
<spawn centerx="102" centery="456" centerz="8" radius="5">
<monster name="Behemoth" direction="2" spawntime="60" x="1" y="-1"/>
<monster name="Behemoth" direction="2" spawntime="60" x="-2" y="0"/>
<monster name="Behemoth" direction="2" spawntime="60" x="-1" y="-3"/>
<monster name="Behemoth" direction="2" spawntime="60" x="2" y="-4"/>
<monster name="Dragon Lord" direction="2" spawntime="60" x="-2" y="-2"/>
<monster name="Dragon Lord" direction="2" spawntime="60" x="2" y="-3"/>
</spawn>
<spawn centerx="104" centery="448" centerz="8" radius="5">
<monster name="Dragon Lord" direction="2" spawntime="60" x="1" y="3"/>
<monster name="Dragon Lord" direction="2" spawntime="60" x="-1" y="2"/>
<monster name="Dragon Lord" direction="2" spawntime="60" x="3" y="0"/>
<monster name="Dragon Lord" direction="2" spawntime="60" x="3" y="-2"/>
<monster name="Behemoth" direction="2" spawntime="60" x="1" y="-3"/>
<monster name="Behemoth" direction="2" spawntime="60" x="0" y="-2"/>
<monster name="Behemoth" direction="2" spawntime="60" x="-1" y="-2"/>
<monster name="Behemoth" direction="2" spawntime="60" x="-3" y="0"/>
</spawn>
<spawn centerx="104" centery="452" centerz="9" radius="5">
<monster name="Behemoth" direction="2" spawntime="60" x="-3" y="4"/>
<monster name="Behemoth" direction="2" spawntime="60" x="-4" y="-2"/>
<monster name="Behemoth" direction="2" spawntime="60" x="-2" y="-4"/>
<monster name="Behemoth" direction="2" spawntime="60" x="2" y="-2"/>
<monster name="Behemoth" direction="2" spawntime="60" x="0" y="3"/>
</spawn>
<spawn centerx="132" centery="433" centerz="9" radius="10">
<monster name="Behemoth" direction="2" spawntime="60" x="-9" y="4"/>
<monster name="Behemoth" direction="2" spawntime="60" x="-3" y="2"/>
<monster name="Behemoth" direction="2" spawntime="60" x="-3" y="5"/>
<monster name="Behemoth" direction="2" spawntime="60" x="2" y="1"/>
<monster name="Behemoth" direction="2" spawntime="60" x="-2" y="-2"/>
<monster name="Behemoth" direction="2" spawntime="60" x="-3" y="-2"/>
<monster name="Behemoth" direction="2" spawntime="60" x="-6" y="-3"/>
<monster name="Behemoth" direction="2" spawntime="60" x="2" y="-5"/>
<monster name="Behemoth" direction="2" spawntime="60" x="6" y="2"/>
</spawn>
<spawn centerx="183" centery="56" centerz="8" radius="5">
<monster name="Demon" direction="2" spawntime="320" x="0" y="-3"/>
</spawn>
<spawn centerx="155" centery="34" centerz="9" radius="5">
<monster name="Demon" direction="2" spawntime="60" x="0" y="-3"/>
</spawn>
<spawn centerx="207" centery="74" centerz="8" radius="5">
<monster name="Demon" direction="2" spawntime="60" x="-1" y="0"/>
</spawn>
<spawn centerx="220" centery="30" centerz="7" radius="5">
<monster name="Dragon" direction="2" spawntime="60" x="-1" y="-1"/>
</spawn>
<spawn centerx="229" centery="35" centerz="7" radius="5">
<monster name="Dragon" direction="2" spawntime="60" x="-1" y="-3"/>
<monster name="Dragon" direction="2" spawntime="60" x="2" y="2"/>
</spawn>
<spawn centerx="243" centery="39" centerz="7" radius="5">
<monster name="Dragon" direction="2" spawntime="60" x="-2" y="2"/>
<monster name="Dragon" direction="2" spawntime="60" x="4" y="0"/>
</spawn>
<spawn centerx="242" centery="34" centerz="7" radius="5">
<monster name="Dragon Lord" direction="2" spawntime="60" x="-1" y="0"/>
</spawn>
<spawn centerx="253" centery="39" centerz="6" radius="5">
<monster name="Dragon Lord" direction="2" spawntime="60" x="2" y="-2"/>
<monster name="Dragon Lord" direction="2" spawntime="60" x="0" y="2"/>
</spawn>
<spawn centerx="244" centery="39" centerz="6" radius="5">
<monster name="Dragon" direction="2" spawntime="60" x="-1" y="2"/>
</spawn>
<spawn centerx="241" centery="34" centerz="6" radius="5">
<monster name="Dragon Lord" direction="2" spawntime="60" x="2" y="0"/>
</spawn>
<spawn centerx="248" centery="45" centerz="6" radius="5">
<monster name="Dragon Lord" direction="2" spawntime="60" x="0" y="1"/>
</spawn>
<spawn centerx="230" centery="35" centerz="6" radius="5">
<monster name="Dragon Lord" direction="2" spawntime="60" x="2" y="1"/>
</spawn>
<spawn centerx="225" centery="30" centerz="6" radius="5">
<monster name="Dragon Lord" direction="2" spawntime="60" x="-1" y="1"/>
</spawn>
<spawn centerx="247" centery="45" centerz="7" radius="5">
<monster name="Dragon Lord" direction="2" spawntime="60" x="1" y="0"/>
</spawn>
<spawn centerx="245" centery="23" centerz="8" radius="5">
<monster name="Dragon Lord" direction="2" spawntime="60" x="2" y="1"/>
<monster name="Dragon Lord" direction="2" spawntime="60" x="0" y="0"/>
</spawn>
<spawn centerx="262" centery="28" centerz="8" radius="5">
<monster name="Dragon Lord" direction="2" spawntime="60" x="-1" y="0"/>
</spawn>
<spawn centerx="253" centery="33" centerz="8" radius="5">
<monster name="Dragon Lord" direction="2" spawntime="60" x="0" y="-3"/>
</spawn>
<spawn centerx="253" centery="42" centerz="8" radius="5">
<monster name="Dragon Lord" direction="2" spawntime="60" x="2" y="2"/>
</spawn>
<spawn centerx="245" centery="36" centerz="8" radius="5">
<monster name="Dragon Lord" direction="2" spawntime="60" x="-3" y="1"/>
</spawn>
<spawn centerx="193" centery="118" centerz="10" radius="5">
<monster name="Demon" direction="2" spawntime="60" x="-2" y="-2"/>
<monster name="Demon" direction="2" spawntime="60" x="0" y="-2"/>
<monster name="Demon" direction="2" spawntime="60" x="1" y="2"/>
<monster name="Demon" direction="2" spawntime="60" x="-1" y="2"/>
<monster name="Demon" direction="2" spawntime="60" x="3" y="0"/>
<monster name="Demon" direction="2" spawntime="60" x="2" y="0"/>
</spawn>
<spawn centerx="206" centery="212" centerz="9" radius="5">
<monster name="Black Knight" direction="2" spawntime="220" x="-1" y="2"/>
</spawn>
<spawn centerx="209" centery="220" centerz="9" radius="5">
<monster name="Black Knight" direction="2" spawntime="90" x="3" y="0"/>
<monster name="Black Knight" direction="2" spawntime="180" x="-1" y="1"/>
</spawn>
<spawn centerx="219" centery="220" centerz="9" radius="5">
<monster name="Black Knight" direction="2" spawntime="220" x="3" y="-1"/>
</spawn>
<spawn centerx="230" centery="219" centerz="9" radius="5">
<monster name="Black Knight" direction="2" spawntime="60" x="-2" y="-2"/>
<monster name="Black Knight" direction="2" spawntime="60" x="0" y="5"/>
</spawn>
<spawn centerx="238" centery="221" centerz="9" radius="5">
<monster name="Black Knight" direction="2" spawntime="220" x="-1" y="0"/>
</spawn>
<spawn centerx="241" centery="215" centerz="9" radius="5">
<monster name="Black Knight" direction="2" spawntime="60" x="2" y="1"/>
<monster name="Black Knight" direction="2" spawntime="70" x="-2" y="-1"/>
</spawn>
<spawn centerx="238" centery="225" centerz="9" radius="5">
<monster name="Black Knight" direction="2" spawntime="50" x="2" y="1"/>
</spawn>
<spawn centerx="295" centery="43" centerz="8" radius="5">
<monster name="Demon" direction="2" spawntime="20" x="-2" y="-2"/>
</spawn>
<spawn centerx="296" centery="58" centerz="8" radius="5">
<monster name="Demon" direction="2" spawntime="20" x="2" y="-1"/>
</spawn>
<spawn centerx="278" centery="65" centerz="8" radius="5">
<monster name="Demon" direction="2" spawntime="20" x="0" y="-5"/>
<monster name="Demon" direction="2" spawntime="20" x="0" y="5"/>
<monster name="Demon" direction="2" spawntime="20" x="-2" y="1"/>
</spawn>
<spawn centerx="294" centery="73" centerz="8" radius="5">
<monster name="Demon" direction="2" spawntime="20" x="-5" y="0"/>
<monster name="Demon" direction="2" spawntime="20" x="5" y="0"/>
<monster name="Demon" direction="2" spawntime="20" x="1" y="-2"/>
</spawn>
<spawn centerx="305" centery="78" centerz="8" radius="5">
<monster name="Demon" direction="2" spawntime="20" x="0" y="2"/>
<monster name="Demon" direction="2" spawntime="20" x="2" y="-2"/>
</spawn>
<spawn centerx="289" centery="85" centerz="8" radius="5">
<monster name="Demon" direction="2" spawntime="20" x="5" y="0"/>
<monster name="Demon" direction="2" spawntime="20" x="-5" y="0"/>
</spawn>
<spawn centerx="267" centery="86" centerz="8" radius="5">
<monster name="Demon" direction="2" spawntime="20" x="4" y="-1"/>
<monster name="Demon" direction="2" spawntime="20" x="-3" y="-4"/>
<monster name="Demon" direction="2" spawntime="20" x="0" y="-2"/>
</spawn>
<spawn centerx="258" centery="70" centerz="8" radius="5">
<monster name="Demon" direction="2" spawntime="20" x="-1" y="4"/>
<monster name="Demon" direction="2" spawntime="20" x="-1" y="-4"/>
<monster name="Demon" direction="2" spawntime="20" x="-2" y="-2"/>
</spawn>
<spawn centerx="268" centery="52" centerz="8" radius="5">
<monster name="Demon" direction="2" spawntime="20" x="5" y="0"/>
<monster name="Demon" direction="2" spawntime="20" x="-4" y="3"/>
<monster name="Demon" direction="2" spawntime="20" x="-1" y="2"/>
</spawn>
<spawn centerx="291" centery="103" centerz="8" radius="5">
<monster name="Demon" direction="2" spawntime="20" x="4" y="0"/>
<monster name="Demon" direction="2" spawntime="20" x="-4" y="-2"/>
</spawn>
<spawn centerx="298" centery="117" centerz="8" radius="5">
<monster name="Demon" direction="2" spawntime="20" x="-4" y="2"/>
<monster name="Demon" direction="2" spawntime="20" x="0" y="-5"/>
<monster name="Demon" direction="2" spawntime="20" x="-1" y="-1"/>
</spawn>
<spawn centerx="281" centery="127" centerz="8" radius="5">
<monster name="Demon" direction="2" spawntime="20" x="-4" y="0"/>
<monster name="Demon" direction="2" spawntime="20" x="4" y="-3"/>
<monster name="Demon" direction="2" spawntime="20" x="-1" y="-1"/>
</spawn>
<spawn centerx="275" centery="140" centerz="8" radius="5">
<monster name="Demon" direction="2" spawntime="20" x="-3" y="3"/>
<monster name="Demon" direction="2" spawntime="20" x="0" y="-5"/>
<monster name="Demon" direction="2" spawntime="20" x="0" y="-1"/>
</spawn>
<spawn centerx="260" centery="149" centerz="8" radius="5">
<monster name="Demon" direction="2" spawntime="20" x="0" y="-2"/>
</spawn>
<spawn centerx="262" centery="161" centerz="8" radius="5">
<monster name="Demon" direction="2" spawntime="20" x="1" y="4"/>
<monster name="Demon" direction="2" spawntime="20" x="-2" y="-4"/>
<monster name="Demon" direction="2" spawntime="20" x="-2" y="-1"/>
</spawn>
<spawn centerx="263" centery="184" centerz="8" radius="5">
<monster name="Demon" direction="2" spawntime="20" x="-3" y="3"/>
<monster name="Demon" direction="2" spawntime="20" x="3" y="-4"/>
<monster name="Demon" direction="2" spawntime="20" x="0" y="-1"/>
</spawn>
<spawn centerx="245" centery="177" centerz="8" radius="5">
<monster name="Demon" direction="2" spawntime="20" x="0" y="-4"/>
<monster name="Demon" direction="2" spawntime="20" x="0" y="5"/>
<monster name="Demon" direction="2" spawntime="20" x="0" y="-1"/>
</spawn>
<spawn centerx="237" centery="160" centerz="8" radius="5">
<monster name="Demon" direction="2" spawntime="20" x="0" y="-4"/>
<monster name="Demon" direction="2" spawntime="20" x="0" y="5"/>
<monster name="Demon" direction="2" spawntime="20" x="-2" y="0"/>
</spawn>
<spawn centerx="242" centery="143" centerz="8" radius="5">
<monster name="Demon" direction="2" spawntime="20" x="3" y="-4"/>
<monster name="Demon" direction="2" spawntime="20" x="-3" y="4"/>
<monster name="Demon" direction="2" spawntime="20" x="-1" y="-1"/>
</spawn>
<spawn centerx="256" centery="131" centerz="8" radius="5">
<monster name="Demon" direction="2" spawntime="20" x="3" y="-4"/>
<monster name="Demon" direction="2" spawntime="20" x="0" y="-1"/>
</spawn>
<spawn centerx="269" centery="110" centerz="8" radius="5">
<monster name="Demon" direction="2" spawntime="20" x="0" y="2"/>
</spawn>
<spawn centerx="305" centery="51" centerz="8" radius="5">
<monster name="Demon" direction="2" spawntime="20" x="-1" y="-3"/>
<monster name="Demon" direction="2" spawntime="20" x="0" y="4"/>
</spawn>
<spawn centerx="284" centery="58" centerz="8" radius="5">
<monster name="Demon" direction="2" spawntime="20" x="3" y="0"/>
<monster name="Demon" direction="2" spawntime="20" x="-4" y="0"/>
</spawn>
<spawn centerx="285" centery="71" centerz="8" radius="5">
<monster name="Demon" direction="2" spawntime="20" x="-1" y="0"/>
</spawn>
<spawn centerx="305" centery="72" centerz="8" radius="5">
<monster name="Demon" direction="2" spawntime="20" x="2" y="-1"/>
</spawn>
<spawn centerx="298" centery="84" centerz="8" radius="5">
<monster name="Demon" direction="2" spawntime="20" x="2" y="-2"/>
<monster name="Demon" direction="2" spawntime="20" x="-2" y="1"/>
</spawn>
<spawn centerx="278" centery="85" centerz="8" radius="5">
<monster name="Demon" direction="2" spawntime="20" x="-2" y="-1"/>
</spawn>
<spawn centerx="260" centery="79" centerz="8" radius="5">
<monster name="Demon" direction="2" spawntime="20" x="-1" y="-2"/>
</spawn>
<spawn centerx="260" centery="60" centerz="8" radius="5">
<monster name="Demon" direction="2" spawntime="20" x="-1" y="3"/>
<monster name="Demon" direction="2" spawntime="20" x="2" y="-3"/>
</spawn>
<spawn centerx="408" centery="30" centerz="10" radius="5">
<monster name="Orshabaal" direction="2" spawntime="20" x="1" y="-1"/>
</spawn>
<spawn centerx="408" centery="43" centerz="10" radius="5">
<monster name="Orshabaal" direction="2" spawntime="20" x="-1" y="0"/>
</spawn>
<spawn centerx="423" centery="44" centerz="10" radius="5">
<monster name="Orshabaal" direction="2" spawntime="20" x="1" y="-1"/>
</spawn>
<spawn centerx="423" centery="30" centerz="10" radius="5">
<monster name="Orshabaal" direction="2" spawntime="20" x="1" y="-1"/>
</spawn>
<spawn centerx="407" centery="36" centerz="10" radius="5">
<monster name="Demon" direction="2" spawntime="20" x="1" y="0"/>
<monster name="Orshabaal" direction="2" spawntime="100" x="-4" y="-1"/>
</spawn>
<spawn centerx="425" centery="37" centerz="10" radius="5">
<monster name="Demon" direction="2" spawntime="20" x="-1" y="0"/>
</spawn>
<spawn centerx="415" centery="30" centerz="10" radius="5">
<monster name="Demon" direction="2" spawntime="20" x="0" y="-1"/>
</spawn>
<spawn centerx="415" centery="43" centerz="10" radius="5">
<monster name="Demon" direction="2" spawntime="20" x="0" y="-1"/>
</spawn>
<spawn centerx="399" centery="47" centerz="10" radius="5">
<monster name="Orshabaal" direction="2" spawntime="100" x="-2" y="-1"/>
<monster name="Orshabaal" direction="2" spawntime="100" x="2" y="-1"/>
<monster name="Demon" direction="2" spawntime="100" x="0" y="-5"/>
</spawn>
<spawn centerx="399" centery="63" centerz="10" radius="5">
<monster name="Orshabaal" direction="2" spawntime="100" x="-2" y="1"/>
<monster name="Orshabaal" direction="2" spawntime="100" x="2" y="1"/>
</spawn>
<spawn centerx="398" centery="82" centerz="10" radius="5">
<monster name="Orshabaal" direction="2" spawntime="100" x="-1" y="-2"/>
<monster name="Orshabaal" direction="2" spawntime="100" x="-1" y="2"/>
</spawn>
<spawn centerx="376" centery="82" centerz="10" radius="5">
<monster name="Orshabaal" direction="2" spawntime="100" x="-1" y="-2"/>
<monster name="Orshabaal" direction="2" spawntime="100" x="-1" y="2"/>
</spawn>
<spawn centerx="374" centery="73" centerz="9" radius="5">
<monster name="Orshabaal" direction="2" spawntime="60" x="0" y="-2"/>
<monster name="Orshabaal" direction="2" spawntime="60" x="0" y="2"/>
</spawn>
<spawn centerx="393" centery="72" centerz="9" radius="5">
<monster name="Orshabaal" direction="2" spawntime="60" x="-2" y="-2"/>
<monster name="Orshabaal" direction="2" spawntime="60" x="2" y="-2"/>
</spawn>
<spawn centerx="393" centery="55" centerz="9" radius="5">
<monster name="Orshabaal" direction="2" spawntime="60" x="-2" y="3"/>
<monster name="Orshabaal" direction="2" spawntime="60" x="2" y="3"/>
</spawn>
<spawn centerx="393" centery="48" centerz="8" radius="5">
<monster name="Orshabaal" direction="2" spawntime="60" x="-2" y="-1"/>
<monster name="Orshabaal" direction="2" spawntime="60" x="2" y="-1"/>
</spawn>
<spawn centerx="393" centery="40" centerz="8" radius="5">
<monster name="Demon" direction="2" spawntime="60" x="0" y="-2"/>
</spawn>
<spawn centerx="399" centery="37" centerz="10" radius="5">
<monster name="Orshabaal" direction="2" spawntime="100" x="-2" y="-2"/>
</spawn>
<spawn centerx="297" centery="108" centerz="8" radius="5">
<monster name="Demon" direction="2" spawntime="20" x="2" y="0"/>
</spawn>
<spawn centerx="291" centery="124" centerz="8" radius="5">
<monster name="Demon" direction="2" spawntime="20" x="-1" y="-2"/>
</spawn>
<spawn centerx="274" centery="131" centerz="8" radius="5">
<monster name="Demon" direction="2" spawntime="20" x="0" y="1"/>
</spawn>
<spawn centerx="268" centery="145" centerz="8" radius="5">
<monster name="Demon" direction="2" spawntime="20" x="-2" y="1"/>
</spawn>
<spawn centerx="251" centery="151" centerz="8" radius="5">
<monster name="Demon" direction="2" spawntime="20" x="1" y="1"/>
<monster name="Demon" direction="2" spawntime="20" x="1" y="-1"/>
</spawn>
<spawn centerx="248" centery="136" centerz="8" radius="5">
<monster name="Demon" direction="2" spawntime="20" x="2" y="-1"/>
</spawn>
<spawn centerx="265" centery="169" centerz="8" radius="5">
<monster name="Demon" direction="2" spawntime="20" x="0" y="-2"/>
</spawn>
<spawn centerx="265" centery="178" centerz="8" radius="5">
<monster name="Demon" direction="2" spawntime="20" x="1" y="-4"/>
</spawn>
<spawn centerx="250" centery="185" centerz="8" radius="5">
<monster name="Demon" direction="2" spawntime="20" x="3" y="3"/>
</spawn>
<spawn centerx="240" centery="168" centerz="8" radius="5">
<monster name="Demon" direction="2" spawntime="20" x="1" y="2"/>
</spawn>
<spawn centerx="236" centery="151" centerz="8" radius="5">
<monster name="Demon" direction="2" spawntime="20" x="-1" y="2"/>
</spawn>
<spawn centerx="262" centery="121" centerz="8" radius="5">
<monster name="Demon" direction="2" spawntime="20" x="1" y="-1"/>
<monster name="Demon" direction="2" spawntime="20" x="-1" y="3"/>
</spawn>
<spawn centerx="224" centery="152" centerz="7" radius="5">
<monster name="Hyaena" direction="2" spawntime="60" x="-3" y="-4"/>
<monster name="Hyaena" direction="2" spawntime="60" x="0" y="-3"/>
<monster name="Hyaena" direction="2" spawntime="60" x="-1" y="2"/>
</spawn>
<spawn centerx="311" centery="59" centerz="9" radius="5">
<monster name="Fire Elemental" direction="2" spawntime="60" x="-2" y="-2"/>
<monster name="Fire Elemental" direction="2" spawntime="60" x="-2" y="1"/>
<monster name="Fire Elemental" direction="2" spawntime="60" x="-1" y="0"/>
</spawn>
<spawn centerx="429" centery="244" centerz="6" radius="5">
<monster name="Orc Warlord" direction="2" spawntime="60" x="0" y="-3"/>
<monster name="Orc Warlord" direction="2" spawntime="60" x="-2" y="-1"/>
<monster name="Orc Warlord" direction="2" spawntime="60" x="-1" y="3"/>
<monster name="Orc Leader" direction="2" spawntime="60" x="3" y="-1"/>
<monster name="Orc Berserker" direction="2" spawntime="60" x="2" y="-3"/>
<monster name="Orc Berserker" direction="2" spawntime="60" x="-3" y="1"/>
<monster name="Orc Berserker" direction="2" spawntime="60" x="3" y="2"/>
</spawn>
<spawn centerx="432" centery="251" centerz="6" radius="5">
<monster name="Orc Warlord" direction="2" spawntime="60" x="-1" y="0"/>
<monster name="Orc Warlord" direction="2" spawntime="60" x="2" y="-3"/>
<monster name="Orc Warlord" direction="2" spawntime="60" x="3" y="2"/>
<monster name="Orc Warlord" direction="2" spawntime="60" x="-4" y="2"/>
<monster name="Orc Leader" direction="2" spawntime="60" x="2" y="-1"/>
<monster name="Orc Leader" direction="2" spawntime="60" x="-4" y="0"/>
<monster name="Orc Berserker" direction="2" spawntime="60" x="3" y="-3"/>
<monster name="Orc Berserker" direction="2" spawntime="60" x="-2" y="-2"/>
</spawn>
<spawn centerx="439" centery="246" centerz="6" radius="5">
<monster name="Orc Berserker" direction="2" spawntime="60" x="-1" y="2"/>
<monster name="Orc Leader" direction="2" spawntime="60" x="-1" y="-2"/>
<monster name="Orc Warlord" direction="2" spawntime="60" x="-3" y="-1"/>
<monster name="Orc Berserker" direction="2" spawntime="60" x="-3" y="-2"/>
</spawn>
<spawn centerx="422" centery="244" centerz="6" radius="5">
<monster name="Orc Berserker" direction="2" spawntime="60" x="1" y="2"/>
<monster name="Orc Leader" direction="2" spawntime="60" x="1" y="-4"/>
</spawn>
<spawn centerx="428" centery="256" centerz="6" radius="5">
<monster name="Orc Leader" direction="2" spawntime="60" x="1" y="1"/>
</spawn>
<spawn centerx="439" centery="256" centerz="6" radius="5">
<monster name="Orc Leader" direction="2" spawntime="60" x="-1" y="0"/>
</spawn>
<spawn centerx="437" centery="236" centerz="6" radius="5">
<monster name="Orc Berserker" direction="2" spawntime="60" x="2" y="2"/>
<monster name="Orc Leader" direction="2" spawntime="60" x="-3" y="0"/>
<monster name="Orc Warlord" direction="2" spawntime="60" x="-2" y="3"/>
</spawn>
<spawn centerx="423" centery="236" centerz="6" radius="5">
<monster name="Orc Leader" direction="2" spawntime="60" x="1" y="0"/>
</spawn>
<spawn centerx="433" centery="242" centerz="7" radius="5">
<monster name="Orc Berserker" direction="2" spawntime="60" x="-1" y="-1"/>
<monster name="Orc Berserker" direction="2" spawntime="60" x="2" y="-2"/>
<monster name="Orc Warlord" direction="2" spawntime="60" x="-2" y="0"/>
<monster name="Orc Warlord" direction="2" spawntime="60" x="1" y="2"/>
<monster name="Orc Warlord" direction="2" spawntime="60" x="-3" y="1"/>
<monster name="Orc Leader" direction="2" spawntime="60" x="-3" y="-2"/>
<monster name="Orc Leader" direction="2" spawntime="60" x="-2" y="-2"/>
<monster name="Orc Leader" direction="2" spawntime="60" x="-1" y="-2"/>
<monster name="Orc Leader" direction="2" spawntime="60" x="-1" y="2"/>
<monster name="Orc Warlord" direction="2" spawntime="60" x="2" y="-1"/>
<monster name="Orc Warlord" direction="2" spawntime="60" x="-4" y="-3"/>
</spawn>
<spawn centerx="428" centery="249" centerz="7" radius="5">
<monster name="Orc Berserker" direction="2" spawntime="60" x="-1" y="0"/>
<monster name="Orc Berserker" direction="2" spawntime="60" x="0" y="3"/>
<monster name="Orc Warlord" direction="2" spawntime="60" x="-3" y="-2"/>
<monster name="Orc Warlord" direction="2" spawntime="60" x="3" y="2"/>
<monster name="Orc Warlord" direction="2" spawntime="60" x="-2" y="2"/>
<monster name="Orc Warlord" direction="2" spawntime="60" x="-1" y="-3"/>
<monster name="Orc Leader" direction="2" spawntime="60" x="-3" y="-4"/>
<monster name="Orc Leader" direction="2" spawntime="60" x="2" y="0"/>
<monster name="Orc Warlord" direction="2" spawntime="60" x="1" y="3"/>
<monster name="Orc Warlord" direction="2" spawntime="60" x="1" y="2"/>
<monster name="Orc Warlord" direction="2" spawntime="60" x="1" y="1"/>
<monster name="Orc Warlord" direction="2" spawntime="60" x="0" y="-4"/>
</spawn>
<spawn centerx="439" centery="252" centerz="7" radius="5">
<monster name="Orc Berserker" direction="2" spawntime="60" x="-1" y="4"/>
<monster name="Orc Berserker" direction="2" spawntime="60" x="-4" y="0"/>
<monster name="Orc Leader" direction="2" spawntime="60" x="-4" y="-2"/>
</spawn>
<spawn centerx="439" centery="242" centerz="7" radius="5">
<monster name="Orc Berserker" direction="2" spawntime="60" x="-1" y="2"/>
</spawn>
<spawn centerx="424" centery="237" centerz="7" radius="5">
<monster name="Orc Berserker" direction="2" spawntime="60" x="-1" y="-1"/>
<monster name="Orc Warlord" direction="2" spawntime="60" x="3" y="2"/>
<monster name="Orc Leader" direction="2" spawntime="60" x="1" y="3"/>
</spawn>
<spawn centerx="435" centery="236" centerz="7" radius="5">
<monster name="Orc Berserker" direction="2" spawntime="60" x="-2" y="0"/>
</spawn>
<spawn centerx="422" centery="246" centerz="7" radius="5">
<monster name="Orc Berserker" direction="2" spawntime="60" x="0" y="-1"/>
</spawn>
<spawn centerx="424" centery="256" centerz="7" radius="5">
<monster name="Orc Berserker" direction="2" spawntime="60" x="-2" y="0"/>
</spawn>
<spawn centerx="431" centery="256" centerz="7" radius="5">
<monster name="Orc" direction="2" spawntime="60" x="-2" y="4"/>
<monster name="Orc Berserker" direction="2" spawntime="60" x="0" y="1"/>
<monster name="Orc Warlord" direction="2" spawntime="60" x="1" y="-3"/>
</spawn>
<spawn centerx="438" centery="261" centerz="7" radius="5">
<monster name="Orc" direction="2" spawntime="60" x="-2" y="-1"/>
</spawn>
<spawn centerx="428" centery="263" centerz="7" radius="5">
<monster name="Orc" direction="2" spawntime="60" x="1" y="-1"/>
</spawn>
<spawn centerx="432" centery="266" centerz="6" radius="5">
<monster name="Orc Shaman" direction="2" spawntime="60" x="0" y="0"/>
<monster name="Orc Shaman" direction="2" spawntime="60" x="-1" y="1"/>
<monster name="Orc Shaman" direction="2" spawntime="60" x="2" y="-1"/>
<monster name="Orc" direction="2" spawntime="60" x="-1" y="-1"/>
</spawn>
<spawn centerx="441" centery="277" centerz="7" radius="5">
<monster name="Ghoul" direction="2" spawntime="60" x="-2" y="-1"/>
<monster name="Ghoul" direction="2" spawntime="60" x="2" y="1"/>
<monster name="Ghoul" direction="2" spawntime="60" x="2" y="-3"/>
</spawn>
<spawn centerx="436" centery="279" centerz="7" radius="5">
<monster name="Ghoul" direction="2" spawntime="60" x="-3" y="0"/>
</spawn>
<spawn centerx="611" centery="623" centerz="8" radius="5">
<monster name="Rotworm" direction="2" spawntime="60" x="2" y="0"/>
<monster name="Rotworm" direction="2" spawntime="60" x="-1" y="-3"/>
<monster name="Rotworm" direction="2" spawntime="60" x="-3" y="2"/>
</spawn>
<spawn centerx="625" centery="622" centerz="8" radius="5">
<monster name="Rotworm" direction="2" spawntime="60" x="-2" y="-2"/>
<monster name="Rotworm" direction="2" spawntime="60" x="1" y="2"/>
</spawn>
<spawn centerx="607" centery="613" centerz="8" radius="5">
<monster name="Rotworm" direction="2" spawntime="60" x="-4" y="-1"/>
<monster name="Rotworm" direction="2" spawntime="60" x="-3" y="1"/>
<monster name="Rotworm" direction="2" spawntime="60" x="2" y="-3"/>
</spawn>
<spawn centerx="628" centery="609" centerz="8" radius="5">
<monster name="Rotworm" direction="2" spawntime="60" x="-2" y="-2"/>
<monster name="Rotworm" direction="2" spawntime="60" x="2" y="2"/>
</spawn>
<spawn centerx="622" centery="597" centerz="8" radius="5">
<monster name="Rotworm" direction="2" spawntime="60" x="-1" y="-2"/>
<monster name="Rotworm" direction="2" spawntime="60" x="-2" y="2"/>
<monster name="Rotworm" direction="2" spawntime="60" x="2" y="1"/>
<monster name="Rotworm" direction="2" spawntime="60" x="3" y="1"/>
</spawn>
<spawn centerx="614" centery="590" centerz="8" radius="5">
<monster name="Rotworm" direction="2" spawntime="60" x="-3" y="1"/>
<monster name="Rotworm" direction="2" spawntime="60" x="3" y="-2"/>
<monster name="Rotworm" direction="2" spawntime="60" x="3" y="2"/>
</spawn>
<spawn centerx="602" centery="600" centerz="8" radius="5">
<monster name="Rotworm" direction="2" spawntime="60" x="1" y="4"/>
<monster name="Rotworm" direction="2" spawntime="60" x="-2" y="2"/>
<monster name="Rotworm" direction="2" spawntime="60" x="0" y="-2"/>
<monster name="Rotworm" direction="2" spawntime="60" x="3" y="1"/>
</spawn>
<spawn centerx="585" centery="624" centerz="8" radius="5">
<monster name="Rotworm" direction="2" spawntime="60" x="2" y="3"/>
<monster name="Rotworm" direction="2" spawntime="60" x="0" y="-1"/>
</spawn>
<spawn centerx="597" centery="624" centerz="8" radius="5">
<monster name="Rotworm" direction="2" spawntime="60" x="0" y="2"/>
<monster name="Rotworm" direction="2" spawntime="60" x="-2" y="0"/>
<monster name="Rotworm" direction="2" spawntime="60" x="2" y="1"/>
<monster name="Rotworm" direction="2" spawntime="60" x="1" y="-2"/>
</spawn>
<spawn centerx="597" centery="636" centerz="8" radius="5">
<monster name="Rotworm" direction="2" spawntime="60" x="2" y="-2"/>
<monster name="Rotworm" direction="2" spawntime="60" x="-3" y="-1"/>
</spawn>
<spawn centerx="633" centery="628" centerz="8" radius="5">
<monster name="Rotworm" direction="2" spawntime="60" x="1" y="-1"/>
<monster name="Rotworm" direction="2" spawntime="60" x="-2" y="3"/>
</spawn>
<spawn centerx="623" centery="640" centerz="8" radius="5">
<monster name="Rotworm" direction="2" spawntime="60" x="-1" y="-2"/>
<monster name="Rotworm" direction="2" spawntime="60" x="3" y="1"/>
<monster name="Rotworm" direction="2" spawntime="60" x="0" y="2"/>
<monster name="Rotworm" direction="2" spawntime="60" x="-3" y="1"/>
</spawn>
<spawn centerx="631" centery="645" centerz="8" radius="5">
<monster name="Hunter" direction="2" spawntime="60" x="0" y="-2"/>
<monster name="Hunter" direction="2" spawntime="60" x="-1" y="2"/>
<monster name="Hunter" direction="2" spawntime="60" x="2" y="0"/>
</spawn>
<spawn centerx="631" centery="653" centerz="8" radius="5">
<monster name="Orc Berserker" direction="2" spawntime="60" x="-1" y="3"/>
<monster name="Orc Berserker" direction="2" spawntime="60" x="-2" y="-1"/>
<monster name="Orc Berserker" direction="2" spawntime="60" x="2" y="0"/>
<monster name="Orc Leader" direction="2" spawntime="60" x="2" y="2"/>
</spawn>
<spawn centerx="641" centery="654" centerz="8" radius="5">
<monster name="Monk" direction="2" spawntime="60" x="1" y="1"/>
<monster name="Monk" direction="2" spawntime="60" x="-2" y="1"/>
<monster name="Monk" direction="2" spawntime="60" x="-1" y="-3"/>
</spawn>
<spawn centerx="641" centery="645" centerz="8" radius="5">
<monster name="Wild Warrior" direction="2" spawntime="60" x="0" y="-1"/>
<monster name="Wild Warrior" direction="2" spawntime="60" x="-2" y="1"/>
<monster name="Wild Warrior" direction="2" spawntime="60" x="1" y="2"/>
</spawn>
<spawn centerx="619" centery="654" centerz="8" radius="5">
<monster name="Cyclops" direction="2" spawntime="60" x="-3" y="-1"/>
<monster name="Cyclops" direction="2" spawntime="60" x="1" y="4"/>
</spawn>
<spawn centerx="600" centery="654" centerz="8" radius="5">
<monster name="Cyclops" direction="2" spawntime="60" x="-1" y="-1"/>
<monster name="Cyclops" direction="2" spawntime="60" x="-3" y="-3"/>
<monster name="Cyclops" direction="2" spawntime="60" x="-3" y="2"/>
<monster name="Cyclops" direction="2" spawntime="60" x="2" y="3"/>
<monster name="Cyclops" direction="2" spawntime="60" x="4" y="-3"/>
</spawn>
<spawn centerx="584" centery="653" centerz="8" radius="5">
<monster name="Cyclops" direction="2" spawntime="60" x="1" y="-2"/>
<monster name="Cyclops" direction="2" spawntime="60" x="-1" y="2"/>
</spawn>
<spawn centerx="619" centery="670" centerz="8" radius="5">
<monster name="Cyclops" direction="2" spawntime="60" x="0" y="3"/>
<monster name="Cyclops" direction="2" spawntime="60" x="3" y="-1"/>
</spawn>
<spawn centerx="608" centery="671" centerz="8" radius="5">
<monster name="Dwarf Soldier" direction="2" spawntime="60" x="3" y="1"/>
<monster name="Dwarf Soldier" direction="2" spawntime="60" x="-2" y="-2"/>
<monster name="Dwarf Guard" direction="2" spawntime="60" x="-2" y="0"/>
<monster name="Dwarf Guard" direction="2" spawntime="60" x="-1" y="2"/>
</spawn>
<spawn centerx="635" centery="670" centerz="8" radius="5">
<monster name="Cyclops" direction="2" spawntime="60" x="-2" y="4"/>
<monster name="Cyclops" direction="2" spawntime="60" x="-3" y="0"/>
<monster name="Cyclops" direction="2" spawntime="60" x="2" y="-3"/>
<monster name="Cyclops" direction="2" spawntime="60" x="3" y="3"/>
</spawn>
<spawn centerx="620" centery="685" centerz="8" radius="5">
<monster name="Cyclops" direction="2" spawntime="60" x="-2" y="-2"/>
<monster name="Cyclops" direction="2" spawntime="60" x="-3" y="3"/>
<monster name="Cyclops" direction="2" spawntime="60" x="1" y="3"/>
<monster name="Cyclops" direction="2" spawntime="60" x="4" y="1"/>
</spawn>
<spawn centerx="619" centery="671" centerz="7" radius="5">
<monster name="Cyclops" direction="2" spawntime="60" x="-1" y="-2"/>
<monster name="Cyclops" direction="2" spawntime="60" x="1" y="3"/>
</spawn>
<spawn centerx="621" centery="680" centerz="7" radius="5">
<monster name="Cyclops" direction="2" spawntime="60" x="-3" y="2"/>
<monster name="Cyclops" direction="2" spawntime="60" x="2" y="0"/>
</spawn>
<spawn centerx="628" centery="687" centerz="7" radius="5">
<monster name="Cyclops" direction="2" spawntime="60" x="1" y="4"/>
<monster name="Cyclops" direction="2" spawntime="60" x="-3" y="-1"/>
</spawn>
<spawn centerx="629" centery="669" centerz="7" radius="5">
<monster name="Cyclops" direction="2" spawntime="60" x="-2" y="-2"/>
<monster name="Cyclops" direction="2" spawntime="60" x="3" y="2"/>
</spawn>
<spawn centerx="614" centery="671" centerz="6" radius="5">
<monster name="Cyclops" direction="2" spawntime="60" x="4" y="-1"/>
<monster name="Cyclops" direction="2" spawntime="60" x="-3" y="1"/>
</spawn>
<spawn centerx="618" centery="682" centerz="6" radius="5">
<monster name="Cyclops" direction="2" spawntime="60" x="-1" y="-1"/>
<monster name="Cyclops" direction="2" spawntime="60" x="1" y="3"/>
<monster name="Cyclops" direction="2" spawntime="60" x="2" y="-4"/>
</spawn>
<spawn centerx="644" centery="682" centerz="7" radius="5">
<monster name="Cyclops" direction="2" spawntime="60" x="-1" y="3"/>
<monster name="Cyclops" direction="2" spawntime="60" x="1" y="-4"/>
</spawn>
<spawn centerx="653" centery="675" centerz="7" radius="5">
<monster name="Cyclops" direction="2" spawntime="60" x="-2" y="3"/>
<monster name="Cyclops" direction="2" spawntime="60" x="3" y="-1"/>
</spawn>
<spawn centerx="643" centery="665" centerz="7" radius="5">
<monster name="Cyclops" direction="2" spawntime="60" x="3" y="0"/>
<monster name="Cyclops" direction="2" spawntime="60" x="-1" y="-3"/>
</spawn>
<spawn centerx="667" centery="678" centerz="7" radius="5">
<monster name="Orc" direction="2" spawntime="60" x="-3" y="-2"/>
<monster name="Orc" direction="2" spawntime="60" x="0" y="2"/>
<monster name="Orc" direction="2" spawntime="60" x="1" y="-3"/>
<monster name="Orc Shaman" direction="2" spawntime="60" x="-3" y="1"/>
<monster name="Orc Spearman" direction="2" spawntime="60" x="-2" y="-3"/>
</spawn>
<spawn centerx="676" centery="677" centerz="7" radius="5">
<monster name="Orc" direction="2" spawntime="60" x="-3" y="-2"/>
<monster name="Orc Shaman" direction="2" spawntime="60" x="0" y="-2"/>
<monster name="Orc Spearman" direction="2" spawntime="60" x="2" y="-3"/>
<monster name="Orc Spearman" direction="2" spawntime="60" x="1" y="2"/>
<monster name="Orc Warlord" direction="2" spawntime="60" x="-1" y="3"/>
</spawn>
<spawn centerx="677" centery="674" centerz="6" radius="5">
<monster name="Orc Berserker" direction="2" spawntime="60" x="0" y="5"/>
<monster name="Orc Berserker" direction="2" spawntime="60" x="1" y="1"/>
<monster name="Orc Leader" direction="2" spawntime="60" x="-1" y="1"/>
</spawn>
<spawn centerx="675" centery="680" centerz="6" radius="5">
<monster name="Orc Shaman" direction="2" spawntime="60" x="-1" y="1"/>
<monster name="Orc Berserker" direction="2" spawntime="60" x="0" y="-1"/>
</spawn>
<spawn centerx="677" centery="675" centerz="5" radius="5">
<monster name="Orc Leader" direction="2" spawntime="60" x="0" y="-1"/>
<monster name="Orc Leader" direction="2" spawntime="60" x="1" y="3"/>
<monster name="Orc Warlord" direction="2" spawntime="60" x="0" y="5"/>
<monster name="Orc Warlord" direction="2" spawntime="60" x="-3" y="-1"/>
<monster name="Orc Warlord" direction="2" spawntime="60" x="-3" y="4"/>
</spawn>
<spawn centerx="656" centery="640" centerz="7" radius="5">
<monster name="Minotaur" direction="2" spawntime="60" x="-2" y="-2"/>
<monster name="Minotaur" direction="2" spawntime="60" x="3" y="-1"/>
<monster name="Minotaur" direction="2" spawntime="60" x="-1" y="3"/>
</spawn>
<spawn centerx="669" centery="608" centerz="7" radius="5">
<monster name="Ghoul" direction="2" spawntime="60" x="-2" y="-1"/>
<monster name="Ghoul" direction="2" spawntime="60" x="3" y="-1"/>
<monster name="Ghoul" direction="2" spawntime="60" x="0" y="2"/>
<monster name="Ghoul" direction="2" spawntime="60" x="-3" y="4"/>
<monster name="Ghoul" direction="2" spawntime="60" x="4" y="3"/>
</spawn>
<spawn centerx="673" centery="607" centerz="8" radius="16">
<monster name="Ghoul" direction="2" spawntime="60" x="-6" y="-1"/>
<monster name="Ghoul" direction="2" spawntime="60" x="-11" y="-4"/>
<monster name="Ghoul" direction="2" spawntime="60" x="-11" y="-9"/>
<monster name="Ghoul" direction="2" spawntime="60" x="-9" y="-11"/>
<monster name="Ghoul" direction="2" spawntime="60" x="-1" y="-10"/>
<monster name="Ghoul" direction="2" spawntime="60" x="0" y="-5"/>
<monster name="Ghoul" direction="2" spawntime="60" x="5" y="-1"/>
<monster name="Ghoul" direction="2" spawntime="60" x="10" y="-6"/>
<monster name="Ghoul" direction="2" spawntime="60" x="-1" y="4"/>
<monster name="Ghoul" direction="2" spawntime="60" x="-1" y="11"/>
<monster name="Ghoul" direction="2" spawntime="60" x="-6" y="13"/>
<monster name="Ghoul" direction="2" spawntime="60" x="4" y="12"/>
<monster name="Ghoul" direction="2" spawntime="60" x="8" y="11"/>
<monster name="Ghoul" direction="2" spawntime="60" x="10" y="8"/>
<monster name="Ghoul" direction="2" spawntime="60" x="7" y="5"/>
<monster name="Ghoul" direction="2" spawntime="60" x="-8" y="5"/>
<monster name="Demon Skeleton" direction="2" spawntime="60" x="-11" y="-10"/>
<monster name="Demon Skeleton" direction="2" spawntime="60" x="1" y="-11"/>
<monster name="Demon Skeleton" direction="2" spawntime="60" x="9" y="-10"/>
<monster name="Demon Skeleton" direction="2" spawntime="60" x="-10" y="9"/>
<monster name="Demon Skeleton" direction="2" spawntime="60" x="10" y="10"/>
</spawn>
<spawn centerx="673" centery="600" centerz="9" radius="5">
<monster name="Fire Elemental" direction="2" spawntime="60" x="1" y="4"/>
<monster name="Fire Elemental" direction="2" spawntime="60" x="-1" y="1"/>
<monster name="Fire Elemental" direction="2" spawntime="60" x="0" y="-2"/>
</spawn>
<spawn centerx="673" centery="612" centerz="9" radius="5">
<monster name="Fire Elemental" direction="2" spawntime="60" x="-1" y="1"/>
<monster name="Fire Elemental" direction="2" spawntime="60" x="0" y="-1"/>
<monster name="Fire Elemental" direction="2" spawntime="60" x="1" y="-4"/>
</spawn>
<spawn centerx="661" centery="596" centerz="9" radius="5">
<monster name="Monk" direction="2" spawntime="60" x="4" y="-1"/>
<monster name="Monk" direction="2" spawntime="60" x="-3" y="1"/>
</spawn>
<spawn centerx="655" centery="587" centerz="9" radius="5">
<monster name="Monk" direction="2" spawntime="60" x="-3" y="3"/>
<monster name="Monk" direction="2" spawntime="60" x="-2" y="0"/>
<monster name="Monk" direction="2" spawntime="60" x="2" y="-1"/>
</spawn>
<spawn centerx="638" centery="595" centerz="9" radius="5">
<monster name="Monk" direction="2" spawntime="60" x="1" y="-3"/>
<monster name="Monk" direction="2" spawntime="60" x="3" y="1"/>
</spawn>
<spawn centerx="628" centery="578" centerz="9" radius="5">
<monster name="Monk" direction="2" spawntime="60" x="3" y="2"/>
<monster name="Monk" direction="2" spawntime="60" x="-2" y="2"/>
<monster name="Monk" direction="2" spawntime="60" x="-3" y="-2"/>
<monster name="Monk" direction="2" spawntime="60" x="3" y="-3"/>
</spawn>
<spawn centerx="639" centery="571" centerz="9" radius="5">
<monster name="Monk" direction="2" spawntime="60" x="-1" y="3"/>
<monster name="Monk" direction="2" spawntime="60" x="3" y="0"/>
</spawn>
<spawn centerx="616" centery="561" centerz="9" radius="7">
<monster name="Monk" direction="2" spawntime="60" x="-3" y="1"/>
<monster name="Monk" direction="2" spawntime="60" x="1" y="5"/>
<monster name="Monk" direction="2" spawntime="60" x="5" y="0"/>
<monster name="Monk" direction="2" spawntime="60" x="0" y="-3"/>
<monster name="Monk" direction="2" spawntime="60" x="0" y="-7"/>
</spawn>
<spawn centerx="660" centery="574" centerz="9" radius="5">
<monster name="Monk" direction="2" spawntime="60" x="2" y="2"/>
<monster name="Monk" direction="2" spawntime="60" x="-2" y="-1"/>
<monster name="Monk" direction="2" spawntime="60" x="-2" y="-4"/>
<monster name="Monk" direction="2" spawntime="60" x="2" y="-2"/>
</spawn>
<spawn centerx="684" centery="596" centerz="9" radius="5">
<monster name="Demon Skeleton" direction="2" spawntime="60" x="2" y="1"/>
<monster name="Demon Skeleton" direction="2" spawntime="60" x="5" y="0"/>
</spawn>
<spawn centerx="696" centery="596" centerz="9" radius="5">
<monster name="Demon Skeleton" direction="2" spawntime="60" x="-2" y="1"/>
<monster name="Demon Skeleton" direction="2" spawntime="60" x="2" y="-1"/>
<monster name="Demon Skeleton" direction="2" spawntime="60" x="4" y="0"/>
</spawn>
<spawn centerx="692" centery="579" centerz="10" radius="5">
<monster name="Warlock" direction="2" spawntime="60" x="-3" y="-2"/>
<monster name="Warlock" direction="2" spawntime="60" x="2" y="-2"/>
<monster name="Warlock" direction="2" spawntime="60" x="4" y="0"/>
<monster name="Warlock" direction="2" spawntime="60" x="-2" y="1"/>
</spawn>
<spawn centerx="712" centery="578" centerz="10" radius="5">
<monster name="Warlock" direction="2" spawntime="60" x="2" y="1"/>
<monster name="Warlock" direction="2" spawntime="60" x="3" y="-1"/>
<monster name="Warlock" direction="2" spawntime="60" x="0" y="-2"/>
<monster name="Warlock" direction="2" spawntime="60" x="-3" y="1"/>
</spawn>
<spawn centerx="712" centery="587" centerz="10" radius="5">
<monster name="Warlock" direction="2" spawntime="60" x="-3" y="-1"/>
<monster name="Warlock" direction="2" spawntime="60" x="-1" y="2"/>
<monster name="Warlock" direction="2" spawntime="60" x="2" y="-1"/>
</spawn>
<spawn centerx="692" centery="588" centerz="10" radius="5">
<monster name="Warlock" direction="2" spawntime="60" x="0" y="3"/>
<monster name="Warlock" direction="2" spawntime="60" x="2" y="-3"/>
<monster name="Warlock" direction="2" spawntime="60" x="-2" y="-3"/>
</spawn>
<spawn centerx="693" centery="601" centerz="10" radius="5">
<monster name="Warlock" direction="2" spawntime="60" x="0" y="4"/>
<monster name="Warlock" direction="2" spawntime="60" x="-4" y="0"/>
</spawn>
<spawn centerx="702" centery="607" centerz="10" radius="5">
<monster name="Warlock" direction="2" spawntime="60" x="-4" y="2"/>
<monster name="Warlock" direction="2" spawntime="60" x="-1" y="-3"/>
<monster name="Warlock" direction="2" spawntime="60" x="3" y="2"/>
</spawn>
<spawn centerx="711" centery="601" centerz="10" radius="5">
<monster name="Warlock" direction="2" spawntime="60" x="-1" y="3"/>
<monster name="Warlock" direction="2" spawntime="60" x="3" y="-1"/>
</spawn>
<spawn centerx="679" centery="591" centerz="10" radius="5">
<monster name="Warlock" direction="2" spawntime="60" x="0" y="5"/>
<monster name="Warlock" direction="2" spawntime="60" x="-2" y="2"/>
<monster name="Warlock" direction="2" spawntime="60" x="3" y="-1"/>
<monster name="Warlock" direction="2" spawntime="60" x="-2" y="-3"/>
</spawn>
<spawn centerx="725" centery="591" centerz="10" radius="5">
<monster name="Warlock" direction="2" spawntime="60" x="3" y="2"/>
<monster name="Warlock" direction="2" spawntime="60" x="3" y="-2"/>
<monster name="Warlock" direction="2" spawntime="60" x="-3" y="0"/>
<monster name="Warlock" direction="2" spawntime="60" x="0" y="-3"/>
</spawn>
<spawn centerx="673" centery="633" centerz="10" radius="5">
<monster name="Demon" direction="2" spawntime="60" x="0" y="1"/>
</spawn>
<spawn centerx="659" centery="634" centerz="10" radius="5">
<monster name="Demon" direction="2" spawntime="60" x="-1" y="0"/>
</spawn>
<spawn centerx="687" centery="634" centerz="10" radius="5">
<monster name="Demon" direction="2" spawntime="60" x="1" y="0"/>
</spawn>
<spawn centerx="696" centery="625" centerz="10" radius="5">
<monster name="Demon" direction="2" spawntime="60" x="3" y="-4"/>
<monster name="Demon" direction="2" spawntime="60" x="2" y="4"/>
</spawn>
<spawn centerx="665" centery="649" centerz="10" radius="5">
<monster name="Demon" direction="2" spawntime="60" x="-3" y="-2"/>
</spawn>
<spawn centerx="681" centery="649" centerz="10" radius="5">
<monster name="Demon" direction="2" spawntime="60" x="3" y="-2"/>
</spawn>
<spawn centerx="673" centery="660" centerz="10" radius="5">
<monster name="Demon" direction="2" spawntime="60" x="0" y="-3"/>
<monster name="Demon" direction="2" spawntime="60" x="-2" y="0"/>
</spawn>
<spawn centerx="650" centery="625" centerz="10" radius="5">
<monster name="Demon" direction="2" spawntime="60" x="-4" y="-2"/>
<monster name="Demon" direction="2" spawntime="60" x="4" y="2"/>
</spawn>
<spawn centerx="351" centery="122" centerz="7" radius="25">
<monster name="Lizard Sentinel" direction="2" spawntime="60" x="5" y="-6"/>
<monster name="Lizard Sentinel" direction="2" spawntime="60" x="5" y="-2"/>
<monster name="Lizard Sentinel" direction="2" spawntime="60" x="-6" y="3"/>
<monster name="Lizard Sentinel" direction="2" spawntime="60" x="7" y="7"/>
<monster name="Lizard Sentinel" direction="2" spawntime="60" x="18" y="5"/>
<monster name="Lizard Snakecharmer" direction="2" spawntime="60" x="3" y="-3"/>
<monster name="Lizard Snakecharmer" direction="2" spawntime="60" x="-6" y="2"/>
<monster name="Lizard Snakecharmer" direction="2" spawntime="60" x="9" y="-7"/>
<monster name="Lizard Snakecharmer" direction="2" spawntime="60" x="15" y="-10"/>
<monster name="Lizard Templar" direction="2" spawntime="60" x="17" y="4"/>
<monster name="Lizard Templar" direction="2" spawntime="60" x="10" y="-3"/>
<monster name="Lizard Templar" direction="2" spawntime="60" x="-2" y="5"/>
<monster name="Lizard Templar" direction="2" spawntime="60" x="-20" y="6"/>
<monster name="Lizard Templar" direction="2" spawntime="60" x="-21" y="-3"/>
<monster name="Lizard Templar" direction="2" spawntime="60" x="-18" y="-3"/>
</spawn>
<spawn centerx="415" centery="107" centerz="7" radius="5">
<monster name="Hydra" direction="2" spawntime="60" x="1" y="-1"/>
</spawn>
<spawn centerx="429" centery="77" centerz="7" radius="5">
<monster name="Hydra" direction="2" spawntime="60" x="2" y="-1"/>
</spawn>
<spawn centerx="439" centery="71" centerz="7" radius="5">
<monster name="Hydra" direction="2" spawntime="60" x="0" y="-3"/>
<monster name="Hydra" direction="2" spawntime="60" x="2" y="1"/>
</spawn>
<spawn centerx="430" centery="102" centerz="7" radius="5">
<monster name="Hydra" direction="2" spawntime="60" x="3" y="-4"/>
</spawn>
<spawn centerx="413" centery="93" centerz="7" radius="5">
<monster name="Hydra" direction="2" spawntime="60" x="0" y="-4"/>
</spawn>
<spawn centerx="392" centery="112" centerz="7" radius="5">
<monster name="Hydra" direction="2" spawntime="60" x="4" y="3"/>
</spawn>
<spawn centerx="379" centery="106" centerz="7" radius="5">
<monster name="Hydra" direction="2" spawntime="60" x="2" y="-2"/>
</spawn>
<spawn centerx="639" centery="493" centerz="7" radius="55">
<monster name="Giant Spider" direction="2" spawntime="60" x="-26" y="38"/>
<monster name="Giant Spider" direction="2" spawntime="60" x="-26" y="39"/>
<monster name="Giant Spider" direction="2" spawntime="60" x="0" y="44"/>
<monster name="Giant Spider" direction="2" spawntime="60" x="-43" y="23"/>
<monster name="Giant Spider" direction="2" spawntime="60" x="-45" y="25"/>
<monster name="Elf Arcanist" direction="2" spawntime="60" x="-46" y="21"/>
<monster name="Hydra" direction="2" spawntime="60" x="-11" y="6"/>
<monster name="Hydra" direction="2" spawntime="60" x="26" y="11"/>
<monster name="Hydra" direction="2" spawntime="60" x="19" y="-4"/>
<monster name="Hydra" direction="2" spawntime="60" x="0" y="-18"/>
<monster name="Hydra" direction="2" spawntime="60" x="-24" y="-15"/>
<monster name="Hydra" direction="2" spawntime="60" x="-31" y="0"/>
<monster name="Giant Spider" direction="2" spawntime="60" x="-50" y="6"/>
<monster name="Giant Spider" direction="2" spawntime="60" x="-44" y="2"/>
<monster name="Hydra" direction="2" spawntime="60" x="-30" y="-8"/>
<monster name="Hydra" direction="2" spawntime="60" x="-6" y="4"/>
<monster name="Hydra" direction="2" spawntime="60" x="4" y="13"/>
<monster name="Hydra" direction="2" spawntime="60" x="5" y="13"/>
<monster name="Hydra" direction="2" spawntime="60" x="23" y="-1"/>
<monster name="Hydra" direction="2" spawntime="60" x="22" y="17"/>
<monster name="Hydra" direction="2" spawntime="60" x="27" y="17"/>
<monster name="Hydra" direction="2" spawntime="60" x="12" y="-17"/>
<monster name="Hydra" direction="2" spawntime="60" x="0" y="-7"/>
<monster name="Hydra" direction="2" spawntime="60" x="-23" y="3"/>
</spawn>
<spawn centerx="727" centery="616" centerz="8" radius="15">
<monster name="Larva" direction="2" spawntime="60" x="-5" y="-5"/>
<monster name="Larva" direction="2" spawntime="60" x="9" y="-5"/>
<monster name="Larva" direction="2" spawntime="60" x="-1" y="4"/>
<monster name="Larva" direction="2" spawntime="60" x="1" y="-2"/>
<monster name="Larva" direction="2" spawntime="60" x="9" y="8"/>
<monster name="Larva" direction="2" spawntime="60" x="4" y="10"/>
<monster name="Larva" direction="2" spawntime="60" x="-1" y="7"/>
<monster name="Larva" direction="2" spawntime="60" x="-3" y="3"/>
<monster name="Larva" direction="2" spawntime="60" x="-8" y="-9"/>
<monster name="Larva" direction="2" spawntime="60" x="10" y="-3"/>
</spawn>
<spawn centerx="715" centery="609" centerz="9" radius="5">
<monster name="Larva" direction="2" spawntime="60" x="3" y="-1"/>
<monster name="Scarab" direction="2" spawntime="60" x="-2" y="0"/>
</spawn>
<spawn centerx="708" centery="621" centerz="9" radius="5">
<monster name="Larva" direction="2" spawntime="60" x="1" y="2"/>
<monster name="Scarab" direction="2" spawntime="60" x="2" y="-1"/>
<monster name="Scarab" direction="2" spawntime="60" x="-3" y="1"/>
<monster name="Scarab" direction="2" spawntime="60" x="-2" y="0"/>
</spawn>
<spawn centerx="716" centery="632" centerz="9" radius="5">
<monster name="Larva" direction="2" spawntime="60" x="-1" y="-1"/>
<monster name="Scarab" direction="2" spawntime="60" x="3" y="-2"/>
</spawn>
<spawn centerx="726" centery="631" centerz="9" radius="5">
<monster name="Larva" direction="2" spawntime="60" x="-2" y="-1"/>
<monster name="Larva" direction="2" spawntime="60" x="-1" y="-1"/>
<monster name="Scarab" direction="2" spawntime="60" x="3" y="0"/>
</spawn>
<spawn centerx="734" centery="630" centerz="9" radius="5">
<monster name="Larva" direction="2" spawntime="60" x="4" y="-1"/>
<monster name="Larva" direction="2" spawntime="60" x="-2" y="1"/>
</spawn>
<spawn centerx="739" centery="628" centerz="9" radius="5">
<monster name="Scarab" direction="2" spawntime="60" x="3" y="-2"/>
</spawn>
<spawn centerx="763" centery="635" centerz="9" radius="5">
<monster name="Larva" direction="2" spawntime="60" x="-2" y="-2"/>
<monster name="Scarab" direction="2" spawntime="60" x="2" y="0"/>
</spawn>
<spawn centerx="751" centery="634" centerz="9" radius="5">
<monster name="Larva" direction="2" spawntime="60" x="-2" y="0"/>
<monster name="Scarab" direction="2" spawntime="60" x="3" y="0"/>
</spawn>
<spawn centerx="774" centery="633" centerz="9" radius="5">
<monster name="Larva" direction="2" spawntime="60" x="-2" y="1"/>
<monster name="Scarab" direction="2" spawntime="60" x="0" y="-2"/>
</spawn>
<spawn centerx="757" centery="622" centerz="9" radius="5">
<monster name="Larva" direction="2" spawntime="60" x="0" y="1"/>
<monster name="Scarab" direction="2" spawntime="60" x="2" y="2"/>
<monster name="Ancient Scarab" direction="2" spawntime="60" x="2" y="0"/>
</spawn>
<spawn centerx="771" centery="618" centerz="9" radius="5">
<monster name="Larva" direction="2" spawntime="60" x="-2" y="0"/>
<monster name="Scarab" direction="2" spawntime="60" x="0" y="-1"/>
</spawn>
<spawn centerx="782" centery="620" centerz="9" radius="5">
<monster name="Larva" direction="2" spawntime="60" x="-1" y="-1"/>
<monster name="Scarab" direction="2" spawntime="60" x="-1" y="2"/>
</spawn>
<spawn centerx="775" centery="608" centerz="9" radius="5">
<monster name="Larva" direction="2" spawntime="60" x="-1" y="-2"/>
<monster name="Scarab" direction="2" spawntime="60" x="0" y="2"/>
</spawn>
<spawn centerx="764" centery="610" centerz="9" radius="5">
<monster name="Larva" direction="2" spawntime="60" x="1" y="2"/>
<monster name="Scarab" direction="2" spawntime="60" x="2" y="0"/>
</spawn>
<spawn centerx="760" centery="598" centerz="9" radius="5">
<monster name="Larva" direction="2" spawntime="60" x="-2" y="0"/>
<monster name="Scarab" direction="2" spawntime="60" x="2" y="1"/>
</spawn>
<spawn centerx="753" centery="605" centerz="9" radius="5">
<monster name="Larva" direction="2" spawntime="60" x="-1" y="4"/>
<monster name="Larva" direction="2" spawntime="60" x="-2" y="-1"/>
<monster name="Scarab" direction="2" spawntime="60" x="0" y="-4"/>
</spawn>
<spawn centerx="752" centery="611" centerz="9" radius="5">
<monster name="Scarab" direction="2" spawntime="60" x="0" y="4"/>
</spawn>
<spawn centerx="750" centery="619" centerz="9" radius="5">
<monster name="Larva" direction="2" spawntime="60" x="-5" y="0"/>
</spawn>
<spawn centerx="741" centery="619" centerz="9" radius="5">
<monster name="Scarab" direction="2" spawntime="60" x="2" y="0"/>
</spawn>
<spawn centerx="735" centery="614" centerz="9" radius="5">
<monster name="Larva" direction="2" spawntime="60" x="-2" y="-1"/>
<monster name="Scarab" direction="2" spawntime="60" x="-4" y="0"/>
</spawn>
<spawn centerx="721" centery="619" centerz="9" radius="5">
<monster name="Larva" direction="2" spawntime="60" x="-1" y="-2"/>
<monster name="Scarab" direction="2" spawntime="60" x="2" y="1"/>
</spawn>
<spawn centerx="763" centery="652" centerz="8" radius="5">
<monster name="Crypt Shambler" direction="2" spawntime="60" x="0" y="-2"/>
<monster name="Crypt Shambler" direction="2" spawntime="60" x="-1" y="4"/>
<monster name="Stalker" direction="2" spawntime="60" x="0" y="2"/>
</spawn>
<spawn centerx="768" centery="656" centerz="8" radius="5">
<monster name="Stalker" direction="2" spawntime="60" x="1" y="0"/>
</spawn>
<spawn centerx="765" centery="665" centerz="9" radius="5">
<monster name="Larva" direction="2" spawntime="60" x="-1" y="-1"/>
<monster name="Larva" direction="2" spawntime="60" x="4" y="0"/>
<monster name="Scorpion" direction="2" spawntime="60" x="-2" y="0"/>
</spawn>
<spawn centerx="775" centery="665" centerz="9" radius="5">
<monster name="Scarab" direction="2" spawntime="60" x="-3" y="0"/>
<monster name="Scorpion" direction="2" spawntime="60" x="4" y="-2"/>
</spawn>
<spawn centerx="781" centery="665" centerz="9" radius="5">
<monster name="Larva" direction="2" spawntime="60" x="0" y="-3"/>
<monster name="Scarab" direction="2" spawntime="60" x="0" y="2"/>
</spawn>
<spawn centerx="797" centery="665" centerz="10" radius="5">
<monster name="Scarab" direction="2" spawntime="60" x="-2" y="0"/>
<monster name="Scarab" direction="2" spawntime="60" x="2" y="-2"/>
<monster name="Ghoul" direction="2" spawntime="60" x="2" y="1"/>
</spawn>
<spawn centerx="810" centery="665" centerz="10" radius="5">
<monster name="Priestess" direction="2" spawntime="60" x="-1" y="-2"/>
<monster name="Priestess" direction="2" spawntime="60" x="-2" y="2"/>
<monster name="Ghoul" direction="2" spawntime="60" x="-1" y="0"/>
<monster name="Mummy" direction="2" spawntime="60" x="-3" y="-1"/>
</spawn>
<spawn centerx="808" centery="673" centerz="10" radius="5">
<monster name="Ghoul" direction="2" spawntime="60" x="-5" y="0"/>
</spawn>
<spawn centerx="805" centery="657" centerz="10" radius="5">
<monster name="Ghoul" direction="2" spawntime="60" x="-3" y="0"/>
<monster name="Ghoul" direction="2" spawntime="60" x="3" y="0"/>
</spawn>
<spawn centerx="822" centery="665" centerz="10" radius="5">
<monster name="Ghoul" direction="2" spawntime="60" x="1" y="-2"/>
<monster name="Ghoul" direction="2" spawntime="60" x="1" y="2"/>
<monster name="Ghoul" direction="2" spawntime="60" x="2" y="2"/>
<monster name="Ghoul" direction="2" spawntime="60" x="3" y="0"/>
<monster name="Ghost" direction="2" spawntime="60" x="1" y="0"/>
</spawn>
<spawn centerx="823" centery="657" centerz="10" radius="5">
<monster name="Ghoul" direction="2" spawntime="60" x="-2" y="0"/>
</spawn>
<spawn centerx="832" centery="665" centerz="10" radius="5">
<monster name="Ghoul" direction="2" spawntime="60" x="2" y="-1"/>
</spawn>
<spawn centerx="825" centery="673" centerz="10" radius="5">
<monster name="Ghoul" direction="2" spawntime="60" x="-3" y="0"/>
</spawn>
<spawn centerx="844" centery="658" centerz="10" radius="5">
<monster name="Ghoul" direction="2" spawntime="60" x="2" y="1"/>
<monster name="Mummy" direction="2" spawntime="60" x="-2" y="-2"/>
</spawn>
<spawn centerx="842" centery="669" centerz="10" radius="5">
<monster name="Ghoul" direction="2" spawntime="60" x="-4" y="2"/>
<monster name="Ghoul" direction="2" spawntime="60" x="3" y="0"/>
<monster name="Mummy" direction="2" spawntime="60" x="1" y="-1"/>
</spawn>
<spawn centerx="852" centery="665" centerz="10" radius="5">
<monster name="Ghoul" direction="2" spawntime="60" x="-3" y="2"/>
<monster name="Ghoul" direction="2" spawntime="60" x="1" y="-1"/>
</spawn>
<spawn centerx="860" centery="665" centerz="10" radius="5">
<monster name="Ghoul" direction="2" spawntime="60" x="1" y="-2"/>
<monster name="Omruc" direction="2" spawntime="60" x="0" y="-2"/>
<monster name="Dipthrah" direction="2" spawntime="60" x="0" y="2"/>
</spawn>
<spawn centerx="836" centery="658" centerz="10" radius="5">
<monster name="Ghoul" direction="2" spawntime="60" x="0" y="-2"/>
</spawn>
<spawn centerx="835" centery="671" centerz="10" radius="5">
<monster name="Ghoul" direction="2" spawntime="60" x="-2" y="2"/>
<monster name="Mummy" direction="2" spawntime="60" x="1" y="-2"/>
</spawn>
<spawn centerx="815" centery="657" centerz="10" radius="5">
<monster name="Ghost" direction="2" spawntime="60" x="2" y="0"/>
</spawn>
<spawn centerx="800" centery="672" centerz="10" radius="5">
<monster name="Ghost" direction="2" spawntime="60" x="1" y="1"/>
</spawn>
<spawn centerx="790" centery="665" centerz="10" radius="5">
<monster name="Scarab" direction="2" spawntime="60" x="-2" y="0"/>
</spawn>
<spawn centerx="779" centery="656" centerz="8" radius="5">
<monster name="Necromancer" direction="2" spawntime="60" x="-1" y="-1"/>
</spawn>
<spawn centerx="787" centery="659" centerz="8" radius="5">
<monster name="Necromancer" direction="2" spawntime="60" x="-2" y="-3"/>
</spawn>
<spawn centerx="787" centery="668" centerz="8" radius="5">
<monster name="Necromancer" direction="2" spawntime="60" x="0" y="3"/>
<monster name="Necromancer" direction="2" spawntime="60" x="5" y="0"/>
</spawn>
<spawn centerx="787" centery="679" centerz="8" radius="5">
<monster name="Necromancer" direction="2" spawntime="60" x="0" y="2"/>
<monster name="Necromancer" direction="2" spawntime="60" x="0" y="-3"/>
</spawn>
<spawn centerx="750" centery="645" centerz="7" radius="5">
<monster name="Scarab" direction="2" spawntime="60" x="2" y="-2"/>
</spawn>
<spawn centerx="724" centery="646" centerz="7" radius="5">
<monster name="Scarab" direction="2" spawntime="60" x="3" y="-2"/>
</spawn>
<spawn centerx="719" centery="635" centerz="7" radius="5">
<monster name="Scarab" direction="2" spawntime="60" x="1" y="-2"/>
</spawn>
<spawn centerx="724" centery="664" centerz="7" radius="5">
<monster name="Scarab" direction="2" spawntime="60" x="2" y="0"/>
</spawn>
<spawn centerx="702" centery="648" centerz="7" radius="5">
<monster name="Scarab" direction="2" spawntime="60" x="-1" y="-2"/>
<monster name="Scarab" direction="2" spawntime="60" x="3" y="2"/>
</spawn>
<spawn centerx="705" centery="660" centerz="6" radius="5">
<monster name="Giant Spider" direction="2" spawntime="60" x="-2" y="1"/>
<monster name="Poison Spider" direction="2" spawntime="60" x="1" y="-1"/>
<monster name="Poison Spider" direction="2" spawntime="60" x="-1" y="0"/>
</spawn>
<spawn centerx="739" centery="671" centerz="7" radius="5">
<monster name="Minotaur" direction="2" spawntime="60" x="-2" y="2"/>
<monster name="Minotaur" direction="2" spawntime="60" x="-1" y="-3"/>
</spawn>
<spawn centerx="747" centery="681" centerz="7" radius="5">
<monster name="Minotaur" direction="2" spawntime="60" x="-1" y="-2"/>
<monster name="Minotaur" direction="2" spawntime="60" x="-2" y="4"/>
</spawn>
<spawn centerx="738" centery="681" centerz="7" radius="5">
<monster name="Minotaur" direction="2" spawntime="60" x="2" y="-3"/>
<monster name="Minotaur" direction="2" spawntime="60" x="0" y="2"/>
</spawn>
<spawn centerx="744" centery="681" centerz="8" radius="5">
<monster name="Minotaur" direction="2" spawntime="60" x="-1" y="-1"/>
<monster name="Minotaur Archer" direction="2" spawntime="60" x="2" y="0"/>
<monster name="Minotaur Guard" direction="2" spawntime="60" x="0" y="-1"/>
</spawn>
<spawn centerx="740" centery="678" centerz="8" radius="5">
<monster name="Minotaur" direction="2" spawntime="60" x="1" y="-2"/>
<monster name="Minotaur" direction="2" spawntime="60" x="-2" y="3"/>
<monster name="Minotaur Archer" direction="2" spawntime="60" x="3" y="-2"/>
<monster name="Minotaur Guard" direction="2" spawntime="60" x="-2" y="0"/>
</spawn>
<spawn centerx="741" centery="679" centerz="9" radius="5">
<monster name="Minotaur Guard" direction="2" spawntime="60" x="4" y="1"/>
<monster name="Minotaur Guard" direction="2" spawntime="60" x="-1" y="2"/>
<monster name="Minotaur Guard" direction="2" spawntime="60" x="-2" y="-3"/>
<monster name="Minotaur Guard" direction="2" spawntime="60" x="3" y="-3"/>
<monster name="Minotaur Mage" direction="2" spawntime="60" x="2" y="3"/>
<monster name="Minotaur Mage" direction="2" spawntime="60" x="2" y="0"/>
<monster name="Minotaur Mage" direction="2" spawntime="60" x="2" y="-3"/>
<monster name="Minotaur Mage" direction="2" spawntime="60" x="-3" y="-2"/>
</spawn>
<spawn centerx="742" centery="679" centerz="10" radius="5">
<monster name="Minotaur Mage" direction="2" spawntime="60" x="2" y="-2"/>
<monster name="Minotaur Mage" direction="2" spawntime="60" x="-2" y="-3"/>
<monster name="Minotaur Mage" direction="2" spawntime="60" x="-2" y="3"/>
<monster name="Minotaur Mage" direction="2" spawntime="60" x="1" y="3"/>
<monster name="Minotaur Mage" direction="2" spawntime="60" x="3" y="-1"/>
<monster name="Minotaur Mage" direction="2" spawntime="60" x="-3" y="-2"/>
</spawn>
<spawn centerx="742" centery="680" centerz="11" radius="5">
<monster name="Minotaur Mage" direction="2" spawntime="60" x="-2" y="-2"/>
<monster name="Minotaur Mage" direction="2" spawntime="60" x="0" y="-2"/>
<monster name="Minotaur Mage" direction="2" spawntime="60" x="4" y="-2"/>
<monster name="Minotaur Mage" direction="2" spawntime="60" x="3" y="3"/>
<monster name="Minotaur Archer" direction="2" spawntime="60" x="0" y="3"/>
<monster name="Minotaur Archer" direction="2" spawntime="60" x="-1" y="0"/>
<monster name="Minotaur Archer" direction="2" spawntime="60" x="4" y="1"/>
<monster name="Mummy" direction="2" spawntime="60" x="-2" y="-1"/>
<monster name="Mummy" direction="2" spawntime="60" x="-1" y="-3"/>
<monster name="Mummy" direction="2" spawntime="60" x="0" y="-3"/>
</spawn>
<spawn centerx="738" centery="677" centerz="11" radius="5">
<monster name="Minotaur Guard" direction="2" spawntime="60" x="-1" y="0"/>
<monster name="Minotaur Guard" direction="2" spawntime="60" x="1" y="-2"/>
<monster name="Minotaur Guard" direction="2" spawntime="60" x="3" y="-2"/>
<monster name="Minotaur Archer" direction="2" spawntime="60" x="-1" y="-2"/>
<monster name="Minotaur Archer" direction="2" spawntime="60" x="-1" y="4"/>
</spawn>
<spawn centerx="743" centery="680" centerz="6" radius="5">
<monster name="Minotaur" direction="2" spawntime="60" x="1" y="-1"/>
<monster name="Minotaur" direction="2" spawntime="60" x="4" y="0"/>
<monster name="Minotaur" direction="2" spawntime="60" x="-3" y="2"/>
<monster name="Minotaur" direction="2" spawntime="60" x="-3" y="-3"/>
</spawn>
<spawn centerx="745" centery="681" centerz="5" radius="5">
<monster name="Minotaur" direction="2" spawntime="60" x="-2" y="-2"/>
<monster name="Minotaur" direction="2" spawntime="60" x="2" y="0"/>
<monster name="Minotaur" direction="2" spawntime="60" x="0" y="2"/>
</spawn>
<spawn centerx="682" centery="617" centerz="9" radius="5">
<monster name="Hero" direction="2" spawntime="60" x="0" y="-1"/>
</spawn>
<spawn centerx="686" centery="626" centerz="9" radius="5">
<monster name="Hero" direction="2" spawntime="60" x="0" y="-1"/>
</spawn>
<spawn centerx="672" centery="626" centerz="9" radius="5">
<monster name="Hero" direction="2" spawntime="60" x="1" y="3"/>
<monster name="Hero" direction="2" spawntime="60" x="-2" y="-1"/>
</spawn>
<spawn centerx="664" centery="625" centerz="9" radius="5">
<monster name="Hero" direction="2" spawntime="60" x="-2" y="0"/>
</spawn>
<spawn centerx="660" centery="625" centerz="9" radius="5">
<monster name="Hero" direction="2" spawntime="60" x="0" y="4"/>
</spawn>
<spawn centerx="660" centery="638" centerz="9" radius="5">
<monster name="Hero" direction="2" spawntime="60" x="0" y="1"/>
<monster name="Hero" direction="2" spawntime="60" x="0" y="-1"/>
</spawn>
<spawn centerx="663" centery="616" centerz="9" radius="5">
<monster name="Hero" direction="2" spawntime="60" x="-2" y="2"/>
</spawn>
<spawn centerx="672" centery="639" centerz="9" radius="5">
<monster name="Hero" direction="2" spawntime="60" x="-1" y="0"/>
</spawn>
<spawn centerx="686" centery="639" centerz="9" radius="5">
<monster name="Hero" direction="2" spawntime="60" x="0" y="0"/>
</spawn>
<spawn centerx="661" centery="598" centerz="6" radius="5">
<monster name="Orc" direction="2" spawntime="60" x="1" y="-1"/>
<monster name="Orc" direction="2" spawntime="60" x="-2" y="1"/>
<monster name="Orc Shaman" direction="2" spawntime="60" x="0" y="2"/>
<monster name="Orc Shaman" direction="2" spawntime="60" x="-1" y="-1"/>
</spawn>
<spawn centerx="660" centery="584" centerz="7" radius="15">
<monster name="Orc Shaman" direction="2" spawntime="60" x="3" y="10"/>
<monster name="Orc Shaman" direction="2" spawntime="60" x="-2" y="10"/>
<monster name="Orc Spearman" direction="2" spawntime="60" x="0" y="7"/>
<monster name="Orc Spearman" direction="2" spawntime="60" x="6" y="7"/>
<monster name="Orc Berserker" direction="2" spawntime="60" x="7" y="-8"/>
<monster name="Orc Berserker" direction="2" spawntime="60" x="-7" y="-8"/>
<monster name="Orc Berserker" direction="2" spawntime="60" x="-7" y="7"/>
<monster name="Orc Berserker" direction="2" spawntime="60" x="1" y="-1"/>
<monster name="Orc Berserker" direction="2" spawntime="60" x="0" y="1"/>
<monster name="Orc Berserker" direction="2" spawntime="60" x="10" y="5"/>
<monster name="Orc Berserker" direction="2" spawntime="60" x="-2" y="-1"/>
<monster name="Orc Leader" direction="2" spawntime="60" x="2" y="0"/>
<monster name="Orc Leader" direction="2" spawntime="60" x="5" y="-2"/>
<monster name="Orc Leader" direction="2" spawntime="60" x="-5" y="3"/>
<monster name="Orc Leader" direction="2" spawntime="60" x="12" y="-2"/>
<monster name="Orc Leader" direction="2" spawntime="60" x="-10" y="-2"/>
<monster name="Orc Leader" direction="2" spawntime="60" x="-11" y="7"/>
<monster name="Orc Leader" direction="2" spawntime="60" x="12" y="7"/>
</spawn>
<spawn centerx="661" centery="576" centerz="6" radius="5">
<monster name="Orc Leader" direction="2" spawntime="60" x="-4" y="0"/>
</spawn>
<spawn centerx="661" centery="583" centerz="6" radius="5">
<monster name="Orc Berserker" direction="2" spawntime="60" x="1" y="-1"/>
<monster name="Orc Berserker" direction="2" spawntime="60" x="-3" y="0"/>
<monster name="Orc Berserker" direction="2" spawntime="60" x="-2" y="3"/>
<monster name="Orc Leader" direction="2" spawntime="60" x="-1" y="-1"/>
</spawn>
<spawn centerx="668" centery="583" centerz="6" radius="5">
<monster name="Orc Leader" direction="2" spawntime="60" x="0" y="-5"/>
<monster name="Orc Berserker" direction="2" spawntime="60" x="0" y="-1"/>
<monster name="Orc Berserker" direction="2" spawntime="60" x="0" y="3"/>
</spawn>
<spawn centerx="667" centery="591" centerz="6" radius="5">
<monster name="Orc Leader" direction="2" spawntime="60" x="1" y="-2"/>
<monster name="Orc Leader" direction="2" spawntime="60" x="-5" y="0"/>
</spawn>
<spawn centerx="656" centery="591" centerz="6" radius="5">
<monster name="Orc Leader" direction="2" spawntime="60" x="-1" y="0"/>
</spawn>
<spawn centerx="653" centery="582" centerz="6" radius="5">
<monster name="Orc Berserker" direction="2" spawntime="60" x="0" y="3"/>
<monster name="Orc Berserker" direction="2" spawntime="60" x="0" y="-2"/>
</spawn>
<spawn centerx="669" centery="583" centerz="5" radius="5">
<monster name="Orc Leader" direction="2" spawntime="60" x="-1" y="0"/>
<monster name="Orc Warlord" direction="2" spawntime="60" x="-1" y="2"/>
</spawn>
<spawn centerx="668" centery="577" centerz="5" radius="5">
<monster name="Orc Leader" direction="2" spawntime="60" x="-1" y="-1"/>
</spawn>
<spawn centerx="657" centery="576" centerz="5" radius="5">
<monster name="Orc Leader" direction="2" spawntime="60" x="-1" y="0"/>
</spawn>
<spawn centerx="653" centery="582" centerz="5" radius="5">
<monster name="Orc Leader" direction="2" spawntime="60" x="0" y="3"/>
</spawn>
<spawn centerx="653" centery="592" centerz="5" radius="5">
<monster name="Orc Leader" direction="2" spawntime="60" x="1" y="-1"/>
</spawn>
<spawn centerx="662" centery="592" centerz="5" radius="5">
<monster name="Orc Leader" direction="2" spawntime="60" x="-1" y="-1"/>
<monster name="Orc Warlord" direction="2" spawntime="60" x="1" y="-1"/>
</spawn>
<spawn centerx="660" centery="582" centerz="4" radius="5">
<monster name="Orc Warlord" direction="2" spawntime="60" x="3" y="1"/>
<monster name="Orc Warlord" direction="2" spawntime="60" x="1" y="4"/>
<monster name="Orc Warlord" direction="2" spawntime="60" x="-2" y="2"/>
<monster name="Orc Leader" direction="2" spawntime="60" x="2" y="-2"/>
<monster name="Orc Leader" direction="2" spawntime="60" x="-2" y="0"/>
</spawn>
<spawn centerx="668" centery="591" centerz="4" radius="5">
<monster name="Orc Warlord" direction="2" spawntime="60" x="0" y="0"/>
</spawn>
<spawn centerx="668" centery="576" centerz="4" radius="5">
<monster name="Orc Warlord" direction="2" spawntime="60" x="0" y="1"/>
</spawn>
<spawn centerx="653" centery="576" centerz="4" radius="5">
<monster name="Orc Warlord" direction="2" spawntime="60" x="-1" y="1"/>
</spawn>
<spawn centerx="653" centery="592" centerz="4" radius="5">
<monster name="Orc Warlord" direction="2" spawntime="60" x="1" y="-1"/>
</spawn>
<spawn centerx="661" centery="582" centerz="3" radius="5">
<monster name="Orc Warlord" direction="2" spawntime="60" x="1" y="-1"/>
<monster name="Orc Warlord" direction="2" spawntime="60" x="-2" y="0"/>
<monster name="Orc Warlord" direction="2" spawntime="60" x="-1" y="3"/>
<monster name="Orc Warlord" direction="2" spawntime="60" x="2" y="1"/>
<monster name="Orc Leader" direction="2" spawntime="60" x="-1" y="-1"/>
<monster name="Orc Leader" direction="2" spawntime="60" x="2" y="3"/>
</spawn>
<spawn centerx="668" centery="592" centerz="3" radius="5">
<monster name="Orc Leader" direction="2" spawntime="60" x="1" y="-1"/>
<monster name="Orc Warlord" direction="2" spawntime="60" x="1" y="0"/>
</spawn>
<spawn centerx="669" centery="577" centerz="3" radius="5">
<monster name="Orc Leader" direction="2" spawntime="60" x="0" y="-1"/>
<monster name="Orc Warlord" direction="2" spawntime="60" x="-1" y="0"/>
</spawn>
<spawn centerx="652" centery="577" centerz="3" radius="5">
<monster name="Orc Leader" direction="2" spawntime="60" x="0" y="-1"/>
<monster name="Orc Warlord" direction="2" spawntime="60" x="2" y="-1"/>
</spawn>
<spawn centerx="653" centery="592" centerz="3" radius="5">
<monster name="Orc Leader" direction="2" spawntime="60" x="0" y="-1"/>
<monster name="Orc Warlord" direction="2" spawntime="60" x="1" y="0"/>
</spawn>
<spawn centerx="653" centery="652" centerz="8" radius="5">
<monster name="Minotaur Archer" direction="2" spawntime="60" x="1" y="2"/>
<monster name="Minotaur Guard" direction="2" spawntime="60" x="1" y="-1"/>
<monster name="Minotaur Guard" direction="2" spawntime="60" x="-3" y="0"/>
</spawn>
<spawn centerx="659" centery="665" centerz="8" radius="5">
<monster name="Minotaur Archer" direction="2" spawntime="60" x="-2" y="-2"/>
</spawn>
<spawn centerx="658" centery="673" centerz="8" radius="5">
<monster name="Minotaur Archer" direction="2" spawntime="60" x="-1" y="-2"/>
</spawn>
<spawn centerx="659" centery="675" centerz="9" radius="5">
<monster name="Minotaur Archer" direction="2" spawntime="60" x="2" y="1"/>
<monster name="Minotaur Archer" direction="2" spawntime="60" x="-2" y="0"/>
</spawn>
<spawn centerx="667" centery="684" centerz="9" radius="5">
<monster name="Minotaur Mage" direction="2" spawntime="60" x="-3" y="-2"/>
</spawn>
<spawn centerx="663" centery="684" centerz="10" radius="5">
<monster name="Minotaur" direction="2" spawntime="60" x="2" y="-1"/>
<monster name="Minotaur" direction="2" spawntime="60" x="0" y="2"/>
<monster name="Minotaur Mage" direction="2" spawntime="60" x="2" y="1"/>
</spawn>
<spawn centerx="666" centery="690" centerz="9" radius="5">
<monster name="Minotaur Guard" direction="2" spawntime="60" x="1" y="2"/>
<monster name="Minotaur Guard" direction="2" spawntime="60" x="3" y="0"/>
</spawn>
<spawn centerx="673" centery="690" centerz="9" radius="5">
<monster name="Minotaur Archer" direction="2" spawntime="60" x="2" y="1"/>
<monster name="Minotaur Archer" direction="2" spawntime="60" x="-2" y="3"/>
</spawn>
<spawn centerx="681" centery="692" centerz="9" radius="5">
<monster name="Minotaur Guard" direction="2" spawntime="60" x="-2" y="0"/>
</spawn>
<spawn centerx="678" centery="693" centerz="10" radius="5">
<monster name="Minotaur Guard" direction="2" spawntime="60" x="2" y="1"/>
<monster name="Minotaur Guard" direction="2" spawntime="60" x="-2" y="-1"/>
</spawn>
<spawn centerx="679" centery="698" centerz="11" radius="5">
<monster name="Minotaur Guard" direction="2" spawntime="60" x="-1" y="1"/>
</spawn>
<spawn centerx="678" centery="709" centerz="11" radius="5">
<monster name="Minotaur Guard" direction="2" spawntime="60" x="0" y="-2"/>
<monster name="Minotaur Guard" direction="2" spawntime="60" x="0" y="-3"/>
<monster name="Minotaur Guard" direction="2" spawntime="60" x="0" y="2"/>
</spawn>
<spawn centerx="678" centery="719" centerz="11" radius="5">
<monster name="Minotaur Mage" direction="2" spawntime="60" x="1" y="1"/>
<monster name="Minotaur Mage" direction="2" spawntime="60" x="-1" y="3"/>
</spawn>
<spawn centerx="677" centery="732" centerz="11" radius="5">
<monster name="Minotaur Archer" direction="2" spawntime="60" x="-2" y="-1"/>
<monster name="Minotaur Archer" direction="2" spawntime="60" x="-3" y="0"/>
<monster name="Minotaur" direction="2" spawntime="60" x="1" y="-3"/>
<monster name="Minotaur Guard" direction="2" spawntime="60" x="0" y="3"/>
</spawn>
<spawn centerx="671" centery="740" centerz="11" radius="5">
<monster name="Minotaur Archer" direction="2" spawntime="60" x="1" y="-3"/>
<monster name="Minotaur Archer" direction="2" spawntime="60" x="0" y="3"/>
<monster name="Minotaur Guard" direction="2" spawntime="60" x="-3" y="4"/>
<monster name="Minotaur Guard" direction="2" spawntime="60" x="-3" y="-3"/>
</spawn>
<spawn centerx="685" centery="743" centerz="11" radius="5">
<monster name="Minotaur Archer" direction="2" spawntime="60" x="2" y="-2"/>
<monster name="Minotaur Guard" direction="2" spawntime="60" x="3" y="0"/>
</spawn>
<spawn centerx="688" centery="732" centerz="11" radius="5">
<monster name="Minotaur Archer" direction="2" spawntime="60" x="0" y="-1"/>
</spawn>
<spawn centerx="695" centery="727" centerz="11" radius="5">
<monster name="Minotaur Archer" direction="2" spawntime="60" x="-2" y="-4"/>
<monster name="Minotaur Guard" direction="2" spawntime="60" x="-1" y="-3"/>
<monster name="Minotaur Guard" direction="2" spawntime="60" x="0" y="2"/>
<monster name="Minotaur Guard" direction="2" spawntime="60" x="-2" y="1"/>
</spawn>
<spawn centerx="695" centery="739" centerz="11" radius="5">
<monster name="Minotaur Archer" direction="2" spawntime="60" x="-3" y="2"/>
<monster name="Minotaur Guard" direction="2" spawntime="60" x="0" y="1"/>
<monster name="Minotaur Guard" direction="2" spawntime="60" x="-3" y="-3"/>
</spawn>
<spawn centerx="695" centery="749" centerz="11" radius="5">
<monster name="Minotaur Archer" direction="2" spawntime="60" x="1" y="1"/>
<monster name="Minotaur" direction="2" spawntime="60" x="-3" y="-2"/>
<monster name="Minotaur Guard" direction="2" spawntime="60" x="0" y="1"/>
</spawn>
<spawn centerx="679" centery="751" centerz="11" radius="5">
<monster name="Minotaur Archer" direction="2" spawntime="60" x="0" y="-4"/>
<monster name="Minotaur Archer" direction="2" spawntime="60" x="-1" y="-1"/>
<monster name="Minotaur Guard" direction="2" spawntime="60" x="2" y="-1"/>
</spawn>
<spawn centerx="678" centery="747" centerz="11" radius="5">
<monster name="Minotaur" direction="2" spawntime="60" x="-1" y="-1"/>
<monster name="Minotaur Guard" direction="2" spawntime="60" x="0" y="-2"/>
</spawn>
<spawn centerx="665" centery="750" centerz="11" radius="5">
<monster name="Minotaur Archer" direction="2" spawntime="60" x="0" y="-4"/>
<monster name="Minotaur Archer" direction="2" spawntime="60" x="-1" y="0"/>
</spawn>
<spawn centerx="660" centery="742" centerz="11" radius="5">
<monster name="Minotaur Archer" direction="2" spawntime="60" x="3" y="-1"/>
<monster name="Minotaur Archer" direction="2" spawntime="60" x="1" y="3"/>
<monster name="Minotaur Guard" direction="2" spawntime="60" x="0" y="3"/>
</spawn>
<spawn centerx="660" centery="728" centerz="11" radius="5">
<monster name="Minotaur" direction="2" spawntime="60" x="0" y="-1"/>
<monster name="Minotaur Guard" direction="2" spawntime="60" x="0" y="2"/>
</spawn>
<spawn centerx="667" centery="724" centerz="11" radius="5">
<monster name="Minotaur Archer" direction="2" spawntime="60" x="4" y="-1"/>
</spawn>
<spawn centerx="667" centery="730" centerz="11" radius="5">
<monster name="Minotaur Archer" direction="2" spawntime="60" x="-1" y="3"/>
<monster name="Minotaur" direction="2" spawntime="60" x="-1" y="0"/>
</spawn>
<spawn centerx="678" centery="748" centerz="10" radius="5">
<monster name="Minotaur Archer" direction="2" spawntime="60" x="-1" y="-1"/>
<monster name="Minotaur Archer" direction="2" spawntime="60" x="0" y="2"/>
<monster name="Minotaur Archer" direction="2" spawntime="60" x="1" y="3"/>
<monster name="Minotaur" direction="2" spawntime="60" x="2" y="-2"/>
<monster name="Minotaur Guard" direction="2" spawntime="60" x="2" y="0"/>
</spawn>
<spawn centerx="661" centery="747" centerz="10" radius="5">
<monster name="Minotaur Archer" direction="2" spawntime="60" x="1" y="1"/>
<monster name="Minotaur" direction="2" spawntime="60" x="0" y="-3"/>
<monster name="Minotaur Guard" direction="2" spawntime="60" x="0" y="-1"/>
</spawn>
<spawn centerx="662" centery="724" centerz="10" radius="5">
<monster name="Minotaur Archer" direction="2" spawntime="60" x="1" y="0"/>
<monster name="Minotaur" direction="2" spawntime="60" x="-1" y="2"/>
</spawn>
<spawn centerx="661" centery="734" centerz="10" radius="5">
<monster name="Minotaur Archer" direction="2" spawntime="60" x="0" y="0"/>
<monster name="Minotaur" direction="2" spawntime="60" x="0" y="3"/>
<monster name="Minotaur Guard" direction="2" spawntime="60" x="-1" y="-2"/>
</spawn>
<spawn centerx="675" centery="724" centerz="10" radius="5">
<monster name="Minotaur Archer" direction="2" spawntime="60" x="1" y="0"/>
<monster name="Minotaur" direction="2" spawntime="60" x="-2" y="-1"/>
<monster name="Minotaur Guard" direction="2" spawntime="60" x="3" y="0"/>
</spawn>
<spawn centerx="687" centery="728" centerz="10" radius="5">
<monster name="Minotaur Archer" direction="2" spawntime="60" x="1" y="3"/>
<monster name="Minotaur Guard" direction="2" spawntime="60" x="0" y="1"/>
<monster name="Minotaur Guard" direction="2" spawntime="60" x="3" y="3"/>
</spawn>
<spawn centerx="691" centery="735" centerz="10" radius="5">
<monster name="Minotaur Guard" direction="2" spawntime="60" x="1" y="1"/>
</spawn>
<spawn centerx="694" centery="724" centerz="10" radius="5">
<monster name="Minotaur Guard" direction="2" spawntime="60" x="-3" y="0"/>
</spawn>
<spawn centerx="697" centery="731" centerz="10" radius="5">
<monster name="Minotaur Archer" direction="2" spawntime="60" x="-1" y="-1"/>
<monster name="Minotaur" direction="2" spawntime="60" x="-1" y="0"/>
<monster name="Minotaur Guard" direction="2" spawntime="60" x="-1" y="2"/>
</spawn>
<spawn centerx="692" centery="750" centerz="10" radius="5">
<monster name="Minotaur Archer" direction="2" spawntime="60" x="2" y="-2"/>
<monster name="Minotaur" direction="2" spawntime="60" x="1" y="-1"/>
<monster name="Minotaur Guard" direction="2" spawntime="60" x="0" y="-2"/>
</spawn>
<spawn centerx="666" centery="745" centerz="10" radius="5">
<monster name="Minotaur" direction="2" spawntime="60" x="1" y="-1"/>
</spawn>
<spawn centerx="666" centery="730" centerz="9" radius="5">
<monster name="Minotaur Archer" direction="2" spawntime="60" x="0" y="-2"/>
<monster name="Minotaur" direction="2" spawntime="60" x="1" y="-1"/>
<monster name="Minotaur Guard" direction="2" spawntime="60" x="1" y="2"/>
</spawn>
<spawn centerx="666" centery="743" centerz="9" radius="5">
<monster name="Minotaur Archer" direction="2" spawntime="60" x="0" y="-1"/>
<monster name="Minotaur" direction="2" spawntime="60" x="0" y="2"/>
<monster name="Minotaur Guard" direction="2" spawntime="60" x="0" y="-3"/>
<monster name="Minotaur Guard" direction="2" spawntime="60" x="1" y="1"/>
</spawn>
<spawn centerx="654" centery="646" centerz="7" radius="5">
<monster name="Minotaur" direction="2" spawntime="60" x="-1" y="1"/>
<monster name="Minotaur Guard" direction="2" spawntime="60" x="0" y="3"/>
</spawn>
<spawn centerx="624" centery="584" centerz="6" radius="5">
<monster name="Valkyrie" direction="2" spawntime="60" x="1" y="1"/>
</spawn>
<spawn centerx="624" centery="576" centerz="6" radius="5">
<monster name="Valkyrie" direction="2" spawntime="60" x="1" y="-1"/>
</spawn>
<spawn centerx="611" centery="578" centerz="6" radius="5">
<monster name="Valkyrie" direction="2" spawntime="60" x="1" y="-3"/>
<monster name="Valkyrie" direction="2" spawntime="60" x="1" y="3"/>
</spawn>
<spawn centerx="618" centery="580" centerz="6" radius="5">
<monster name="Hunter" direction="2" spawntime="60" x="1" y="-1"/>
<monster name="Hunter" direction="2" spawntime="60" x="1" y="2"/>
<monster name="Valkyrie" direction="2" spawntime="60" x="1" y="0"/>
</spawn>
<spawn centerx="618" centery="580" centerz="7" radius="5">
<monster name="Hunter" direction="2" spawntime="60" x="2" y="0"/>
<monster name="Valkyrie" direction="2" spawntime="60" x="1" y="1"/>
</spawn>
<spawn centerx="620" centery="581" centerz="5" radius="5">
<monster name="Amazon" direction="2" spawntime="60" x="3" y="0"/>
<monster name="Amazon" direction="2" spawntime="60" x="-2" y="-1"/>
<monster name="Valkyrie" direction="2" spawntime="60" x="-1" y="2"/>
</spawn>
<spawn centerx="608" centery="582" centerz="5" radius="5">
<monster name="Amazon" direction="2" spawntime="60" x="3" y="0"/>
<monster name="Amazon" direction="2" spawntime="60" x="-4" y="-3"/>
</spawn>
<spawn centerx="602" centery="573" centerz="5" radius="5">
<monster name="Amazon" direction="2" spawntime="60" x="0" y="-2"/>
<monster name="Bandit" direction="2" spawntime="60" x="0" y="-4"/>
</spawn>
<spawn centerx="602" centery="567" centerz="5" radius="5">
<monster name="Amazon" direction="2" spawntime="60" x="1" y="0"/>
<monster name="Amazon" direction="2" spawntime="60" x="-1" y="-2"/>
<monster name="Hunter" direction="2" spawntime="60" x="4" y="-1"/>
</spawn>
<spawn centerx="617" centery="568" centerz="7" radius="5">
<monster name="Hunter" direction="2" spawntime="60" x="3" y="1"/>
<monster name="Hunter" direction="2" spawntime="60" x="0" y="2"/>
<monster name="Hunter" direction="2" spawntime="60" x="-1" y="-2"/>
</spawn>
<spawn centerx="617" centery="554" centerz="7" radius="5">
<monster name="Giant Spider" direction="2" spawntime="60" x="-1" y="0"/>
</spawn>
<spawn centerx="629" centery="555" centerz="7" radius="5">
<monster name="Giant Spider" direction="2" spawntime="60" x="2" y="0"/>
</spawn>
<spawn centerx="607" centery="558" centerz="7" radius="5">
<monster name="Giant Spider" direction="2" spawntime="60" x="-2" y="0"/>
</spawn>
<spawn centerx="596" centery="556" centerz="7" radius="5">
<monster name="Giant Spider" direction="2" spawntime="60" x="-3" y="-1"/>
</spawn>
<spawn centerx="599" centery="545" centerz="7" radius="5">
<monster name="Giant Spider" direction="2" spawntime="60" x="-1" y="0"/>
<monster name="Giant Spider" direction="2" spawntime="60" x="1" y="0"/>
</spawn>
<spawn centerx="588" centery="529" centerz="7" radius="5">
<monster name="Giant Spider" direction="2" spawntime="60" x="0" y="2"/>
</spawn>
<spawn centerx="582" centery="523" centerz="7" radius="5">
<monster name="Giant Spider" direction="2" spawntime="60" x="2" y="-3"/>
</spawn>
<spawn centerx="574" centery="546" centerz="7" radius="5">
<monster name="Giant Spider" direction="2" spawntime="60" x="-1" y="0"/>
</spawn>
<spawn centerx="567" centery="548" centerz="7" radius="5">
<monster name="Giant Spider" direction="2" spawntime="60" x="-1" y="0"/>
</spawn>
<spawn centerx="570" centery="537" centerz="7" radius="5">
<monster name="Giant Spider" direction="2" spawntime="60" x="0" y="-2"/>
</spawn>
<spawn centerx="576" centery="559" centerz="7" radius="5">
<monster name="Giant Spider" direction="2" spawntime="60" x="-1" y="0"/>
</spawn>
<spawn centerx="571" centery="572" centerz="7" radius="5">
<monster name="Giant Spider" direction="2" spawntime="60" x="-1" y="0"/>
</spawn>
<spawn centerx="588" centery="588" centerz="7" radius="5">
<monster name="Giant Spider" direction="2" spawntime="60" x="0" y="-2"/>
</spawn>
<spawn centerx="575" centery="583" centerz="7" radius="5">
<monster name="Giant Spider" direction="2" spawntime="60" x="-1" y="1"/>
</spawn>
<spawn centerx="599" centery="589" centerz="7" radius="5">
<monster name="Giant Spider" direction="2" spawntime="60" x="-2" y="0"/>
</spawn>
<spawn centerx="559" centery="576" centerz="7" radius="5">
<monster name="Giant Spider" direction="2" spawntime="60" x="4" y="0"/>
</spawn>
<spawn centerx="562" centery="558" centerz="7" radius="5">
<monster name="Giant Spider" direction="2" spawntime="60" x="0" y="3"/>
</spawn>
<spawn centerx="583" centery="531" centerz="8" radius="5">
<monster name="Giant Spider" direction="2" spawntime="60" x="-4" y="1"/>
<monster name="Giant Spider" direction="2" spawntime="60" x="3" y="-2"/>
</spawn>
<spawn centerx="580" centery="530" centerz="8" radius="5">
<monster name="Giant Spider" direction="2" spawntime="60" x="-1" y="-3"/>
</spawn>
<spawn centerx="599" centery="515" centerz="6" radius="5">
<monster name="Elf Arcanist" direction="2" spawntime="60" x="-1" y="-2"/>
<monster name="Elf Arcanist" direction="2" spawntime="60" x="0" y="4"/>
<monster name="Elf Arcanist" direction="2" spawntime="60" x="1" y="4"/>
<monster name="Elf Scout" direction="2" spawntime="60" x="1" y="-1"/>
</spawn>
<spawn centerx="608" centery="520" centerz="6" radius="5">
<monster name="Elf Arcanist" direction="2" spawntime="60" x="-1" y="-1"/>
</spawn>
<spawn centerx="590" centery="524" centerz="6" radius="5">
<monster name="Elf Arcanist" direction="2" spawntime="60" x="1" y="0"/>
</spawn>
<spawn centerx="593" centery="513" centerz="6" radius="5">
<monster name="Elf Scout" direction="2" spawntime="60" x="1" y="1"/>
</spawn>
<spawn centerx="634" centery="515" centerz="6" radius="5">
<monster name="Elder Beholder" direction="2" spawntime="60" x="1" y="0"/>
<monster name="Elder Beholder" direction="2" spawntime="60" x="-3" y="4"/>
</spawn>
<spawn centerx="632" centery="521" centerz="6" radius="5">
<monster name="Elder Beholder" direction="2" spawntime="60" x="-3" y="2"/>
</spawn>
<spawn centerx="570" centery="487" centerz="7" radius="5">
<monster name="Giant Spider" direction="2" spawntime="60" x="-1" y="0"/>
</spawn>
<spawn centerx="548" centery="488" centerz="7" radius="5">
<monster name="Giant Spider" direction="2" spawntime="60" x="0" y="0"/>
</spawn>
<spawn centerx="550" centery="506" centerz="7" radius="5">
<monster name="Giant Spider" direction="2" spawntime="60" x="1" y="0"/>
</spawn>
<spawn centerx="527" centery="508" centerz="7" radius="5">
<monster name="Giant Spider" direction="2" spawntime="60" x="0" y="-1"/>
</spawn>
<spawn centerx="522" centery="492" centerz="7" radius="5">
<monster name="Giant Spider" direction="2" spawntime="60" x="1" y="-2"/>
</spawn>
<spawn centerx="522" centery="471" centerz="7" radius="5">
<monster name="Giant Spider" direction="2" spawntime="60" x="1" y="-2"/>
</spawn>
<spawn centerx="552" centery="467" centerz="7" radius="5">
<monster name="Giant Spider" direction="2" spawntime="60" x="2" y="-1"/>
</spawn>
<spawn centerx="533" centery="463" centerz="8" radius="5">
<monster name="Hunter" direction="2" spawntime="60" x="-1" y="-1"/>
<monster name="Hunter" direction="2" spawntime="60" x="1" y="-1"/>
<monster name="Hunter" direction="2" spawntime="60" x="0" y="1"/>
</spawn>
<spawn centerx="539" centery="461" centerz="9" radius="5">
<monster name="Banshee" direction="2" spawntime="60" x="-4" y="2"/>
<monster name="Banshee" direction="2" spawntime="60" x="2" y="-3"/>
</spawn>
<spawn centerx="533" centery="469" centerz="9" radius="5">
<monster name="Banshee" direction="2" spawntime="60" x="-1" y="2"/>
<monster name="Banshee" direction="2" spawntime="60" x="-1" y="1"/>
</spawn>
<spawn centerx="531" centery="461" centerz="9" radius="5">
<monster name="Banshee" direction="2" spawntime="60" x="0" y="-5"/>
</spawn>
<spawn centerx="543" centery="465" centerz="9" radius="5">
<monster name="Banshee" direction="2" spawntime="60" x="1" y="3"/>
<monster name="Banshee" direction="2" spawntime="60" x="1" y="-2"/>
</spawn>
<spawn centerx="573" centery="478" centerz="8" radius="5">
<monster name="Demon Skeleton" direction="2" spawntime="60" x="-1" y="-1"/>
<monster name="Demon Skeleton" direction="2" spawntime="60" x="-1" y="3"/>
<monster name="Monk" direction="2" spawntime="60" x="2" y="1"/>
</spawn>
<spawn centerx="559" centery="480" centerz="8" radius="5">
<monster name="Monk" direction="2" spawntime="60" x="2" y="0"/>
<monster name="Monk" direction="2" spawntime="60" x="-1" y="2"/>
</spawn>
<spawn centerx="556" centery="492" centerz="8" radius="5">
<monster name="Monk" direction="2" spawntime="60" x="-2" y="0"/>
<monster name="Monk" direction="2" spawntime="60" x="2" y="0"/>
<monster name="Monk" direction="2" spawntime="60" x="2" y="-1"/>
<monster name="Hero" direction="2" spawntime="60" x="0" y="-2"/>
</spawn>
<spawn centerx="540" centery="491" centerz="8" radius="5">
<monster name="Demon Skeleton" direction="2" spawntime="60" x="1" y="1"/>
<monster name="Monk" direction="2" spawntime="60" x="-1" y="2"/>
<monster name="Hero" direction="2" spawntime="60" x="-1" y="0"/>
</spawn>
<spawn centerx="527" centery="493" centerz="8" radius="5">
<monster name="Demon Skeleton" direction="2" spawntime="60" x="0" y="-1"/>
<monster name="Monk" direction="2" spawntime="60" x="-2" y="0"/>
</spawn>
<spawn centerx="516" centery="491" centerz="8" radius="5">
<monster name="Demon Skeleton" direction="2" spawntime="60" x="1" y="0"/>
<monster name="Monk" direction="2" spawntime="60" x="-1" y="1"/>
<monster name="Hero" direction="2" spawntime="60" x="-1" y="-1"/>
</spawn>
<spawn centerx="515" centery="479" centerz="8" radius="5">
<monster name="Demon Skeleton" direction="2" spawntime="60" x="2" y="1"/>
<monster name="Monk" direction="2" spawntime="60" x="0" y="2"/>
<monster name="Monk" direction="2" spawntime="60" x="0" y="1"/>
</spawn>
<spawn centerx="508" centery="470" centerz="8" radius="5">
<monster name="Demon Skeleton" direction="2" spawntime="60" x="2" y="-3"/>
<monster name="Monk" direction="2" spawntime="60" x="-2" y="0"/>
<monster name="Hero" direction="2" spawntime="60" x="2" y="0"/>
</spawn>
<spawn centerx="506" centery="457" centerz="8" radius="5">
<monster name="Demon Skeleton" direction="2" spawntime="60" x="2" y="0"/>
<monster name="Hero" direction="2" spawntime="60" x="-2" y="-1"/>
</spawn>
<spawn centerx="496" centery="462" centerz="8" radius="5">
<monster name="Demon Skeleton" direction="2" spawntime="60" x="-1" y="0"/>
</spawn>
<spawn centerx="481" centery="455" centerz="8" radius="5">
<monster name="Demon Skeleton" direction="2" spawntime="60" x="0" y="-3"/>
<monster name="Hero" direction="2" spawntime="60" x="-2" y="-3"/>
</spawn>
<spawn centerx="483" centery="467" centerz="8" radius="5">
<monster name="Demon Skeleton" direction="2" spawntime="60" x="2" y="1"/>
<monster name="Monk" direction="2" spawntime="60" x="-2" y="1"/>
<monster name="Hero" direction="2" spawntime="60" x="-1" y="-3"/>
</spawn>
<spawn centerx="489" centery="450" centerz="8" radius="5">
<monster name="Demon Skeleton" direction="2" spawntime="60" x="1" y="2"/>
<monster name="Monk" direction="2" spawntime="60" x="-2" y="2"/>
</spawn>
<spawn centerx="479" centery="452" centerz="9" radius="5">
<monster name="Dragon" direction="2" spawntime="60" x="-1" y="1"/>
</spawn>
<spawn centerx="469" centery="459" centerz="9" radius="5">
<monster name="Dragon" direction="2" spawntime="60" x="0" y="-2"/>
</spawn>
<spawn centerx="459" centery="460" centerz="9" radius="5">
<monster name="Dragon" direction="2" spawntime="60" x="1" y="1"/>
</spawn>
<spawn centerx="467" centery="462" centerz="10" radius="5">
<monster name="Demon" direction="2" spawntime="60" x="1" y="2"/>
</spawn>
<spawn centerx="476" centery="462" centerz="10" radius="5">
<monster name="Dragon Lord" direction="2" spawntime="60" x="-2" y="-2"/>
</spawn>
<spawn centerx="485" centery="469" centerz="10" radius="5">
<monster name="Dragon Lord" direction="2" spawntime="60" x="-2" y="-2"/>
</spawn>
<spawn centerx="476" centery="480" centerz="10" radius="5">
<monster name="Demon" direction="2" spawntime="60" x="2" y="4"/>
<monster name="Dragon Lord" direction="2" spawntime="60" x="-1" y="-2"/>
</spawn>
<spawn centerx="481" centery="499" centerz="10" radius="5">
<monster name="Dragon Lord" direction="2" spawntime="60" x="-2" y="2"/>
</spawn>
<spawn centerx="469" centery="502" centerz="10" radius="5">
<monster name="Demon" direction="2" spawntime="60" x="0" y="5"/>
</spawn>
<spawn centerx="478" centery="512" centerz="10" radius="5">
<monster name="Dragon Lord" direction="2" spawntime="60" x="2" y="2"/>
</spawn>
<spawn centerx="479" centery="525" centerz="10" radius="5">
<monster name="Demon" direction="2" spawntime="60" x="0" y="4"/>
<monster name="Dragon Lord" direction="2" spawntime="60" x="2" y="-2"/>
</spawn>
<spawn centerx="484" centery="538" centerz="10" radius="5">
<monster name="Dragon Lord" direction="2" spawntime="60" x="-1" y="1"/>
</spawn>
<spawn centerx="495" centery="537" centerz="10" radius="5">
<monster name="Dragon Lord" direction="2" spawntime="60" x="0" y="1"/>
</spawn>
<spawn centerx="501" centery="536" centerz="10" radius="5">
<monster name="Demon" direction="2" spawntime="60" x="0" y="2"/>
</spawn>
<spawn centerx="507" centery="522" centerz="10" radius="5">
<monster name="Dragon Lord" direction="2" spawntime="60" x="0" y="1"/>
</spawn>
<spawn centerx="510" centery="509" centerz="10" radius="5">
<monster name="Demon" direction="2" spawntime="60" x="2" y="-3"/>
<monster name="Demon" direction="2" spawntime="60" x="-1" y="3"/>
</spawn>
<spawn centerx="598" centery="652" centerz="9" radius="5">
<monster name="Cyclops" direction="2" spawntime="60" x="0" y="1"/>
<monster name="Cyclops" direction="2" spawntime="60" x="2" y="3"/>
</spawn>
<spawn centerx="583" centery="667" centerz="9" radius="5">
<monster name="Cyclops" direction="2" spawntime="60" x="0" y="-2"/>
</spawn>
<spawn centerx="583" centery="673" centerz="9" radius="5">
<monster name="Cyclops" direction="2" spawntime="60" x="1" y="-1"/>
</spawn>
<spawn centerx="583" centery="644" centerz="9" radius="5">
<monster name="Cyclops" direction="2" spawntime="60" x="1" y="-1"/>
<monster name="Cyclops" direction="2" spawntime="60" x="1" y="-2"/>
</spawn>
<spawn centerx="584" centery="629" centerz="9" radius="5">
<monster name="Cyclops" direction="2" spawntime="60" x="-1" y="3"/>
<monster name="Cyclops" direction="2" spawntime="60" x="0" y="3"/>
</spawn>
<spawn centerx="584" centery="635" centerz="9" radius="5">
<monster name="Cyclops" direction="2" spawntime="60" x="-2" y="2"/>
</spawn>
<spawn centerx="572" centery="654" centerz="9" radius="5">
<monster name="Cyclops" direction="2" spawntime="60" x="-2" y="-2"/>
</spawn>
<spawn centerx="564" centery="655" centerz="9" radius="5">
<monster name="Cyclops" direction="2" spawntime="60" x="3" y="0"/>
</spawn>
<spawn centerx="586" centery="684" centerz="9" radius="5">
<monster name="Cyclops" direction="2" spawntime="60" x="-3" y="-1"/>
</spawn>
<spawn centerx="599" centery="684" centerz="9" radius="5">
<monster name="Cyclops" direction="2" spawntime="60" x="1" y="-2"/>
<monster name="Cyclops" direction="2" spawntime="60" x="-1" y="1"/>
</spawn>
<spawn centerx="599" centery="680" centerz="10" radius="5">
<monster name="Fire Elemental" direction="2" spawntime="60" x="1" y="-3"/>
<monster name="Fire Elemental" direction="2" spawntime="60" x="0" y="1"/>
<monster name="Fire Elemental" direction="2" spawntime="60" x="1" y="1"/>
</spawn>
<spawn centerx="585" centery="676" centerz="10" radius="5">
<monster name="Dragon" direction="2" spawntime="60" x="0" y="2"/>
<monster name="Dragon" direction="2" spawntime="60" x="1" y="2"/>
<monster name="Dragon" direction="2" spawntime="60" x="2" y="-2"/>
</spawn>
<spawn centerx="587" centery="676" centerz="11" radius="5">
<monster name="Dwarf Soldier" direction="2" spawntime="60" x="0" y="-1"/>
</spawn>
<spawn centerx="593" centery="685" centerz="11" radius="5">
<monster name="Dwarf Soldier" direction="2" spawntime="60" x="2" y="-1"/>
</spawn>
<spawn centerx="600" centery="670" centerz="11" radius="5">
<monster name="Dwarf Soldier" direction="2" spawntime="60" x="0" y="-3"/>
</spawn>
<spawn centerx="578" centery="681" centerz="11" radius="5">
<monster name="Dwarf Soldier" direction="2" spawntime="60" x="1" y="3"/>
</spawn>
<spawn centerx="584" centery="691" centerz="11" radius="5">
<monster name="Dwarf Soldier" direction="2" spawntime="60" x="3" y="0"/>
</spawn>
<spawn centerx="595" centery="695" centerz="11" radius="5">
<monster name="Dwarf Soldier" direction="2" spawntime="60" x="0" y="2"/>
</spawn>
<spawn centerx="600" centery="680" centerz="12" radius="5">
<monster name="Dwarf Soldier" direction="2" spawntime="60" x="0" y="-2"/>
</spawn>
<spawn centerx="588" centery="667" centerz="12" radius="5">
<monster name="Dwarf Soldier" direction="2" spawntime="60" x="0" y="1"/>
</spawn>
<spawn centerx="576" centery="676" centerz="12" radius="5">
<monster name="Dwarf Soldier" direction="2" spawntime="60" x="-1" y="-2"/>
</spawn>
<spawn centerx="569" centery="669" centerz="13" radius="5">
<monster name="Behemoth" direction="2" spawntime="60" x="-1" y="0"/>
<monster name="Cyclops" direction="2" spawntime="60" x="2" y="2"/>
<monster name="Cyclops" direction="2" spawntime="60" x="3" y="2"/>
</spawn>
<spawn centerx="573" centery="657" centerz="13" radius="5">
<monster name="Behemoth" direction="2" spawntime="60" x="0" y="3"/>
<monster name="Cyclops" direction="2" spawntime="60" x="3" y="-1"/>
</spawn>
<spawn centerx="586" centery="655" centerz="13" radius="5">
<monster name="Cyclops" direction="2" spawntime="60" x="1" y="1"/>
</spawn>
<spawn centerx="596" centery="655" centerz="13" radius="5">
<monster name="Behemoth" direction="2" spawntime="60" x="1" y="-3"/>
<monster name="Cyclops" direction="2" spawntime="60" x="2" y="2"/>
</spawn>
<spawn centerx="605" centery="656" centerz="13" radius="5">
<monster name="Cyclops" direction="2" spawntime="60" x="2" y="1"/>
</spawn>
<spawn centerx="611" centery="663" centerz="13" radius="5">
<monster name="Behemoth" direction="2" spawntime="60" x="2" y="-1"/>
</spawn>
<spawn centerx="635" centery="654" centerz="13" radius="5">
<monster name="Behemoth" direction="2" spawntime="60" x="3" y="-1"/>
</spawn>
<spawn centerx="627" centery="654" centerz="13" radius="5">
<monster name="Behemoth" direction="2" spawntime="60" x="-1" y="1"/>
</spawn>
<spawn centerx="617" centery="694" centerz="13" radius="5">
<monster name="Cyclops" direction="2" spawntime="60" x="1" y="4"/>
</spawn>
<spawn centerx="629" centery="705" centerz="13" radius="5">
<monster name="Behemoth" direction="2" spawntime="60" x="-1" y="-1"/>
<monster name="Cyclops" direction="2" spawntime="60" x="-2" y="2"/>
</spawn>
<spawn centerx="622" centery="714" centerz="13" radius="5">
<monster name="Behemoth" direction="2" spawntime="60" x="1" y="2"/>
<monster name="Cyclops" direction="2" spawntime="60" x="-1" y="2"/>
</spawn>
<spawn centerx="608" centery="711" centerz="13" radius="5">
<monster name="Behemoth" direction="2" spawntime="60" x="2" y="0"/>
</spawn>
<spawn centerx="602" centery="700" centerz="13" radius="5">
<monster name="Behemoth" direction="2" spawntime="60" x="-1" y="1"/>
</spawn>
<spawn centerx="607" centery="689" centerz="13" radius="5">
<monster name="Cyclops" direction="2" spawntime="60" x="-1" y="1"/>
</spawn>
<spawn centerx="588" centery="690" centerz="13" radius="5">
<monster name="Cyclops" direction="2" spawntime="60" x="0" y="0"/>
</spawn>
<spawn centerx="593" centery="679" centerz="13" radius="5">
<monster name="Behemoth" direction="2" spawntime="60" x="0" y="-3"/>
<monster name="Cyclops" direction="2" spawntime="60" x="0" y="1"/>
</spawn>
<spawn centerx="619" centery="677" centerz="12" radius="5">
<monster name="Dwarf Soldier" direction="2" spawntime="60" x="-1" y="0"/>
</spawn>
<spawn centerx="610" centery="666" centerz="11" radius="5">
<monster name="Dwarf Soldier" direction="2" spawntime="60" x="3" y="0"/>
</spawn>
<spawn centerx="561" centery="656" centerz="13" radius="5">
<monster name="Behemoth" direction="2" spawntime="60" x="-1" y="-3"/>
<monster name="Behemoth" direction="2" spawntime="60" x="0" y="0"/>
</spawn>
<spawn centerx="574" centery="682" centerz="13" radius="5">
<monster name="Cyclops" direction="2" spawntime="60" x="0" y="-2"/>
</spawn>
<spawn centerx="581" centery="670" centerz="13" radius="5">
<monster name="Cyclops" direction="2" spawntime="60" x="0" y="1"/>
</spawn>
<spawn centerx="817" centery="614" centerz="7" radius="5">
<monster name="Hydra" direction="2" spawntime="60" x="0" y="2"/>
</spawn>
<spawn centerx="805" centery="620" centerz="7" radius="5">
<monster name="Giant Spider" direction="2" spawntime="60" x="3" y="-3"/>
</spawn>
<spawn centerx="813" centery="642" centerz="7" radius="5">
<monster name="Hydra" direction="2" spawntime="60" x="2" y="-1"/>
</spawn>
<spawn centerx="805" centery="640" centerz="7" radius="5">
<monster name="Giant Spider" direction="2" spawntime="60" x="2" y="-1"/>
</spawn>
<spawn centerx="797" centery="627" centerz="7" radius="5">
<monster name="Giant Spider" direction="2" spawntime="60" x="2" y="-3"/>
</spawn>
<spawn centerx="786" centery="635" centerz="7" radius="5">
<monster name="Giant Spider" direction="2" spawntime="60" x="2" y="-1"/>
</spawn>
<spawn centerx="796" centery="651" centerz="7" radius="5">
<monster name="Giant Spider" direction="2" spawntime="60" x="0" y="2"/>
</spawn>
<spawn centerx="792" centery="667" centerz="7" radius="5">
<monster name="Giant Spider" direction="2" spawntime="60" x="3" y="-3"/>
<monster name="Giant Spider" direction="2" spawntime="60" x="-2" y="2"/>
</spawn>
<spawn centerx="793" centery="679" centerz="7" radius="5">
<monster name="Giant Spider" direction="2" spawntime="60" x="0" y="-3"/>
<monster name="Giant Spider" direction="2" spawntime="60" x="-4" y="2"/>
</spawn>
<spawn centerx="790" centery="692" centerz="7" radius="5">
<monster name="Hydra" direction="2" spawntime="60" x="-1" y="2"/>
</spawn>
<spawn centerx="783" centery="699" centerz="7" radius="5">
<monster name="Hydra" direction="2" spawntime="60" x="-4" y="2"/>
</spawn>
<spawn centerx="766" centery="707" centerz="7" radius="5">
<monster name="Giant Spider" direction="2" spawntime="60" x="3" y="-1"/>
</spawn>
<spawn centerx="774" centery="714" centerz="7" radius="5">
<monster name="Panda" direction="2" spawntime="60" x="2" y="-2"/>
<monster name="Panda" direction="2" spawntime="60" x="0" y="2"/>
<monster name="Giant Spider" direction="2" spawntime="60" x="-2" y="2"/>
</spawn>
<spawn centerx="771" centery="729" centerz="7" radius="5">
<monster name="Rotworm" direction="2" spawntime="60" x="1" y="-2"/>
<monster name="Rotworm" direction="2" spawntime="60" x="0" y="0"/>
<monster name="Rotworm" direction="2" spawntime="60" x="-3" y="2"/>
<monster name="Rotworm" direction="2" spawntime="60" x="-2" y="-3"/>
</spawn>
<spawn centerx="772" centery="740" centerz="7" radius="5">
<monster name="Wolf" direction="2" spawntime="60" x="2" y="-2"/>
<monster name="Wolf" direction="2" spawntime="60" x="0" y="1"/>
<monster name="Wolf" direction="2" spawntime="60" x="-1" y="2"/>
<monster name="Wolf" direction="2" spawntime="60" x="-4" y="1"/>
<monster name="Wolf" direction="2" spawntime="60" x="-3" y="0"/>
<monster name="Giant Spider" direction="2" spawntime="60" x="0" y="-3"/>
</spawn>
<spawn centerx="771" centery="755" centerz="7" radius="5">
<monster name="Wolf" direction="2" spawntime="60" x="1" y="-2"/>
<monster name="Wolf" direction="2" spawntime="60" x="1" y="1"/>
<monster name="Wolf" direction="2" spawntime="60" x="-2" y="-1"/>
</spawn>
<spawn centerx="761" centery="754" centerz="7" radius="5">
<monster name="Wolf" direction="2" spawntime="60" x="-1" y="-2"/>
<monster name="Wolf" direction="2" spawntime="60" x="2" y="0"/>
<monster name="Wolf" direction="2" spawntime="60" x="0" y="3"/>
</spawn>
<spawn centerx="756" centery="768" centerz="7" radius="5">
<monster name="Bug" direction="2" spawntime="60" x="-3" y="-1"/>
<monster name="Bug" direction="2" spawntime="60" x="2" y="1"/>
<monster name="Wolf" direction="2" spawntime="60" x="0" y="-1"/>
</spawn>
<spawn centerx="769" centery="769" centerz="7" radius="5">
<monster name="Bug" direction="2" spawntime="60" x="2" y="-1"/>
<monster name="Bug" direction="2" spawntime="60" x="-1" y="2"/>
<monster name="Wolf" direction="2" spawntime="60" x="1" y="1"/>
</spawn>
<spawn centerx="757" centery="784" centerz="7" radius="5">
<monster name="Pink Butterfly" direction="2" spawntime="60" x="2" y="-1"/>
<monster name="Pink Butterfly" direction="2" spawntime="60" x="1" y="2"/>
<monster name="Blue Butterfly" direction="2" spawntime="60" x="-1" y="-2"/>
<monster name="Red Butterfly" direction="2" spawntime="60" x="-1" y="1"/>
</spawn>
<spawn centerx="762" centery="799" centerz="7" radius="5">
<monster name="Bear" direction="2" spawntime="60" x="2" y="-1"/>
<monster name="Bear" direction="2" spawntime="60" x="0" y="2"/>
</spawn>
<spawn centerx="751" centery="797" centerz="7" radius="5">
<monster name="Bug" direction="2" spawntime="60" x="-1" y="-4"/>
<monster name="Bug" direction="2" spawntime="60" x="-1" y="2"/>
<monster name="Bug" direction="2" spawntime="60" x="2" y="-1"/>
</spawn>
<spawn centerx="699" centery="751" centerz="8" radius="5">
<monster name="Cave Rat" direction="2" spawntime="60" x="1" y="0"/>
<monster name="Rat" direction="2" spawntime="60" x="-4" y="0"/>
</spawn>
<spawn centerx="716" centery="751" centerz="8" radius="5">
<monster name="Cave Rat" direction="2" spawntime="60" x="1" y="-2"/>
<monster name="Rat" direction="2" spawntime="60" x="1" y="2"/>
</spawn>
<spawn centerx="717" centery="764" centerz="8" radius="5">
<monster name="Cave Rat" direction="2" spawntime="60" x="0" y="2"/>
<monster name="Rat" direction="2" spawntime="60" x="0" y="-2"/>
</spawn>
<spawn centerx="707" centery="771" centerz="8" radius="5">
<monster name="Cave Rat" direction="2" spawntime="60" x="-2" y="-1"/>
<monster name="Rat" direction="2" spawntime="60" x="2" y="0"/>
</spawn>
<spawn centerx="692" centery="771" centerz="8" radius="5">
<monster name="Cave Rat" direction="2" spawntime="60" x="1" y="1"/>
<monster name="Rat" direction="2" spawntime="60" x="3" y="1"/>
<monster name="Rat" direction="2" spawntime="60" x="-3" y="1"/>
</spawn>
<spawn centerx="682" centery="772" centerz="8" radius="5">
<monster name="Rat" direction="2" spawntime="60" x="-4" y="0"/>
<monster name="Rat" direction="2" spawntime="60" x="3" y="0"/>
</spawn>
<spawn centerx="678" centery="761" centerz="8" radius="5">
<monster name="Cave Rat" direction="2" spawntime="60" x="-2" y="-2"/>
<monster name="Rat" direction="2" spawntime="60" x="-4" y="-2"/>
<monster name="Rat" direction="2" spawntime="60" x="-3" y="-1"/>
</spawn>
<spawn centerx="687" centery="759" centerz="8" radius="5">
<monster name="Cave Rat" direction="2" spawntime="60" x="1" y="-1"/>
<monster name="Cave Rat" direction="2" spawntime="60" x="3" y="-1"/>
<monster name="Rat" direction="2" spawntime="60" x="2" y="-4"/>
<monster name="Rat" direction="2" spawntime="60" x="-2" y="-1"/>
</spawn>
<spawn centerx="674" centery="769" centerz="8" radius="5">
<monster name="Cave Rat" direction="2" spawntime="60" x="-1" y="1"/>
</spawn>
<spawn centerx="104" centery="312" centerz="7" radius="5">
<monster name="Ghoul" direction="2" spawntime="60" x="2" y="4"/>
<monster name="Demon Skeleton" direction="2" spawntime="60" x="-3" y="3"/>
<monster name="Demon Skeleton" direction="2" spawntime="60" x="-1" y="-3"/>
</spawn>
<spawn centerx="101" centery="317" centerz="7" radius="5">
<monster name="Ghoul" direction="2" spawntime="60" x="-2" y="1"/>
<monster name="Ghoul" direction="2" spawntime="60" x="-1" y="1"/>
<monster name="Demon Skeleton" direction="2" spawntime="60" x="-2" y="3"/>
</spawn>
<spawn centerx="108" centery="318" centerz="7" radius="5">
<monster name="Ghoul" direction="2" spawntime="60" x="3" y="1"/>
<monster name="Demon Skeleton" direction="2" spawntime="60" x="1" y="1"/>
</spawn>
<spawn centerx="112" centery="311" centerz="7" radius="5">
<monster name="Ghoul" direction="2" spawntime="60" x="-2" y="-2"/>
<monster name="Demon Skeleton" direction="2" spawntime="60" x="-2" y="-4"/>
</spawn>
<spawn centerx="95" centery="313" centerz="7" radius="5">
<monster name="Ghoul" direction="2" spawntime="60" x="4" y="-2"/>
<monster name="Demon Skeleton" direction="2" spawntime="60" x="1" y="-2"/>
</spawn>
<spawn centerx="96" centery="308" centerz="8" radius="5">
<monster name="Vampire" direction="2" spawntime="60" x="1" y="1"/>
<monster name="Vampire" direction="2" spawntime="60" x="-2" y="0"/>
</spawn>
<spawn centerx="84" centery="308" centerz="8" radius="5">
<monster name="Vampire" direction="2" spawntime="60" x="3" y="0"/>
<monster name="Vampire" direction="2" spawntime="60" x="-5" y="0"/>
</spawn>
<spawn centerx="68" centery="309" centerz="8" radius="5">
<monster name="Vampire" direction="2" spawntime="60" x="4" y="-1"/>
</spawn>
<spawn centerx="62" centery="310" centerz="8" radius="5">
<monster name="Vampire" direction="2" spawntime="60" x="0" y="-2"/>
</spawn>
<spawn centerx="70" centery="317" centerz="8" radius="5">
<monster name="Vampire" direction="2" spawntime="60" x="-2" y="-1"/>
</spawn>
<spawn centerx="76" centery="322" centerz="8" radius="5">
<monster name="Vampire" direction="2" spawntime="60" x="1" y="0"/>
</spawn>
<spawn centerx="66" centery="326" centerz="8" radius="5">
<monster name="Vampire" direction="2" spawntime="60" x="2" y="1"/>
</spawn>
<spawn centerx="61" centery="320" centerz="8" radius="5">
<monster name="Vampire" direction="2" spawntime="60" x="0" y="3"/>
</spawn>
<spawn centerx="85" centery="326" centerz="8" radius="5">
<monster name="Vampire" direction="2" spawntime="60" x="0" y="1"/>
<monster name="Vampire" direction="2" spawntime="60" x="2" y="-4"/>
</spawn>
<spawn centerx="376" centery="87" centerz="6" radius="5">
<monster name="Warlock" direction="2" spawntime="60" x="1" y="2"/>
</spawn>
<spawn centerx="377" centery="76" centerz="6" radius="5">
<monster name="Warlock" direction="2" spawntime="60" x="2" y="-3"/>
<monster name="Warlock" direction="2" spawntime="60" x="-3" y="2"/>
<monster name="Dragon Lord" direction="2" spawntime="60" x="2" y="-1"/>
</spawn>
<spawn centerx="386" centery="74" centerz="6" radius="5">
<monster name="Warlock" direction="2" spawntime="60" x="0" y="-1"/>
<monster name="Warlock" direction="2" spawntime="60" x="-2" y="0"/>
</spawn>
<spawn centerx="399" centery="131" centerz="7" radius="6">
<monster name="Orshabaal" direction="2" spawntime="60" x="-5" y="-3"/>
<monster name="Orshabaal" direction="2" spawntime="60" x="-3" y="-3"/>
<monster name="Orshabaal" direction="2" spawntime="60" x="-1" y="-3"/>
<monster name="Orshabaal" direction="2" spawntime="60" x="1" y="-3"/>
<monster name="Orshabaal" direction="2" spawntime="60" x="0" y="-1"/>
<monster name="Orshabaal" direction="2" spawntime="60" x="0" y="0"/>
<monster name="Orshabaal" direction="2" spawntime="60" x="1" y="-1"/>
<monster name="Orshabaal" direction="2" spawntime="60" x="2" y="-1"/>
<monster name="Orshabaal" direction="2" spawntime="60" x="2" y="0"/>
<monster name="Orshabaal" direction="2" spawntime="60" x="1" y="2"/>
<monster name="Orshabaal" direction="2" spawntime="60" x="-1" y="2"/>
<monster name="Orshabaal" direction="2" spawntime="60" x="-5" y="2"/>
<monster name="Orshabaal" direction="2" spawntime="60" x="1" y="0"/>
<monster name="Orshabaal" direction="2" spawntime="60" x="3" y="2"/>
<monster name="Orshabaal" direction="2" spawntime="60" x="3" y="-3"/>
<monster name="Orshabaal" direction="2" spawntime="60" x="-3" y="2"/>
</spawn>
<spawn centerx="43" centery="24" centerz="8" radius="5">
<monster name="Warlock" direction="2" spawntime="60" x="1" y="-1"/>
<monster name="Warlock" direction="2" spawntime="60" x="2" y="1"/>
<monster name="Warlock" direction="2" spawntime="60" x="-2" y="0"/>
<monster name="Warlock" direction="2" spawntime="60" x="5" y="0"/>
</spawn>
<spawn centerx="33" centery="32" centerz="8" radius="5">
<monster name="Warlock" direction="2" spawntime="60" x="-2" y="-1"/>
<monster name="Warlock" direction="2" spawntime="60" x="-1" y="1"/>
<monster name="Warlock" direction="2" spawntime="60" x="1" y="2"/>
<monster name="Warlock" direction="2" spawntime="60" x="3" y="4"/>
</spawn>
<spawn centerx="50" centery="33" centerz="8" radius="5">
<monster name="Warlock" direction="2" spawntime="60" x="-1" y="1"/>
<monster name="Warlock" direction="2" spawntime="60" x="2" y="0"/>
<monster name="Warlock" direction="2" spawntime="60" x="3" y="3"/>
<monster name="Warlock" direction="2" spawntime="60" x="-2" y="-1"/>
</spawn>
<spawn centerx="63" centery="42" centerz="8" radius="5">
<monster name="Warlock" direction="2" spawntime="60" x="-2" y="-1"/>
<monster name="Warlock" direction="2" spawntime="60" x="-2" y="1"/>
<monster name="Warlock" direction="2" spawntime="60" x="3" y="-3"/>
<monster name="Warlock" direction="2" spawntime="60" x="4" y="0"/>
</spawn>
<spawn centerx="76" centery="26" centerz="8" radius="5">
<monster name="Warlock" direction="2" spawntime="60" x="3" y="-3"/>
<monster name="Warlock" direction="2" spawntime="60" x="3" y="0"/>
<monster name="Warlock" direction="2" spawntime="60" x="3" y="3"/>
<monster name="Warlock" direction="2" spawntime="60" x="-3" y="4"/>
<monster name="Warlock" direction="2" spawntime="60" x="-2" y="4"/>
<monster name="Warlock" direction="2" spawntime="60" x="-4" y="-3"/>
<monster name="Warlock" direction="2" spawntime="60" x="-3" y="-4"/>
<monster name="Warlock" direction="2" spawntime="60" x="0" y="-1"/>
<monster name="Warlock" direction="2" spawntime="60" x="0" y="1"/>
<monster name="Warlock" direction="2" spawntime="60" x="-1" y="0"/>
</spawn>
<spawn centerx="62" centery="25" centerz="8" radius="5">
<monster name="Warlock" direction="2" spawntime="60" x="-4" y="2"/>
<monster name="Warlock" direction="2" spawntime="60" x="-4" y="1"/>
<monster name="Warlock" direction="2" spawntime="60" x="2" y="-2"/>
<monster name="Warlock" direction="2" spawntime="60" x="3" y="0"/>
<monster name="Warlock" direction="2" spawntime="60" x="-1" y="0"/>
</spawn>
<spawn centerx="712" centery="558" centerz="10" radius="5">
<monster name="Warlock" direction="2" spawntime="60" x="3" y="0"/>
<monster name="Warlock" direction="2" spawntime="60" x="-1" y="-2"/>
<monster name="Warlock" direction="2" spawntime="60" x="-1" y="-1"/>
<monster name="Warlock" direction="2" spawntime="60" x="-1" y="0"/>
</spawn>
<spawn centerx="718" centery="567" centerz="10" radius="5">
<monster name="Warlock" direction="2" spawntime="60" x="-2" y="-1"/>
<monster name="Warlock" direction="2" spawntime="60" x="1" y="2"/>
<monster name="Warlock" direction="2" spawntime="60" x="2" y="-1"/>
</spawn>
<spawn centerx="735" centery="581" centerz="10" radius="5">
<monster name="Warlock" direction="2" spawntime="60" x="1" y="-2"/>
<monster name="Warlock" direction="2" spawntime="60" x="1" y="0"/>
<monster name="Warlock" direction="2" spawntime="60" x="-2" y="0"/>
</spawn>
<spawn centerx="725" centery="569" centerz="10" radius="5">
<monster name="Warlock" direction="2" spawntime="60" x="0" y="4"/>
</spawn>
<spawn centerx="666" centery="584" centerz="10" radius="5">
<monster name="Warlock" direction="2" spawntime="60" x="3" y="-3"/>
<monster name="Warlock" direction="2" spawntime="60" x="-1" y="-4"/>
<monster name="Warlock" direction="2" spawntime="60" x="-1" y="-1"/>
<monster name="Warlock" direction="2" spawntime="60" x="-1" y="1"/>
<monster name="Warlock" direction="2" spawntime="60" x="0" y="3"/>
</spawn>
<spawn centerx="198" centery="39" centerz="10" radius="5">
<monster name="Warlock" direction="2" spawntime="60" x="-1" y="0"/>
</spawn>
<spawn centerx="122" centery="36" centerz="8" radius="5">
<monster name="Dragon Lord" direction="2" spawntime="60" x="-1" y="2"/>
<monster name="Dragon Lord" direction="2" spawntime="60" x="2" y="-2"/>
</spawn>
<spawn centerx="150" centery="23" centerz="8" radius="5">
<monster name="Warlock" direction="2" spawntime="60" x="-2" y="-3"/>
<monster name="Warlock" direction="2" spawntime="60" x="-2" y="-2"/>
<monster name="Warlock" direction="2" spawntime="60" x="-2" y="-1"/>
<monster name="Warlock" direction="2" spawntime="60" x="1" y="-1"/>
<monster name="Warlock" direction="2" spawntime="60" x="1" y="0"/>
<monster name="Warlock" direction="2" spawntime="60" x="1" y="1"/>
</spawn>
<spawn centerx="107" centery="23" centerz="8" radius="5">
<monster name="Warlock" direction="2" spawntime="60" x="-2" y="1"/>
<monster name="Warlock" direction="2" spawntime="60" x="2" y="1"/>
<monster name="Warlock" direction="2" spawntime="60" x="0" y="-1"/>
</spawn>
<spawn centerx="92" centery="23" centerz="8" radius="5">
<monster name="Warlock" direction="2" spawntime="60" x="-2" y="0"/>
<monster name="Warlock" direction="2" spawntime="60" x="3" y="0"/>
<monster name="Warlock" direction="2" spawntime="60" x="3" y="-2"/>
</spawn>
<spawn centerx="467" centery="543" centerz="10" radius="5">
<monster name="Dragon Lord" direction="2" spawntime="60" x="1" y="-1"/>
<monster name="Dragon Lord" direction="2" spawntime="60" x="-3" y="4"/>
</spawn>
<spawn centerx="457" centery="539" centerz="10" radius="5">
<monster name="Demon" direction="2" spawntime="60" x="1" y="2"/>
<monster name="Demon" direction="2" spawntime="60" x="-3" y="-2"/>
</spawn>
<spawn centerx="447" centery="534" centerz="10" radius="5">
<monster name="Demon" direction="2" spawntime="60" x="3" y="0"/>
<monster name="Demon" direction="2" spawntime="60" x="3" y="1"/>
</spawn>
<spawn centerx="446" centery="521" centerz="10" radius="5">
<monster name="Demon" direction="2" spawntime="60" x="-2" y="-1"/>
<monster name="Demon" direction="2" spawntime="60" x="0" y="2"/>
<monster name="Demon" direction="2" spawntime="60" x="2" y="-1"/>
<monster name="Demon" direction="2" spawntime="60" x="2" y="0"/>
</spawn>
<spawn centerx="92" centery="45" centerz="6" radius="5">
<monster name="Bat" direction="2" spawntime="60" x="-3" y="0"/>
<monster name="Bat" direction="2" spawntime="60" x="-2" y="0"/>
<monster name="Bat" direction="2" spawntime="60" x="-1" y="0"/>
<monster name="Bat" direction="2" spawntime="60" x="0" y="0"/>
<monster name="Bat" direction="2" spawntime="60" x="1" y="0"/>
<monster name="Bat" direction="2" spawntime="60" x="2" y="0"/>
<monster name="Bat" direction="2" spawntime="60" x="3" y="0"/>
<monster name="Bat" direction="2" spawntime="60" x="4" y="0"/>
<monster name="Bat" direction="2" spawntime="60" x="5" y="0"/>
</spawn>
<spawn centerx="125" centery="341" centerz="9" radius="5">
<monster name="Necromancer" direction="2" spawntime="60" x="-1" y="-2"/>
<monster name="Necromancer" direction="2" spawntime="60" x="1" y="-2"/>
<monster name="Necromancer" direction="2" spawntime="60" x="0" y="4"/>
</spawn>
<spawn centerx="125" centery="357" centerz="9" radius="5">
<monster name="Necromancer" direction="2" spawntime="60" x="-1" y="-3"/>
<monster name="Necromancer" direction="2" spawntime="60" x="1" y="0"/>
</spawn>
<spawn centerx="110" centery="350" centerz="9" radius="5">
<monster name="Necromancer" direction="2" spawntime="60" x="4" y="-2"/>
<monster name="Necromancer" direction="2" spawntime="60" x="-1" y="1"/>
</spawn>
<spawn centerx="99" centery="353" centerz="9" radius="5">
<monster name="Necromancer" direction="2" spawntime="60" x="1" y="-3"/>
<monster name="Necromancer" direction="2" spawntime="60" x="0" y="1"/>
<monster name="Necromancer" direction="2" spawntime="60" x="2" y="0"/>
</spawn>
<spawn centerx="142" centery="352" centerz="9" radius="5">
<monster name="Necromancer" direction="2" spawntime="60" x="1" y="0"/>
<monster name="Necromancer" direction="2" spawntime="60" x="-2" y="-1"/>
</spawn>
<spawn centerx="76" centery="39" centerz="8" radius="5">
<monster name="Warlock" direction="2" spawntime="60" x="2" y="2"/>
<monster name="Warlock" direction="2" spawntime="60" x="0" y="1"/>
<monster name="Warlock" direction="2" spawntime="60" x="1" y="0"/>
<monster name="Warlock" direction="2" spawntime="60" x="-1" y="-1"/>
<monster name="Warlock" direction="2" spawntime="60" x="-3" y="-3"/>
</spawn>
<spawn centerx="66" centery="29" centerz="7" radius="20">
<monster name="Yeti" direction="2" spawntime="60" x="-7" y="-9"/>
<monster name="Yeti" direction="2" spawntime="60" x="-6" y="-9"/>
<monster name="Yeti" direction="2" spawntime="60" x="-5" y="-9"/>
<monster name="Yeti" direction="2" spawntime="60" x="-4" y="-9"/>
<monster name="Yeti" direction="2" spawntime="60" x="-3" y="-9"/>
<monster name="Yeti" direction="2" spawntime="60" x="-2" y="-9"/>
<monster name="Yeti" direction="2" spawntime="60" x="-1" y="-9"/>
<monster name="Yeti" direction="2" spawntime="60" x="0" y="-9"/>
<monster name="Yeti" direction="2" spawntime="60" x="1" y="-9"/>
<monster name="Yeti" direction="2" spawntime="60" x="-7" y="-8"/>
<monster name="Yeti" direction="2" spawntime="60" x="-6" y="-8"/>
<monster name="Yeti" direction="2" spawntime="60" x="-5" y="-8"/>
<monster name="Yeti" direction="2" spawntime="60" x="-4" y="-8"/>
<monster name="Yeti" direction="2" spawntime="60" x="-3" y="-8"/>
<monster name="Yeti" direction="2" spawntime="60" x="-2" y="-8"/>
<monster name="Yeti" direction="2" spawntime="60" x="-1" y="-8"/>
<monster name="Yeti" direction="2" spawntime="60" x="0" y="-8"/>
<monster name="Yeti" direction="2" spawntime="60" x="1" y="-8"/>
<monster name="Yeti" direction="2" spawntime="60" x="-7" y="-7"/>
<monster name="Yeti" direction="2" spawntime="60" x="-6" y="-7"/>
<monster name="Yeti" direction="2" spawntime="60" x="-5" y="-7"/>
<monster name="Yeti" direction="2" spawntime="60" x="-4" y="-7"/>
<monster name="Yeti" direction="2" spawntime="60" x="-3" y="-7"/>
<monster name="Yeti" direction="2" spawntime="60" x="-2" y="-7"/>
<monster name="Yeti" direction="2" spawntime="60" x="-1" y="-7"/>
<monster name="Yeti" direction="2" spawntime="60" x="0" y="-7"/>
<monster name="Yeti" direction="2" spawntime="60" x="1" y="-7"/>
<monster name="Yeti" direction="2" spawntime="60" x="-7" y="-6"/>
<monster name="Yeti" direction="2" spawntime="60" x="-6" y="-6"/>
<monster name="Yeti" direction="2" spawntime="60" x="-5" y="-6"/>
<monster name="Yeti" direction="2" spawntime="60" x="-4" y="-6"/>
<monster name="Yeti" direction="2" spawntime="60" x="-3" y="-6"/>
<monster name="Yeti" direction="2" spawntime="60" x="-2" y="-6"/>
<monster name="Yeti" direction="2" spawntime="60" x="-1" y="-6"/>
<monster name="Yeti" direction="2" spawntime="60" x="0" y="-6"/>
<monster name="Yeti" direction="2" spawntime="60" x="1" y="-6"/>
<monster name="Yeti" direction="2" spawntime="60" x="-7" y="-5"/>
<monster name="Yeti" direction="2" spawntime="60" x="-6" y="-5"/>
<monster name="Yeti" direction="2" spawntime="60" x="-5" y="-5"/>
<monster name="Yeti" direction="2" spawntime="60" x="-4" y="-5"/>
<monster name="Yeti" direction="2" spawntime="60" x="-3" y="-5"/>
<monster name="Yeti" direction="2" spawntime="60" x="-2" y="-5"/>
<monster name="Yeti" direction="2" spawntime="60" x="-1" y="-5"/>
<monster name="Yeti" direction="2" spawntime="60" x="0" y="-5"/>
<monster name="Yeti" direction="2" spawntime="60" x="1" y="-5"/>
<monster name="Yeti" direction="2" spawntime="60" x="-7" y="-4"/>
<monster name="Yeti" direction="2" spawntime="60" x="-6" y="-4"/>
<monster name="Yeti" direction="2" spawntime="60" x="-5" y="-4"/>
<monster name="Yeti" direction="2" spawntime="60" x="-4" y="-4"/>
<monster name="Yeti" direction="2" spawntime="60" x="-3" y="-4"/>
<monster name="Yeti" direction="2" spawntime="60" x="-2" y="-4"/>
<monster name="Yeti" direction="2" spawntime="60" x="-1" y="-4"/>
<monster name="Yeti" direction="2" spawntime="60" x="0" y="-4"/>
<monster name="Yeti" direction="2" spawntime="60" x="1" y="-4"/>
<monster name="Yeti" direction="2" spawntime="60" x="-7" y="-3"/>
<monster name="Yeti" direction="2" spawntime="60" x="-6" y="-3"/>
<monster name="Yeti" direction="2" spawntime="60" x="-5" y="-3"/>
<monster name="Yeti" direction="2" spawntime="60" x="-4" y="-3"/>
<monster name="Yeti" direction="2" spawntime="60" x="-3" y="-3"/>
<monster name="Yeti" direction="2" spawntime="60" x="-2" y="-3"/>
<monster name="Yeti" direction="2" spawntime="60" x="-1" y="-3"/>
<monster name="Yeti" direction="2" spawntime="60" x="0" y="-3"/>
<monster name="Yeti" direction="2" spawntime="60" x="1" y="-3"/>
<monster name="Yeti" direction="2" spawntime="60" x="-7" y="-2"/>
<monster name="Yeti" direction="2" spawntime="60" x="-6" y="-2"/>
<monster name="Yeti" direction="2" spawntime="60" x="-5" y="-2"/>
<monster name="Yeti" direction="2" spawntime="60" x="-4" y="-2"/>
<monster name="Yeti" direction="2" spawntime="60" x="-3" y="-2"/>
<monster name="Yeti" direction="2" spawntime="60" x="-2" y="-2"/>
<monster name="Yeti" direction="2" spawntime="60" x="-1" y="-2"/>
<monster name="Yeti" direction="2" spawntime="60" x="0" y="-2"/>
<monster name="Yeti" direction="2" spawntime="60" x="1" y="-2"/>
<monster name="Yeti" direction="2" spawntime="60" x="-7" y="-1"/>
<monster name="Yeti" direction="2" spawntime="60" x="-6" y="-1"/>
<monster name="Yeti" direction="2" spawntime="60" x="-5" y="-1"/>
<monster name="Yeti" direction="2" spawntime="60" x="-4" y="-1"/>
<monster name="Yeti" direction="2" spawntime="60" x="-3" y="-1"/>
<monster name="Yeti" direction="2" spawntime="60" x="-2" y="-1"/>
<monster name="Yeti" direction="2" spawntime="60" x="-1" y="-1"/>
<monster name="Yeti" direction="2" spawntime="60" x="0" y="-1"/>
<monster name="Yeti" direction="2" spawntime="60" x="1" y="-1"/>
<monster name="Yeti" direction="2" spawntime="60" x="2" y="-9"/>
<monster name="Yeti" direction="2" spawntime="60" x="3" y="-9"/>
<monster name="Yeti" direction="2" spawntime="60" x="4" y="-9"/>
<monster name="Yeti" direction="2" spawntime="60" x="5" y="-9"/>
<monster name="Yeti" direction="2" spawntime="60" x="6" y="-9"/>
<monster name="Yeti" direction="2" spawntime="60" x="7" y="-9"/>
<monster name="Yeti" direction="2" spawntime="60" x="8" y="-9"/>
<monster name="Yeti" direction="2" spawntime="60" x="9" y="-9"/>
<monster name="Yeti" direction="2" spawntime="60" x="2" y="-8"/>
<monster name="Yeti" direction="2" spawntime="60" x="3" y="-8"/>
<monster name="Yeti" direction="2" spawntime="60" x="4" y="-8"/>
<monster name="Yeti" direction="2" spawntime="60" x="5" y="-8"/>
<monster name="Yeti" direction="2" spawntime="60" x="6" y="-8"/>
<monster name="Yeti" direction="2" spawntime="60" x="7" y="-8"/>
<monster name="Yeti" direction="2" spawntime="60" x="8" y="-8"/>
<monster name="Yeti" direction="2" spawntime="60" x="9" y="-8"/>
<monster name="Yeti" direction="2" spawntime="60" x="2" y="-7"/>
<monster name="Yeti" direction="2" spawntime="60" x="3" y="-7"/>
<monster name="Yeti" direction="2" spawntime="60" x="4" y="-7"/>
<monster name="Yeti" direction="2" spawntime="60" x="5" y="-7"/>
<monster name="Yeti" direction="2" spawntime="60" x="6" y="-7"/>
<monster name="Yeti" direction="2" spawntime="60" x="7" y="-7"/>
<monster name="Yeti" direction="2" spawntime="60" x="8" y="-7"/>
<monster name="Yeti" direction="2" spawntime="60" x="9" y="-7"/>
<monster name="Yeti" direction="2" spawntime="60" x="2" y="-6"/>
<monster name="Yeti" direction="2" spawntime="60" x="3" y="-6"/>
<monster name="Yeti" direction="2" spawntime="60" x="4" y="-6"/>
<monster name="Yeti" direction="2" spawntime="60" x="5" y="-6"/>
<monster name="Yeti" direction="2" spawntime="60" x="6" y="-6"/>
<monster name="Yeti" direction="2" spawntime="60" x="7" y="-6"/>
<monster name="Yeti" direction="2" spawntime="60" x="8" y="-6"/>
<monster name="Yeti" direction="2" spawntime="60" x="9" y="-6"/>
<monster name="Yeti" direction="2" spawntime="60" x="2" y="-5"/>
<monster name="Yeti" direction="2" spawntime="60" x="3" y="-5"/>
<monster name="Yeti" direction="2" spawntime="60" x="4" y="-5"/>
<monster name="Yeti" direction="2" spawntime="60" x="5" y="-5"/>
<monster name="Yeti" direction="2" spawntime="60" x="6" y="-5"/>
<monster name="Yeti" direction="2" spawntime="60" x="7" y="-5"/>
<monster name="Yeti" direction="2" spawntime="60" x="8" y="-5"/>
<monster name="Yeti" direction="2" spawntime="60" x="9" y="-5"/>
<monster name="Yeti" direction="2" spawntime="60" x="2" y="-4"/>
<monster name="Yeti" direction="2" spawntime="60" x="3" y="-4"/>
<monster name="Yeti" direction="2" spawntime="60" x="4" y="-4"/>
<monster name="Yeti" direction="2" spawntime="60" x="5" y="-4"/>
<monster name="Yeti" direction="2" spawntime="60" x="6" y="-4"/>
<monster name="Yeti" direction="2" spawntime="60" x="7" y="-4"/>
<monster name="Yeti" direction="2" spawntime="60" x="8" y="-4"/>
<monster name="Yeti" direction="2" spawntime="60" x="9" y="-4"/>
<monster name="Yeti" direction="2" spawntime="60" x="2" y="-3"/>
<monster name="Yeti" direction="2" spawntime="60" x="3" y="-3"/>
<monster name="Yeti" direction="2" spawntime="60" x="4" y="-3"/>
<monster name="Yeti" direction="2" spawntime="60" x="5" y="-3"/>
<monster name="Yeti" direction="2" spawntime="60" x="6" y="-3"/>
<monster name="Yeti" direction="2" spawntime="60" x="7" y="-3"/>
<monster name="Yeti" direction="2" spawntime="60" x="8" y="-3"/>
<monster name="Yeti" direction="2" spawntime="60" x="9" y="-3"/>
<monster name="Yeti" direction="2" spawntime="60" x="2" y="-2"/>
<monster name="Yeti" direction="2" spawntime="60" x="3" y="-2"/>
<monster name="Yeti" direction="2" spawntime="60" x="4" y="-2"/>
<monster name="Yeti" direction="2" spawntime="60" x="5" y="-2"/>
<monster name="Yeti" direction="2" spawntime="60" x="6" y="-2"/>
<monster name="Yeti" direction="2" spawntime="60" x="7" y="-2"/>
<monster name="Yeti" direction="2" spawntime="60" x="8" y="-2"/>
<monster name="Yeti" direction="2" spawntime="60" x="9" y="-2"/>
<monster name="Yeti" direction="2" spawntime="60" x="2" y="-1"/>
<monster name="Yeti" direction="2" spawntime="60" x="3" y="-1"/>
<monster name="Yeti" direction="2" spawntime="60" x="4" y="-1"/>
<monster name="Yeti" direction="2" spawntime="60" x="5" y="-1"/>
<monster name="Yeti" direction="2" spawntime="60" x="6" y="-1"/>
<monster name="Yeti" direction="2" spawntime="60" x="7" y="-1"/>
<monster name="Yeti" direction="2" spawntime="60" x="8" y="-1"/>
<monster name="Yeti" direction="2" spawntime="60" x="9" y="-1"/>
<monster name="Yeti" direction="2" spawntime="60" x="1" y="0"/>
<monster name="Yeti" direction="2" spawntime="60" x="2" y="0"/>
<monster name="Yeti" direction="2" spawntime="60" x="3" y="0"/>
<monster name="Yeti" direction="2" spawntime="60" x="4" y="0"/>
<monster name="Yeti" direction="2" spawntime="60" x="5" y="0"/>
<monster name="Yeti" direction="2" spawntime="60" x="6" y="0"/>
<monster name="Yeti" direction="2" spawntime="60" x="7" y="0"/>
<monster name="Yeti" direction="2" spawntime="60" x="8" y="0"/>
<monster name="Yeti" direction="2" spawntime="60" x="9" y="0"/>
<monster name="Yeti" direction="2" spawntime="60" x="1" y="1"/>
<monster name="Yeti" direction="2" spawntime="60" x="2" y="1"/>
<monster name="Yeti" direction="2" spawntime="60" x="3" y="1"/>
<monster name="Yeti" direction="2" spawntime="60" x="4" y="1"/>
<monster name="Yeti" direction="2" spawntime="60" x="5" y="1"/>
<monster name="Yeti" direction="2" spawntime="60" x="6" y="1"/>
<monster name="Yeti" direction="2" spawntime="60" x="7" y="1"/>
<monster name="Yeti" direction="2" spawntime="60" x="8" y="1"/>
<monster name="Yeti" direction="2" spawntime="60" x="9" y="1"/>
<monster name="Yeti" direction="2" spawntime="60" x="1" y="2"/>
<monster name="Yeti" direction="2" spawntime="60" x="2" y="2"/>
<monster name="Yeti" direction="2" spawntime="60" x="3" y="2"/>
<monster name="Yeti" direction="2" spawntime="60" x="4" y="2"/>
<monster name="Yeti" direction="2" spawntime="60" x="5" y="2"/>
<monster name="Yeti" direction="2" spawntime="60" x="6" y="2"/>
<monster name="Yeti" direction="2" spawntime="60" x="7" y="2"/>
<monster name="Yeti" direction="2" spawntime="60" x="8" y="2"/>
<monster name="Yeti" direction="2" spawntime="60" x="9" y="2"/>
<monster name="Yeti" direction="2" spawntime="60" x="1" y="3"/>
<monster name="Yeti" direction="2" spawntime="60" x="2" y="3"/>
<monster name="Yeti" direction="2" spawntime="60" x="3" y="3"/>
<monster name="Yeti" direction="2" spawntime="60" x="4" y="3"/>
<monster name="Yeti" direction="2" spawntime="60" x="5" y="3"/>
<monster name="Yeti" direction="2" spawntime="60" x="6" y="3"/>
<monster name="Yeti" direction="2" spawntime="60" x="7" y="3"/>
<monster name="Yeti" direction="2" spawntime="60" x="8" y="3"/>
<monster name="Yeti" direction="2" spawntime="60" x="9" y="3"/>
<monster name="Yeti" direction="2" spawntime="60" x="1" y="4"/>
<monster name="Yeti" direction="2" spawntime="60" x="2" y="4"/>
<monster name="Yeti" direction="2" spawntime="60" x="3" y="4"/>
<monster name="Yeti" direction="2" spawntime="60" x="4" y="4"/>
<monster name="Yeti" direction="2" spawntime="60" x="5" y="4"/>
<monster name="Yeti" direction="2" spawntime="60" x="6" y="4"/>
<monster name="Yeti" direction="2" spawntime="60" x="7" y="4"/>
<monster name="Yeti" direction="2" spawntime="60" x="8" y="4"/>
<monster name="Yeti" direction="2" spawntime="60" x="9" y="4"/>
<monster name="Yeti" direction="2" spawntime="60" x="1" y="5"/>
<monster name="Yeti" direction="2" spawntime="60" x="2" y="5"/>
<monster name="Yeti" direction="2" spawntime="60" x="3" y="5"/>
<monster name="Yeti" direction="2" spawntime="60" x="4" y="5"/>
<monster name="Yeti" direction="2" spawntime="60" x="5" y="5"/>
<monster name="Yeti" direction="2" spawntime="60" x="6" y="5"/>
<monster name="Yeti" direction="2" spawntime="60" x="7" y="5"/>
<monster name="Yeti" direction="2" spawntime="60" x="8" y="5"/>
<monster name="Yeti" direction="2" spawntime="60" x="9" y="5"/>
<monster name="Yeti" direction="2" spawntime="60" x="1" y="6"/>
<monster name="Yeti" direction="2" spawntime="60" x="2" y="6"/>
<monster name="Yeti" direction="2" spawntime="60" x="3" y="6"/>
<monster name="Yeti" direction="2" spawntime="60" x="4" y="6"/>
<monster name="Yeti" direction="2" spawntime="60" x="5" y="6"/>
<monster name="Yeti" direction="2" spawntime="60" x="6" y="6"/>
<monster name="Yeti" direction="2" spawntime="60" x="7" y="6"/>
<monster name="Yeti" direction="2" spawntime="60" x="8" y="6"/>
<monster name="Yeti" direction="2" spawntime="60" x="9" y="6"/>
<monster name="Yeti" direction="2" spawntime="60" x="1" y="7"/>
<monster name="Yeti" direction="2" spawntime="60" x="2" y="7"/>
<monster name="Yeti" direction="2" spawntime="60" x="3" y="7"/>
<monster name="Yeti" direction="2" spawntime="60" x="4" y="7"/>
<monster name="Yeti" direction="2" spawntime="60" x="5" y="7"/>
<monster name="Yeti" direction="2" spawntime="60" x="6" y="7"/>
<monster name="Yeti" direction="2" spawntime="60" x="7" y="7"/>
<monster name="Yeti" direction="2" spawntime="60" x="8" y="7"/>
<monster name="Yeti" direction="2" spawntime="60" x="9" y="7"/>
<monster name="Yeti" direction="2" spawntime="60" x="1" y="8"/>
<monster name="Yeti" direction="2" spawntime="60" x="2" y="8"/>
<monster name="Yeti" direction="2" spawntime="60" x="3" y="8"/>
<monster name="Yeti" direction="2" spawntime="60" x="4" y="8"/>
<monster name="Yeti" direction="2" spawntime="60" x="5" y="8"/>
<monster name="Yeti" direction="2" spawntime="60" x="6" y="8"/>
<monster name="Yeti" direction="2" spawntime="60" x="7" y="8"/>
<monster name="Yeti" direction="2" spawntime="60" x="8" y="8"/>
<monster name="Yeti" direction="2" spawntime="60" x="9" y="8"/>
<monster name="Yeti" direction="2" spawntime="60" x="-8" y="0"/>
<monster name="Yeti" direction="2" spawntime="60" x="-7" y="0"/>
<monster name="Yeti" direction="2" spawntime="60" x="-6" y="0"/>
<monster name="Yeti" direction="2" spawntime="60" x="-5" y="0"/>
<monster name="Yeti" direction="2" spawntime="60" x="-4" y="0"/>
<monster name="Yeti" direction="2" spawntime="60" x="-3" y="0"/>
<monster name="Yeti" direction="2" spawntime="60" x="-2" y="0"/>
<monster name="Yeti" direction="2" spawntime="60" x="-1" y="0"/>
<monster name="Yeti" direction="2" spawntime="60" x="0" y="0"/>
<monster name="Yeti" direction="2" spawntime="60" x="-8" y="1"/>
<monster name="Yeti" direction="2" spawntime="60" x="-7" y="1"/>
<monster name="Yeti" direction="2" spawntime="60" x="-6" y="1"/>
<monster name="Yeti" direction="2" spawntime="60" x="-5" y="1"/>
<monster name="Yeti" direction="2" spawntime="60" x="-4" y="1"/>
<monster name="Yeti" direction="2" spawntime="60" x="-3" y="1"/>
<monster name="Yeti" direction="2" spawntime="60" x="-2" y="1"/>
<monster name="Yeti" direction="2" spawntime="60" x="-1" y="1"/>
<monster name="Yeti" direction="2" spawntime="60" x="0" y="1"/>
<monster name="Yeti" direction="2" spawntime="60" x="-8" y="2"/>
<monster name="Yeti" direction="2" spawntime="60" x="-7" y="2"/>
<monster name="Yeti" direction="2" spawntime="60" x="-6" y="2"/>
<monster name="Yeti" direction="2" spawntime="60" x="-5" y="2"/>
<monster name="Yeti" direction="2" spawntime="60" x="-4" y="2"/>
<monster name="Yeti" direction="2" spawntime="60" x="-3" y="2"/>
<monster name="Yeti" direction="2" spawntime="60" x="-2" y="2"/>
<monster name="Yeti" direction="2" spawntime="60" x="-1" y="2"/>
<monster name="Yeti" direction="2" spawntime="60" x="0" y="2"/>
<monster name="Yeti" direction="2" spawntime="60" x="-8" y="3"/>
<monster name="Yeti" direction="2" spawntime="60" x="-7" y="3"/>
<monster name="Yeti" direction="2" spawntime="60" x="-6" y="3"/>
<monster name="Yeti" direction="2" spawntime="60" x="-5" y="3"/>
<monster name="Yeti" direction="2" spawntime="60" x="-4" y="3"/>
<monster name="Yeti" direction="2" spawntime="60" x="-3" y="3"/>
<monster name="Yeti" direction="2" spawntime="60" x="-2" y="3"/>
<monster name="Yeti" direction="2" spawntime="60" x="-1" y="3"/>
<monster name="Yeti" direction="2" spawntime="60" x="0" y="3"/>
<monster name="Yeti" direction="2" spawntime="60" x="-8" y="4"/>
<monster name="Yeti" direction="2" spawntime="60" x="-7" y="4"/>
<monster name="Yeti" direction="2" spawntime="60" x="-6" y="4"/>
<monster name="Yeti" direction="2" spawntime="60" x="-5" y="4"/>
<monster name="Yeti" direction="2" spawntime="60" x="-4" y="4"/>
<monster name="Yeti" direction="2" spawntime="60" x="-3" y="4"/>
<monster name="Yeti" direction="2" spawntime="60" x="-2" y="4"/>
<monster name="Yeti" direction="2" spawntime="60" x="-1" y="4"/>
<monster name="Yeti" direction="2" spawntime="60" x="0" y="4"/>
<monster name="Yeti" direction="2" spawntime="60" x="-8" y="5"/>
<monster name="Yeti" direction="2" spawntime="60" x="-7" y="5"/>
<monster name="Yeti" direction="2" spawntime="60" x="-6" y="5"/>
<monster name="Yeti" direction="2" spawntime="60" x="-5" y="5"/>
<monster name="Yeti" direction="2" spawntime="60" x="-4" y="5"/>
<monster name="Yeti" direction="2" spawntime="60" x="-3" y="5"/>
<monster name="Yeti" direction="2" spawntime="60" x="-2" y="5"/>
<monster name="Yeti" direction="2" spawntime="60" x="-1" y="5"/>
<monster name="Yeti" direction="2" spawntime="60" x="0" y="5"/>
<monster name="Yeti" direction="2" spawntime="60" x="-8" y="6"/>
<monster name="Yeti" direction="2" spawntime="60" x="-7" y="6"/>
<monster name="Yeti" direction="2" spawntime="60" x="-6" y="6"/>
<monster name="Yeti" direction="2" spawntime="60" x="-5" y="6"/>
<monster name="Yeti" direction="2" spawntime="60" x="-4" y="6"/>
<monster name="Yeti" direction="2" spawntime="60" x="-3" y="6"/>
<monster name="Yeti" direction="2" spawntime="60" x="-2" y="6"/>
<monster name="Yeti" direction="2" spawntime="60" x="-1" y="6"/>
<monster name="Yeti" direction="2" spawntime="60" x="0" y="6"/>
<monster name="Yeti" direction="2" spawntime="60" x="-8" y="7"/>
<monster name="Yeti" direction="2" spawntime="60" x="-7" y="7"/>
<monster name="Yeti" direction="2" spawntime="60" x="-6" y="7"/>
<monster name="Yeti" direction="2" spawntime="60" x="-5" y="7"/>
<monster name="Yeti" direction="2" spawntime="60" x="-4" y="7"/>
<monster name="Yeti" direction="2" spawntime="60" x="-3" y="7"/>
<monster name="Yeti" direction="2" spawntime="60" x="-2" y="7"/>
<monster name="Yeti" direction="2" spawntime="60" x="-1" y="7"/>
<monster name="Yeti" direction="2" spawntime="60" x="0" y="7"/>
<monster name="Yeti" direction="2" spawntime="60" x="-8" y="8"/>
<monster name="Yeti" direction="2" spawntime="60" x="-7" y="8"/>
<monster name="Yeti" direction="2" spawntime="60" x="-6" y="8"/>
<monster name="Yeti" direction="2" spawntime="60" x="-5" y="8"/>
<monster name="Yeti" direction="2" spawntime="60" x="-4" y="8"/>
<monster name="Yeti" direction="2" spawntime="60" x="-3" y="8"/>
<monster name="Yeti" direction="2" spawntime="60" x="-2" y="8"/>
<monster name="Yeti" direction="2" spawntime="60" x="-1" y="8"/>
<monster name="Yeti" direction="2" spawntime="60" x="0" y="8"/>
<monster name="Yeti" direction="2" spawntime="60" x="-17" y="-9"/>
<monster name="Yeti" direction="2" spawntime="60" x="-16" y="-9"/>
<monster name="Yeti" direction="2" spawntime="60" x="-15" y="-9"/>
<monster name="Yeti" direction="2" spawntime="60" x="-14" y="-9"/>
<monster name="Yeti" direction="2" spawntime="60" x="-13" y="-9"/>
<monster name="Yeti" direction="2" spawntime="60" x="-12" y="-9"/>
<monster name="Yeti" direction="2" spawntime="60" x="-11" y="-9"/>
<monster name="Yeti" direction="2" spawntime="60" x="-10" y="-9"/>
<monster name="Yeti" direction="2" spawntime="60" x="-18" y="-8"/>
<monster name="Yeti" direction="2" spawntime="60" x="-17" y="-8"/>
<monster name="Yeti" direction="2" spawntime="60" x="-16" y="-8"/>
<monster name="Yeti" direction="2" spawntime="60" x="-15" y="-8"/>
<monster name="Yeti" direction="2" spawntime="60" x="-14" y="-8"/>
<monster name="Yeti" direction="2" spawntime="60" x="-13" y="-8"/>
<monster name="Yeti" direction="2" spawntime="60" x="-12" y="-8"/>
<monster name="Yeti" direction="2" spawntime="60" x="-11" y="-8"/>
<monster name="Yeti" direction="2" spawntime="60" x="-10" y="-8"/>
<monster name="Yeti" direction="2" spawntime="60" x="-18" y="-7"/>
<monster name="Yeti" direction="2" spawntime="60" x="-17" y="-7"/>
<monster name="Yeti" direction="2" spawntime="60" x="-16" y="-7"/>
<monster name="Yeti" direction="2" spawntime="60" x="-15" y="-7"/>
<monster name="Yeti" direction="2" spawntime="60" x="-14" y="-7"/>
<monster name="Yeti" direction="2" spawntime="60" x="-13" y="-7"/>
<monster name="Yeti" direction="2" spawntime="60" x="-12" y="-7"/>
<monster name="Yeti" direction="2" spawntime="60" x="-11" y="-7"/>
<monster name="Yeti" direction="2" spawntime="60" x="-10" y="-7"/>
<monster name="Yeti" direction="2" spawntime="60" x="-18" y="-6"/>
<monster name="Yeti" direction="2" spawntime="60" x="-17" y="-6"/>
<monster name="Yeti" direction="2" spawntime="60" x="-16" y="-6"/>
<monster name="Yeti" direction="2" spawntime="60" x="-15" y="-6"/>
<monster name="Yeti" direction="2" spawntime="60" x="-14" y="-6"/>
<monster name="Yeti" direction="2" spawntime="60" x="-13" y="-6"/>
<monster name="Yeti" direction="2" spawntime="60" x="-12" y="-6"/>
<monster name="Yeti" direction="2" spawntime="60" x="-11" y="-6"/>
<monster name="Yeti" direction="2" spawntime="60" x="-10" y="-6"/>
<monster name="Yeti" direction="2" spawntime="60" x="-18" y="-5"/>
<monster name="Yeti" direction="2" spawntime="60" x="-17" y="-5"/>
<monster name="Yeti" direction="2" spawntime="60" x="-16" y="-5"/>
<monster name="Yeti" direction="2" spawntime="60" x="-15" y="-5"/>
<monster name="Yeti" direction="2" spawntime="60" x="-14" y="-5"/>
<monster name="Yeti" direction="2" spawntime="60" x="-13" y="-5"/>
<monster name="Yeti" direction="2" spawntime="60" x="-12" y="-5"/>
<monster name="Yeti" direction="2" spawntime="60" x="-11" y="-5"/>
<monster name="Yeti" direction="2" spawntime="60" x="-10" y="-5"/>
<monster name="Yeti" direction="2" spawntime="60" x="-18" y="-4"/>
<monster name="Yeti" direction="2" spawntime="60" x="-17" y="-4"/>
<monster name="Yeti" direction="2" spawntime="60" x="-16" y="-4"/>
<monster name="Yeti" direction="2" spawntime="60" x="-15" y="-4"/>
<monster name="Yeti" direction="2" spawntime="60" x="-14" y="-4"/>
<monster name="Yeti" direction="2" spawntime="60" x="-13" y="-4"/>
<monster name="Yeti" direction="2" spawntime="60" x="-12" y="-4"/>
<monster name="Yeti" direction="2" spawntime="60" x="-11" y="-4"/>
<monster name="Yeti" direction="2" spawntime="60" x="-10" y="-4"/>
<monster name="Yeti" direction="2" spawntime="60" x="-18" y="-3"/>
<monster name="Yeti" direction="2" spawntime="60" x="-17" y="-3"/>
<monster name="Yeti" direction="2" spawntime="60" x="-16" y="-3"/>
<monster name="Yeti" direction="2" spawntime="60" x="-15" y="-3"/>
<monster name="Yeti" direction="2" spawntime="60" x="-14" y="-3"/>
<monster name="Yeti" direction="2" spawntime="60" x="-13" y="-3"/>
<monster name="Yeti" direction="2" spawntime="60" x="-12" y="-3"/>
<monster name="Yeti" direction="2" spawntime="60" x="-11" y="-3"/>
<monster name="Yeti" direction="2" spawntime="60" x="-10" y="-3"/>
<monster name="Yeti" direction="2" spawntime="60" x="-18" y="-2"/>
<monster name="Yeti" direction="2" spawntime="60" x="-17" y="-2"/>
<monster name="Yeti" direction="2" spawntime="60" x="-16" y="-2"/>
<monster name="Yeti" direction="2" spawntime="60" x="-15" y="-2"/>
<monster name="Yeti" direction="2" spawntime="60" x="-14" y="-2"/>
<monster name="Yeti" direction="2" spawntime="60" x="-13" y="-2"/>
<monster name="Yeti" direction="2" spawntime="60" x="-12" y="-2"/>
<monster name="Yeti" direction="2" spawntime="60" x="-11" y="-2"/>
<monster name="Yeti" direction="2" spawntime="60" x="-10" y="-2"/>
<monster name="Yeti" direction="2" spawntime="60" x="-18" y="-1"/>
<monster name="Yeti" direction="2" spawntime="60" x="-17" y="-1"/>
<monster name="Yeti" direction="2" spawntime="60" x="-16" y="-1"/>
<monster name="Yeti" direction="2" spawntime="60" x="-15" y="-1"/>
<monster name="Yeti" direction="2" spawntime="60" x="-14" y="-1"/>
<monster name="Yeti" direction="2" spawntime="60" x="-13" y="-1"/>
<monster name="Yeti" direction="2" spawntime="60" x="-12" y="-1"/>
<monster name="Yeti" direction="2" spawntime="60" x="-11" y="-1"/>
<monster name="Yeti" direction="2" spawntime="60" x="-10" y="-1"/>
<monster name="Yeti" direction="2" spawntime="60" x="-9" y="-9"/>
<monster name="Yeti" direction="2" spawntime="60" x="-8" y="-9"/>
<monster name="Yeti" direction="2" spawntime="60" x="-9" y="-8"/>
<monster name="Yeti" direction="2" spawntime="60" x="-8" y="-8"/>
<monster name="Yeti" direction="2" spawntime="60" x="-9" y="-7"/>
<monster name="Yeti" direction="2" spawntime="60" x="-8" y="-7"/>
<monster name="Yeti" direction="2" spawntime="60" x="-9" y="-6"/>
<monster name="Yeti" direction="2" spawntime="60" x="-8" y="-6"/>
<monster name="Yeti" direction="2" spawntime="60" x="-9" y="-5"/>
<monster name="Yeti" direction="2" spawntime="60" x="-8" y="-5"/>
<monster name="Yeti" direction="2" spawntime="60" x="-9" y="-4"/>
<monster name="Yeti" direction="2" spawntime="60" x="-8" y="-4"/>
<monster name="Yeti" direction="2" spawntime="60" x="-9" y="-3"/>
<monster name="Yeti" direction="2" spawntime="60" x="-8" y="-3"/>
<monster name="Yeti" direction="2" spawntime="60" x="-9" y="-2"/>
<monster name="Yeti" direction="2" spawntime="60" x="-8" y="-2"/>
<monster name="Yeti" direction="2" spawntime="60" x="-9" y="-1"/>
<monster name="Yeti" direction="2" spawntime="60" x="-8" y="-1"/>
<monster name="Yeti" direction="2" spawntime="60" x="-14" y="0"/>
<monster name="Yeti" direction="2" spawntime="60" x="-13" y="0"/>
<monster name="Yeti" direction="2" spawntime="60" x="-12" y="0"/>
<monster name="Yeti" direction="2" spawntime="60" x="-11" y="0"/>
<monster name="Yeti" direction="2" spawntime="60" x="-10" y="0"/>
<monster name="Yeti" direction="2" spawntime="60" x="-9" y="0"/>
<monster name="Yeti" direction="2" spawntime="60" x="-17" y="0"/>
<monster name="Yeti" direction="2" spawntime="60" x="-16" y="0"/>
<monster name="Yeti" direction="2" spawntime="60" x="-15" y="0"/>
<monster name="Yeti" direction="2" spawntime="60" x="-17" y="1"/>
<monster name="Yeti" direction="2" spawntime="60" x="-16" y="1"/>
<monster name="Yeti" direction="2" spawntime="60" x="-15" y="1"/>
<monster name="Yeti" direction="2" spawntime="60" x="-14" y="1"/>
<monster name="Yeti" direction="2" spawntime="60" x="-13" y="1"/>
<monster name="Yeti" direction="2" spawntime="60" x="-12" y="1"/>
<monster name="Yeti" direction="2" spawntime="60" x="-11" y="1"/>
<monster name="Yeti" direction="2" spawntime="60" x="-10" y="1"/>
<monster name="Yeti" direction="2" spawntime="60" x="-9" y="1"/>
<monster name="Yeti" direction="2" spawntime="60" x="-17" y="2"/>
<monster name="Yeti" direction="2" spawntime="60" x="-16" y="2"/>
<monster name="Yeti" direction="2" spawntime="60" x="-15" y="2"/>
<monster name="Yeti" direction="2" spawntime="60" x="-14" y="2"/>
<monster name="Yeti" direction="2" spawntime="60" x="-13" y="2"/>
<monster name="Yeti" direction="2" spawntime="60" x="-12" y="2"/>
<monster name="Yeti" direction="2" spawntime="60" x="-11" y="2"/>
<monster name="Yeti" direction="2" spawntime="60" x="-10" y="2"/>
<monster name="Yeti" direction="2" spawntime="60" x="-9" y="2"/>
<monster name="Yeti" direction="2" spawntime="60" x="-17" y="3"/>
<monster name="Yeti" direction="2" spawntime="60" x="-16" y="3"/>
<monster name="Yeti" direction="2" spawntime="60" x="-15" y="3"/>
<monster name="Yeti" direction="2" spawntime="60" x="-14" y="3"/>
<monster name="Yeti" direction="2" spawntime="60" x="-13" y="3"/>
<monster name="Yeti" direction="2" spawntime="60" x="-12" y="3"/>
<monster name="Yeti" direction="2" spawntime="60" x="-11" y="3"/>
<monster name="Yeti" direction="2" spawntime="60" x="-10" y="3"/>
<monster name="Yeti" direction="2" spawntime="60" x="-9" y="3"/>
<monster name="Yeti" direction="2" spawntime="60" x="-17" y="4"/>
<monster name="Yeti" direction="2" spawntime="60" x="-16" y="4"/>
<monster name="Yeti" direction="2" spawntime="60" x="-15" y="4"/>
<monster name="Yeti" direction="2" spawntime="60" x="-14" y="4"/>
<monster name="Yeti" direction="2" spawntime="60" x="-13" y="4"/>
<monster name="Yeti" direction="2" spawntime="60" x="-12" y="4"/>
<monster name="Yeti" direction="2" spawntime="60" x="-11" y="4"/>
<monster name="Yeti" direction="2" spawntime="60" x="-10" y="4"/>
<monster name="Yeti" direction="2" spawntime="60" x="-9" y="4"/>
<monster name="Yeti" direction="2" spawntime="60" x="-17" y="5"/>
<monster name="Yeti" direction="2" spawntime="60" x="-16" y="5"/>
<monster name="Yeti" direction="2" spawntime="60" x="-15" y="5"/>
<monster name="Yeti" direction="2" spawntime="60" x="-14" y="5"/>
<monster name="Yeti" direction="2" spawntime="60" x="-13" y="5"/>
<monster name="Yeti" direction="2" spawntime="60" x="-12" y="5"/>
<monster name="Yeti" direction="2" spawntime="60" x="-11" y="5"/>
<monster name="Yeti" direction="2" spawntime="60" x="-10" y="5"/>
<monster name="Yeti" direction="2" spawntime="60" x="-9" y="5"/>
<monster name="Yeti" direction="2" spawntime="60" x="-17" y="6"/>
<monster name="Yeti" direction="2" spawntime="60" x="-16" y="6"/>
<monster name="Yeti" direction="2" spawntime="60" x="-15" y="6"/>
<monster name="Yeti" direction="2" spawntime="60" x="-14" y="6"/>
<monster name="Yeti" direction="2" spawntime="60" x="-13" y="6"/>
<monster name="Yeti" direction="2" spawntime="60" x="-12" y="6"/>
<monster name="Yeti" direction="2" spawntime="60" x="-11" y="6"/>
<monster name="Yeti" direction="2" spawntime="60" x="-10" y="6"/>
<monster name="Yeti" direction="2" spawntime="60" x="-9" y="6"/>
<monster name="Yeti" direction="2" spawntime="60" x="-17" y="7"/>
<monster name="Yeti" direction="2" spawntime="60" x="-16" y="7"/>
<monster name="Yeti" direction="2" spawntime="60" x="-15" y="7"/>
<monster name="Yeti" direction="2" spawntime="60" x="-14" y="7"/>
<monster name="Yeti" direction="2" spawntime="60" x="-13" y="7"/>
<monster name="Yeti" direction="2" spawntime="60" x="-12" y="7"/>
<monster name="Yeti" direction="2" spawntime="60" x="-11" y="7"/>
<monster name="Yeti" direction="2" spawntime="60" x="-10" y="7"/>
<monster name="Yeti" direction="2" spawntime="60" x="-9" y="7"/>
<monster name="Yeti" direction="2" spawntime="60" x="-19" y="-1"/>
<monster name="Yeti" direction="2" spawntime="60" x="-19" y="0"/>
<monster name="Yeti" direction="2" spawntime="60" x="-18" y="0"/>
<monster name="Yeti" direction="2" spawntime="60" x="-19" y="1"/>
<monster name="Yeti" direction="2" spawntime="60" x="-18" y="1"/>
<monster name="Yeti" direction="2" spawntime="60" x="-19" y="2"/>
<monster name="Yeti" direction="2" spawntime="60" x="-18" y="2"/>
<monster name="Yeti" direction="2" spawntime="60" x="-19" y="3"/>
<monster name="Yeti" direction="2" spawntime="60" x="-18" y="3"/>
<monster name="Yeti" direction="2" spawntime="60" x="-19" y="4"/>
<monster name="Yeti" direction="2" spawntime="60" x="-18" y="4"/>
<monster name="Yeti" direction="2" spawntime="60" x="-19" y="5"/>
<monster name="Yeti" direction="2" spawntime="60" x="-18" y="5"/>
<monster name="Yeti" direction="2" spawntime="60" x="-19" y="6"/>
<monster name="Yeti" direction="2" spawntime="60" x="-18" y="6"/>
<monster name="Yeti" direction="2" spawntime="60" x="-18" y="7"/>
<monster name="Yeti" direction="2" spawntime="60" x="-14" y="8"/>
<monster name="Yeti" direction="2" spawntime="60" x="-13" y="8"/>
<monster name="Yeti" direction="2" spawntime="60" x="-12" y="8"/>
<monster name="Yeti" direction="2" spawntime="60" x="-11" y="8"/>
<monster name="Yeti" direction="2" spawntime="60" x="-10" y="8"/>
<monster name="Yeti" direction="2" spawntime="60" x="-9" y="8"/>
<monster name="Yeti" direction="2" spawntime="60" x="-14" y="9"/>
<monster name="Yeti" direction="2" spawntime="60" x="-13" y="9"/>
<monster name="Yeti" direction="2" spawntime="60" x="-12" y="9"/>
<monster name="Yeti" direction="2" spawntime="60" x="-11" y="9"/>
<monster name="Yeti" direction="2" spawntime="60" x="-10" y="9"/>
<monster name="Yeti" direction="2" spawntime="60" x="-9" y="9"/>
<monster name="Yeti" direction="2" spawntime="60" x="-8" y="9"/>
<monster name="Yeti" direction="2" spawntime="60" x="-7" y="9"/>
<monster name="Yeti" direction="2" spawntime="60" x="-6" y="9"/>
<monster name="Yeti" direction="2" spawntime="60" x="-14" y="10"/>
<monster name="Yeti" direction="2" spawntime="60" x="-13" y="10"/>
<monster name="Yeti" direction="2" spawntime="60" x="-12" y="10"/>
<monster name="Yeti" direction="2" spawntime="60" x="-11" y="10"/>
<monster name="Yeti" direction="2" spawntime="60" x="-10" y="10"/>
<monster name="Yeti" direction="2" spawntime="60" x="-9" y="10"/>
<monster name="Yeti" direction="2" spawntime="60" x="-8" y="10"/>
<monster name="Yeti" direction="2" spawntime="60" x="-7" y="10"/>
<monster name="Yeti" direction="2" spawntime="60" x="-6" y="10"/>
<monster name="Yeti" direction="2" spawntime="60" x="-14" y="11"/>
<monster name="Yeti" direction="2" spawntime="60" x="-13" y="11"/>
<monster name="Yeti" direction="2" spawntime="60" x="-12" y="11"/>
<monster name="Yeti" direction="2" spawntime="60" x="-11" y="11"/>
<monster name="Yeti" direction="2" spawntime="60" x="-10" y="11"/>
<monster name="Yeti" direction="2" spawntime="60" x="-9" y="11"/>
<monster name="Yeti" direction="2" spawntime="60" x="-8" y="11"/>
<monster name="Yeti" direction="2" spawntime="60" x="-7" y="11"/>
<monster name="Yeti" direction="2" spawntime="60" x="-6" y="11"/>
<monster name="Yeti" direction="2" spawntime="60" x="-18" y="8"/>
<monster name="Yeti" direction="2" spawntime="60" x="-17" y="8"/>
<monster name="Yeti" direction="2" spawntime="60" x="-16" y="8"/>
<monster name="Yeti" direction="2" spawntime="60" x="-15" y="8"/>
<monster name="Yeti" direction="2" spawntime="60" x="-17" y="9"/>
<monster name="Yeti" direction="2" spawntime="60" x="-16" y="9"/>
<monster name="Yeti" direction="2" spawntime="60" x="-15" y="9"/>
<monster name="Yeti" direction="2" spawntime="60" x="-17" y="10"/>
<monster name="Yeti" direction="2" spawntime="60" x="-16" y="10"/>
<monster name="Yeti" direction="2" spawntime="60" x="-15" y="10"/>
<monster name="Yeti" direction="2" spawntime="60" x="-16" y="11"/>
<monster name="Yeti" direction="2" spawntime="60" x="-15" y="11"/>
<monster name="Yeti" direction="2" spawntime="60" x="-16" y="12"/>
<monster name="Yeti" direction="2" spawntime="60" x="-15" y="12"/>
<monster name="Yeti" direction="2" spawntime="60" x="-14" y="12"/>
<monster name="Yeti" direction="2" spawntime="60" x="-13" y="12"/>
<monster name="Yeti" direction="2" spawntime="60" x="-12" y="12"/>
<monster name="Yeti" direction="2" spawntime="60" x="-11" y="12"/>
<monster name="Yeti" direction="2" spawntime="60" x="-10" y="12"/>
<monster name="Yeti" direction="2" spawntime="60" x="-5" y="9"/>
<monster name="Yeti" direction="2" spawntime="60" x="-4" y="9"/>
<monster name="Yeti" direction="2" spawntime="60" x="-3" y="9"/>
<monster name="Yeti" direction="2" spawntime="60" x="-2" y="9"/>
<monster name="Yeti" direction="2" spawntime="60" x="-1" y="9"/>
<monster name="Yeti" direction="2" spawntime="60" x="0" y="9"/>
<monster name="Yeti" direction="2" spawntime="60" x="1" y="9"/>
<monster name="Yeti" direction="2" spawntime="60" x="2" y="9"/>
<monster name="Yeti" direction="2" spawntime="60" x="3" y="9"/>
<monster name="Yeti" direction="2" spawntime="60" x="4" y="9"/>
<monster name="Yeti" direction="2" spawntime="60" x="5" y="9"/>
<monster name="Yeti" direction="2" spawntime="60" x="6" y="9"/>
<monster name="Yeti" direction="2" spawntime="60" x="7" y="9"/>
<monster name="Yeti" direction="2" spawntime="60" x="8" y="9"/>
<monster name="Yeti" direction="2" spawntime="60" x="9" y="9"/>
</spawn>
<spawn centerx="129" centery="53" centerz="8" radius="10">
<monster name="Dragon Lord" direction="2" spawntime="60" x="5" y="-1"/>
<monster name="Dragon Lord" direction="2" spawntime="60" x="-3" y="0"/>
<monster name="Dragon Lord" direction="2" spawntime="60" x="-7" y="-4"/>
</spawn>
<spawn centerx="131" centery="37" centerz="9" radius="20">
<monster name="Hydra" direction="2" spawntime="60" x="0" y="-4"/>
<monster name="Hydra" direction="2" spawntime="60" x="9" y="0"/>
<monster name="Hydra" direction="2" spawntime="60" x="-8" y="0"/>
<monster name="Hydra" direction="2" spawntime="60" x="0" y="5"/>
</spawn>
<spawn centerx="118" centery="34" centerz="10" radius="12">
<monster name="Demon" direction="2" spawntime="60" x="7" y="-1"/>
<monster name="Demon" direction="2" spawntime="60" x="2" y="-8"/>
<monster name="Demon" direction="2" spawntime="60" x="-6" y="-1"/>
<monster name="Hydra" direction="2" spawntime="60" x="2" y="10"/>
<monster name="Hydra" direction="2" spawntime="60" x="-12" y="0"/>
</spawn>
<spawn centerx="125" centery="57" centerz="10" radius="15">
<monster name="Demon" direction="2" spawntime="60" x="6" y="-3"/>
<monster name="Demon" direction="2" spawntime="60" x="-5" y="-3"/>
<monster name="Hydra" direction="2" spawntime="60" x="1" y="0"/>
</spawn>
<spawn centerx="90" centery="99" centerz="8" radius="5">
<monster name="Dragon Lord" direction="2" spawntime="60" x="-2" y="-2"/>
<monster name="Dragon Lord" direction="2" spawntime="60" x="5" y="0"/>
</spawn>
<spawn centerx="66" centery="102" centerz="8" radius="5">
<monster name="Dragon Lord" direction="2" spawntime="60" x="1" y="-1"/>
<monster name="Dragon Lord" direction="2" spawntime="60" x="-1" y="4"/>
</spawn>
<spawn centerx="65" centery="120" centerz="8" radius="5">
<monster name="Dragon Lord" direction="2" spawntime="60" x="0" y="-2"/>
</spawn>
<spawn centerx="53" centery="119" centerz="8" radius="5">
<monster name="Dragon Lord" direction="2" spawntime="60" x="0" y="-2"/>
</spawn>
<spawn centerx="54" centery="106" centerz="8" radius="5">
<monster name="Dragon Lord" direction="2" spawntime="60" x="-2" y="-2"/>
<monster name="Dragon Lord" direction="2" spawntime="60" x="-2" y="1"/>
</spawn>
<spawn centerx="29" centery="111" centerz="9" radius="5">
<monster name="Demon" direction="2" spawntime="60" x="0" y="0"/>
</spawn>
<spawn centerx="44" centery="97" centerz="9" radius="5">
<monster name="Demon" direction="2" spawntime="60" x="-2" y="0"/>
</spawn>
<spawn centerx="63" centery="97" centerz="9" radius="5">
<monster name="Demon" direction="2" spawntime="60" x="0" y="0"/>
</spawn>
<spawn centerx="54" centery="81" centerz="9" radius="5">
<monster name="Demon" direction="2" spawntime="60" x="0" y="0"/>
</spawn>
<spawn centerx="40" centery="81" centerz="9" radius="5">
<monster name="Demon" direction="2" spawntime="60" x="0" y="0"/>
</spawn>
<spawn centerx="28" centery="88" centerz="9" radius="5">
<monster name="Demon" direction="2" spawntime="60" x="0" y="0"/>
</spawn>
<spawn centerx="46" centery="106" centerz="10" radius="5">
<monster name="Orshabaal" direction="2" spawntime="60" x="1" y="0"/>
</spawn>
<spawn centerx="36" centery="106" centerz="10" radius="5">
<monster name="Orshabaal" direction="2" spawntime="60" x="2" y="0"/>
</spawn>
<spawn centerx="57" centery="106" centerz="10" radius="5">
<monster name="Orshabaal" direction="2" spawntime="60" x="1" y="0"/>
</spawn>
<spawn centerx="445" centery="70" centerz="8" radius="20">
<monster name="Giant butterfly" direction="2" spawntime="60" x="14" y="3"/>
<monster name="Giant butterfly" direction="2" spawntime="60" x="11" y="10"/>
<monster name="Giant butterfly" direction="2" spawntime="60" x="-4" y="-8"/>
<monster name="Giant butterfly" direction="2" spawntime="60" x="-13" y="-8"/>
<monster name="Giant butterfly" direction="2" spawntime="60" x="-7" y="9"/>
<monster name="Giant butterfly" direction="2" spawntime="60" x="-15" y="3"/>
</spawn>
<spawn centerx="475" centery="67" centerz="8" radius="10">
<monster name="Giant butterfly" direction="2" spawntime="60" x="1" y="-8"/>
<monster name="Giant butterfly" direction="2" spawntime="60" x="-3" y="-1"/>
<monster name="Giant butterfly" direction="2" spawntime="60" x="0" y="9"/>
</spawn>
<spawn centerx="75" centery="109" centerz="7" radius="15">
<monster name="Dragon Lord" direction="2" spawntime="60" x="4" y="7"/>
<monster name="Dragon Lord" direction="2" spawntime="60" x="-8" y="1"/>
<monster name="Dragon Lord" direction="2" spawntime="60" x="0" y="-6"/>
<monster name="Dragon Lord" direction="2" spawntime="60" x="6" y="1"/>
<monster name="Dragon Lord" direction="2" spawntime="60" x="-6" y="8"/>
<monster name="Dragon Lord" direction="2" spawntime="60" x="5" y="-11"/>
</spawn>
<spawn centerx="156" centery="197" centerz="8" radius="10">
<monster name="The Old Widow" direction="2" spawntime="60" x="0" y="3"/>
</spawn>
<spawn centerx="166" centery="186" centerz="8" radius="5">
<monster name="The Old Widow" direction="2" spawntime="60" x="1" y="1"/>
</spawn>
<spawn centerx="147" centery="187" centerz="8" radius="5">
<monster name="The Old Widow" direction="2" spawntime="60" x="-1" y="0"/>
</spawn>
<spawn centerx="206" centery="140" centerz="9" radius="5">
<monster name="Deathslicer" direction="2" spawntime="60" x="0" y="1"/>
<monster name="Deathslicer" direction="2" spawntime="60" x="1" y="-2"/>
<monster name="Deathslicer" direction="2" spawntime="60" x="3" y="0"/>
</spawn>
<spawn centerx="634" centery="476" centerz="8" radius="20">
<monster name="Giant butterfly" direction="2" spawntime="60" x="-11" y="-9"/>
<monster name="Giant butterfly" direction="2" spawntime="60" x="-3" y="-9"/>
<monster name="Giant butterfly" direction="2" spawntime="60" x="10" y="-9"/>
<monster name="Giant butterfly" direction="2" spawntime="60" x="16" y="0"/>
<monster name="Giant butterfly" direction="2" spawntime="60" x="10" y="8"/>
<monster name="Giant butterfly" direction="2" spawntime="60" x="0" y="8"/>
<monster name="Giant butterfly" direction="2" spawntime="60" x="-9" y="8"/>
<monster name="Giant butterfly" direction="2" spawntime="60" x="-18" y="-1"/>
</spawn>
</spawns>
